n = 50000, simulation time = 8.02833 seconds
n = 50000,threads = 1, simulation time = 8.56675 seconds
n = 50000,threads = 2, simulation time = 4.60912 seconds
n = 50000,threads = 4, simulation time = 3.43527 seconds
n = 50000,threads = 6, simulation time = 2.33873 seconds
n = 50000,threads = 12, simulation time = 1.30387 seconds
n = 50000,threads = 18, simulation time = 1.00595 seconds
n = 50000,threads = 24, simulation time = 0.821207 seconds
n = 50000,threads = 32, simulation time = 0.568451 seconds
n = 100000,threads = 2, simulation time = 9.9758 seconds
n = 200000,threads = 4, simulation time = 15.6468 seconds
n = 300000,threads = 6, simulation time = 20.9275 seconds
n = 600000,threads = 12, simulation time = 29.9038 seconds
n = 900000,threads = 18, simulation time = 33.8346 seconds
n = 1200000,threads = 24, simulation time = 36.2064 seconds
n = 1600000,threads = 32, simulation time = 44.0476 seconds

Strong scaling estimates are :
    0.94    1.74    2.34    3.43    6.16    7.98    9.78   14.12 (speedup)
    0.94    0.87    0.58    0.57    0.51    0.44    0.41    0.44 (efficiency)    for
       1       2       4       6      12      18      24      32 threads/processors

Average strong scaling efficiency:    0.60 

Weak scaling estimates are :
    0.94    0.80    0.51    0.38    0.27    0.24    0.22    0.18 (efficiency)    for
       1       2       4       6      12      18      24      32 threads/processors

Average weak scaling efficiency:    0.44 

