n = 50000, simulation time = 7.7518 seconds
n = 50000, simulation time = 8.98041 seconds
n = 50000, simulation time = 4.6121 seconds
n = 50000, simulation time = 2.20884 seconds
n = 50000, simulation time = 1.55112 seconds
n = 50000, simulation time = 0.756491 seconds
n = 50000, simulation time = 0.582396 seconds
n = 50000, simulation time = 0.40213 seconds
n = 50000, simulation time = 0.302449 seconds
n = 100000, simulation time = 9.68928 seconds
n = 200000, simulation time = 10.2029 seconds
n = 300000, simulation time = 10.2911 seconds
n = 600000, simulation time = 10.9062 seconds
n = 800000, simulation time = 11.0597 seconds
n = 1200000, simulation time = 11.2602 seconds
n = 1600000, simulation time = 11.2138 seconds

Strong scaling estimates are :
    0.86    1.68    3.51    5.00   10.25   13.31   19.28   25.63 (speedup)
    0.86    0.84    0.88    0.83    0.85    0.83    0.80    0.80 (efficiency)    for
       1       2       4       6      12      16      24      32 threads/processors

Average strong scaling efficiency:    0.84 

Weak scaling estimates are :
    0.86    0.80    0.76    0.75    0.71    0.70    0.69    0.69 (efficiency)    for
       1       2       4       6      12      16      24      32 threads/processors

Average weak scaling efficiency:    0.75 

