0.0707107
0.0078125
0.0707076
0.015625
0.0706986
0.0234375
0.0706836
0.03125
0.0706625
0.0390625
0.0706354
0.046875
0.0706024
0.0546875
0.0705633
0.0625
0.0705182
0.0703125
0.0704671
0.078125
0.07041
0.0859375
0.070347
0.09375
0.070278
0.101562
0.070203
0.109375
0.0701221
0.117188
0.0700352
0.125
0.0699424
0.132812
0.0698437
0.140625
0.0697391
0.148438
0.0696286
0.15625
0.0695122
0.164062
0.06939
0.171875
0.0692619
0.179688
0.069128
0.1875
0.0689883
0.195312
0.0688428
0.203125
0.0686915
0.210938
0.0685345
0.21875
0.0683718
0.226562
0.0682034
0.234375
0.0680292
0.242188
0.0678495
0.25
0.067664
0.257812
0.067473
0.265625
0.0672764
0.273438
0.0670742
0.28125
0.0668665
0.289062
0.0666533
0.296875
0.0664346
0.304688
0.0662105
0.3125
0.0659809
0.320312
0.065746
0.328125
0.0655057
0.335938
0.06526
0.34375
0.0650091
0.351562
0.064753
0.359375
0.0644916
0.367188
0.064225
0.375
0.0639532
0.382812
0.0636764
0.390625
0.0633944
0.398438
0.0631074
0.40625
0.0628154
0.414062
0.0625185
0.421875
0.0622166
0.429688
0.0619098
0.4375
0.0615982
0.445312
0.0612817
0.453125
0.0609605
0.460938
0.0606346
0.46875
0.060304
0.476562
0.0599688
0.484375
0.0596289
0.492188
0.0592845
0.5
0.0589356
0.507812
0.0585823
0.515625
0.0582245
0.523438
0.0578624
0.53125
0.057496
0.539062
0.0571252
0.546875
0.0567503
0.554688
0.0563712
0.5625
0.055988
0.570312
0.0556007
0.578125
0.0552094
0.585938
0.0548141
0.59375
0.0544148
0.601562
0.0540118
0.609375
0.0536049
0.617188
0.0531942
0.625
0.0527798
0.632812
0.0523618
0.640625
0.0519402
0.648438
0.051515
0.65625
0.0510863
0.664062
0.0506542
0.671875
0.0502187
0.679688
0.0497799
0.6875
0.0493378
0.695312
0.0488926
0.703125
0.0484441
0.710938
0.0479926
0.71875
0.047538
0.726562
0.0470804
0.734375
0.0466199
0.742188
0.0461566
0.75
0.0456905
0.757812
0.0452216
0.765625
0.04475
0.773438
0.0442758
0.78125
M = 8simulation time = 44.0436
