rm: cannot remove 'mpi.txt': No such file or directory
0.499842
0.0625
0.490271
0.125
0.476399
0.1875
0.45502
0.25
0.425574
0.3125
0.389658
0.375
0.348405
0.4375
0.303251
0.5
0.255526
0.5625
0.207086
0.625
0.159031
0.6875
0.112896
0.75
0.0700873
0.8125
0.0329046
0.875
0.0175122
0.9375
0.039452
1
0.0626693
1.0625
0.0798858
1.125
0.0923732
1.1875
0.0996992
1.25
0.102289
1.3125
0.10069
1.375
0.0955374
1.4375
0.087672
1.5
0.0776194
1.5625
0.0661967
1.625
0.0543107
1.6875
0.0426627
1.75
0.0319384
1.8125
0.0233143
1.875
0.0181975
1.9375
0.0179913
2
0.0208079
2.0625
0.0241682
2.125
0.027065
2.1875
0.0290416
2.25
0.0299215
2.3125
0.0297184
2.375
0.0286476
2.4375
0.0269096
2.5
0.0247606
2.5625
0.0224376
2.625
0.0202887
2.6875
0.0184884
2.75
0.0173477
2.8125
0.0167738
2.875
0.0168417
2.9375
0.0173626
3
0.0180616
3.0625
0.0187493
3.125
0.0192489
3.1875
0.0197083
3.25
0.0198284
3.3125
0.0198004
3.375
0.0196258
3.4375
0.0193148
3.5
0.018904
3.5625
0.0183902
3.625
0.0179945
3.6875
0.0175818
3.75
0.0172716
3.8125
0.0169923
3.875
0.0168193
3.9375
0.0166807
4
0.0167046
4.0625
0.0165804
4.125
0.0166041
4.1875
0.0165581
4.25
0.0165791
4.3125
0.0165908
4.375
0.0165881
4.4375
0.0166571
4.5
0.0166827
4.5625
0.0166627
4.625
0.0167415
4.6875
0.0167772
4.75
0.0168318
4.8125
0.0168776
4.875
0.0169317
4.9375
0.0170659
5
0.0171181
5.0625
0.0170435
5.125
0.0170877
5.1875
0.0171106
5.25
0.0170471
5.3125
0.0170253
5.375
0.0170201
5.4375
0.0170254
5.5
0.0173865
5.5625
0.0171002
5.625
0.0170154
5.6875
0.0170652
5.75
0.017001
5.8125
0.0170378
5.875
0.0169116
5.9375
0.0169309
6
0.0168958
6.0625
0.0169529
6.125
0.0169901
6.1875
0.0169861
6.25
0.0169952
6.3125
0.0169308
6.375
0.0169125
6.4375
0.0169056
6.5
0.0169536
6.5625
0.0169851
6.625
0.0170276
6.6875
0.0170743
6.75
0.0171272
6.8125
0.0170658
6.875
0.0171003
slurmstepd: error: *** STEP 11880328.0 ON nid12698 CANCELLED AT 2018-04-25T18:29:24 DUE TO TIME LIMIT ***
srun: got SIGCONT
srun: forcing job termination
