0.233604
0.25
0.191443
0.5
0.136811
0.75
0.0842563
1
0.0890542
1.25
0.0883452
1.5
0.0863501
1.75
0.0785801
2
0.0766662
2.25
0.0750396
2.5
0.0799198
2.75
0.0765154
3
0.0813277
3.25
0.0780643
3.5
0.0760766
3.75
0.0758974
4
0.0794842
4.25
0.0754495
4.5
0.076428
4.75
0.0750067
5
0.0813788
5.25
0.0844979
5.5
0.0865191
5.75
0.0945774
6
0.0960605
6.25
0.091281
6.5
0.0944413
6.75
0.0989872
7
0.102392
7.25
0.10054
7.5
0.12382
7.75
0.217845
8
0.368868
8.25
0.434602
8.5
0.422403
8.75
0.370936
9
0.333685
9.25
0.330003
9.5
0.333216
9.75
0.336371
10
0.335213
10.25
0.33439
10.5
0.329831
10.75
0.330017
11
0.329163
11.25
0.323027
11.5
0.317771
11.75
0.317515
12
0.323554
12.25
0.334251
12.5
0.353938
12.75
0.3897
13
0.438108
13.25
0.503078
13.5
0.577836
13.75
0.654264
14
0.733377
14.25
0.802851
14.5
0.830275
14.75
0.802265
15
0.75595
15.25
0.885162
15.5
1.26489
15.75
1.63887
16
1.75991
16.25
1.55825
16.5
1.17277
16.75
0.993558
17
1.17242
17.25
1.32846
17.5
1.25044
17.75
0.963265
18
0.597145
18.25
0.305151
18.5
0.184212
18.75
0.197878
19
0.210457
19.25
0.232911
19.5
0.25718
19.75
0.294941
20
0.335195
20.25
0.348103
20.5
0.347811
20.75
0.36214
21
0.396259
21.25
0.436263
21.5
0.479932
21.75
0.499706
22
0.492612
22.25
0.460586
22.5
0.397853
22.75
0.318735
23
0.28164
23.25
0.333677
23.5
0.378693
23.75
0.38289
24
0.362885
24.25
0.339049
24.5
0.324269
24.75
0.288335
25
0.250566
25.25
0.323915
25.5
0.443906
25.75
0.502195
26
0.457518
26.25
0.354444
26.5
0.25886
26.75
0.202615
27
0.203936
27.25
0.249347
27.5
0.268132
27.75
0.262099
28
0.246462
28.25
0.211473
28.5
0.193797
28.75
0.180867
29
0.177563
29.25
0.232158
29.5
0.296735
29.75
0.342713
30
