0.233604
0.25
0.191444
0.5
0.136805
0.75
0.0842153
1
0.0878086
1.25
0.0883666
1.5
0.0863964
1.75
0.0786253
2
0.07671
2.25
0.0750679
2.5
0.079913
2.75
0.0764698
3
0.0812708
3.25
0.0773178
3.5
0.0760822
3.75
0.0764004
4
0.0793652
4.25
0.0752369
4.5
0.0761659
4.75
0.075447
5
0.0815373
5.25
0.0843472
5.5
0.0864265
5.75
0.093329
6
0.0961476
6.25
0.0907449
6.5
0.0944349
6.75
0.0990517
7
0.102485
7.25
0.100576
7.5
0.123197
7.75
0.218057
8
0.369075
8.25
0.434707
8.5
0.42226
8.75
0.37055
9
0.333055
9.25
0.329727
9.5
0.333198
9.75
0.336555
10
0.335521
10.25
0.334711
10.5
0.329991
10.75
0.329957
11
0.329039
11.25
0.323053
11.5
0.318074
11.75
0.318011
12
0.323926
12.25
0.334363
12.5
0.353822
12.75
0.389438
13
0.437692
13.25
0.502617
13.5
0.577127
13.75
0.65369
14
0.733114
14.25
0.802782
14.5
0.830072
14.75
0.801512
15
0.754483
15.25
0.884185
15.5
1.26492
15.75
1.63931
16
1.76036
16.25
1.55824
16.5
1.17285
16.75
0.99244
17
1.17081
17.25
1.32733
17.5
1.25019
17.75
0.96485
18
0.597047
18.25
0.305034
18.5
0.183146
18.75
0.196132
19
0.210712
19.25
0.232827
19.5
0.257473
19.75
0.29608
20
0.336103
20.25
0.349135
20.5
0.348166
20.75
0.362137
21
0.396273
21.25
0.436758
21.5
0.479659
21.75
0.498873
22
0.49191
22.25
0.460168
22.5
0.397963
22.75
0.319025
23
0.282112
23.25
0.335024
23.5
0.379976
23.75
0.382849
24
0.363921
24.25
0.337664
24.5
0.322798
24.75
0.289512
25
0.250352
25.25
0.32276
25.5
0.442118
25.75
0.505099
26
0.457381
26.25
0.351541
26.5
0.258448
26.75
0.204143
27
0.205005
27.25
0.246884
27.5
0.271942
27.75
0.263456
28
0.24633
28.25
0.213703
28.5
0.19526
28.75
0.181314
29
0.178366
29.25
0.23454
29.5
0.29342
29.75
0.347401
30
