0.233604
0.25
0.19498
0.5
0.14655
0.75
0.0891828
1
0.0933584
1.25
0.0932822
1.5
0.0883954
1.75
0.0843108
2
0.0792325
2.25
0.0806889
2.5
0.0843544
2.75
0.0819883
3
0.0854948
3.25
0.0817619
3.5
0.0798458
3.75
0.0799352
4
0.0831876
4.25
0.079094
4.5
0.0812892
4.75
0.0811859
5
0.0832479
5.25
0.0816165
5.5
0.0881333
5.75
0.0956594
6
0.0962902
6.25
0.0946044
6.5
0.102751
6.75
0.108892
7
0.111408
7.25
0.111561
7.5
0.132441
7.75
0.235669
8
0.399503
8.25
0.475169
8.5
0.46189
8.75
0.406184
9
0.362447
9.25
0.353229
9.5
0.354388
9.75
0.354741
10
0.350889
10.25
0.347852
10.5
0.340828
10.75
0.339161
11
0.336064
11.25
0.328697
11.5
0.323989
11.75
0.325169
12
0.333481
12.25
0.346276
12.5
0.366916
12.75
0.40279
13
0.451293
13.25
0.520564
13.5
0.60074
13.75
0.689998
14
0.785922
14.25
0.872339
14.5
0.912473
14.75
0.878468
15
0.78815
15.25
0.84548
15.5
1.188
15.75
1.56452
16
1.68516
16.25
1.49126
16.5
1.13312
16.75
0.991657
17
1.18408
17.25
1.33896
17.5
1.24961
17.75
0.952629
18
0.583609
18.25
0.29052
18.5
0.191983
18.75
0.214861
19
0.235192
19.25
0.253686
19.5
0.254657
19.75
0.287645
20
0.339114
20.25
0.363928
20.5
0.367531
20.75
0.361238
21
0.371882
21.25
0.40585
21.5
0.449699
21.75
0.466347
22
0.467065
22.25
0.452449
22.5
0.396756
22.75
0.312268
23
0.25877
23.25
0.296948
23.5
0.344306
23.75
0.35347
24
0.342695
24.25
0.355312
24.5
0.36805
24.75
0.329921
25
0.318539
25.25
0.427987
25.5
0.539167
25.75
0.566523
26
0.522989
26.25
0.40985
26.5
0.309596
26.75
0.270494
27
0.300395
27.25
0.336404
27.5
0.343529
27.75
0.321418
28
0.299692
28.25
0.267154
28.5
0.238812
28.75
0.212838
29
0.222606
29.25
0.265072
29.5
0.320609
29.75
0.3527
30
