rm: cannot remove 'mpi.txt': No such file or directory
Made it to scatter
Made it past Scatter
strength= 2.76946e-08, x= 0, v=-0.5625, E=0,  
strength= 2.75942e-08, x= 0.0625, v=-0.5625, E=0,  
strength= 2.73083e-08, x= 0.125, v=-0.5625, E=0,  
strength= 2.68805e-08, x= 0.1875, v=-0.5625, E=0,  
strength= 2.63758e-08, x= 0.25, v=-0.5625, E=0,  
strength= 2.58711e-08, x= 0.3125, v=-0.5625, E=0,  
strength= 2.54433e-08, x= 0.375, v=-0.5625, E=0,  
strength= 2.51574e-08, x= 0.4375, v=-0.5625, E=0,  
strength= 2.5057e-08, x= 0.5, v=-0.5625, E=0,  
strength= 2.51574e-08, x= 0.5625, v=-0.5625, E=0,  
strength= 2.54433e-08, x= 0.625, v=-0.5625, E=0,  
strength= 2.58711e-08, x= 0.6875, v=-0.5625, E=0,  
strength= 2.63758e-08, x= 0.75, v=-0.5625, E=0,  
strength= 2.68805e-08, x= 0.8125, v=-0.5625, E=0,  
strength= 2.73083e-08, x= 0.875, v=-0.5625, E=0,  
strength= 2.75942e-08, x= 0.9375, v=-0.5625, E=0,  
strength= 7.66281e-07, x= 0, v=-0.5, E=0,  
strength= 7.63504e-07, x= 0.0625, v=-0.5, E=0,  
strength= 7.55594e-07, x= 0.125, v=-0.5, E=0,  
strength= 7.43756e-07, x= 0.1875, v=-0.5, E=0,  
strength= 7.29792e-07, x= 0.25, v=-0.5, E=0,  
strength= 7.15828e-07, x= 0.3125, v=-0.5, E=0,  
strength= 7.0399e-07, x= 0.375, v=-0.5, E=0,  
strength= 6.9608e-07, x= 0.4375, v=-0.5, E=0,  
strength= 6.93302e-07, x= 0.5, v=-0.5, E=0,  
strength= 6.9608e-07, x= 0.5625, v=-0.5, E=0,  
strength= 7.0399e-07, x= 0.625, v=-0.5, E=0,  
strength= 7.15828e-07, x= 0.6875, v=-0.5, E=0,  
strength= 7.29792e-07, x= 0.75, v=-0.5, E=0,  
strength= 7.43756e-07, x= 0.8125, v=-0.5, E=0,  
strength= 7.55594e-07, x= 0.875, v=-0.5, E=0,  
strength= 7.63504e-07, x= 0.9375, v=-0.5, E=0,  
strength= 1.43461e-05, x= 0, v=-0.4375, E=0,  
strength= 1.42941e-05, x= 0.0625, v=-0.4375, E=0,  
strength= 1.41461e-05, x= 0.125, v=-0.4375, E=0,  
strength= 1.39244e-05, x= 0.1875, v=-0.4375, E=0,  
strength= 1.3663e-05, x= 0.25, v=-0.4375, E=0,  
strength= 1.34016e-05, x= 0.3125, v=-0.4375, E=0,  
strength= 1.31799e-05, x= 0.375, v=-0.4375, E=0,  
strength= 1.30319e-05, x= 0.4375, v=-0.4375, E=0,  
strength= 1.29798e-05, x= 0.5, v=-0.4375, E=0,  
strength= 1.30319e-05, x= 0.5625, v=-0.4375, E=0,  
strength= 1.31799e-05, x= 0.625, v=-0.4375, E=0,  
strength= 1.34016e-05, x= 0.6875, v=-0.4375, E=0,  
strength= 1.3663e-05, x= 0.75, v=-0.4375, E=0,  
strength= 1.39244e-05, x= 0.8125, v=-0.4375, E=0,  
strength= 1.41461e-05, x= 0.875, v=-0.4375, E=0,  
strength= 1.42941e-05, x= 0.9375, v=-0.4375, E=0,  
strength= 0.000181734, x= 0, v=-0.375, E=0,  
strength= 0.000181075, x= 0.0625, v=-0.375, E=0,  
strength= 0.000179199, x= 0.125, v=-0.375, E=0,  
strength= 0.000176392, x= 0.1875, v=-0.375, E=0,  
strength= 0.00017308, x= 0.25, v=-0.375, E=0,  
strength= 0.000169768, x= 0.3125, v=-0.375, E=0,  
strength= 0.000166961, x= 0.375, v=-0.375, E=0,  
strength= 0.000165085, x= 0.4375, v=-0.375, E=0,  
strength= 0.000164426, x= 0.5, v=-0.375, E=0,  
strength= 0.000165085, x= 0.5625, v=-0.375, E=0,  
strength= 0.000166961, x= 0.625, v=-0.375, E=0,  
strength= 0.000169768, x= 0.6875, v=-0.375, E=0,  
strength= 0.00017308, x= 0.75, v=-0.375, E=0,  
strength= 0.000176392, x= 0.8125, v=-0.375, E=0,  
strength= 0.000179199, x= 0.875, v=-0.375, E=0,  
strength= 0.000181075, x= 0.9375, v=-0.375, E=0,  
strength= 0.00155772, x= 0, v=-0.3125, E=0,  
strength= 0.00155208, x= 0.0625, v=-0.3125, E=0,  
strength= 0.001536, x= 0.125, v=-0.3125, E=0,  
strength= 0.00151193, x= 0.1875, v=-0.3125, E=0,  
strength= 0.00148355, x= 0.25, v=-0.3125, E=0,  
strength= 0.00145516, x= 0.3125, v=-0.3125, E=0,  
strength= 0.0014311, x= 0.375, v=-0.3125, E=0,  
strength= 0.00141502, x= 0.4375, v=-0.3125, E=0,  
strength= 0.00140937, x= 0.5, v=-0.3125, E=0,  
strength= 0.00141502, x= 0.5625, v=-0.3125, E=0,  
strength= 0.0014311, x= 0.625, v=-0.3125, E=0,  
strength= 0.00145516, x= 0.6875, v=-0.3125, E=0,  
strength= 0.00148355, x= 0.75, v=-0.3125, E=0,  
strength= 0.00151193, x= 0.8125, v=-0.3125, E=0,  
strength= 0.001536, x= 0.875, v=-0.3125, E=0,  
strength= 0.00155208, x= 0.9375, v=-0.3125, E=0,  
strength= 0.00903439, x= 0, v=-0.25, E=0,  
strength= 0.00900165, x= 0.0625, v=-0.25, E=0,  
strength= 0.00890839, x= 0.125, v=-0.25, E=0,  
strength= 0.00876882, x= 0.1875, v=-0.25, E=0,  
strength= 0.00860418, x= 0.25, v=-0.25, E=0,  
strength= 0.00843955, x= 0.3125, v=-0.25, E=0,  
strength= 0.00829998, x= 0.375, v=-0.25, E=0,  
strength= 0.00820672, x= 0.4375, v=-0.25, E=0,  
strength= 0.00817398, x= 0.5, v=-0.25, E=0,  
strength= 0.00820672, x= 0.5625, v=-0.25, E=0,  
strength= 0.00829998, x= 0.625, v=-0.25, E=0,  
strength= 0.00843955, x= 0.6875, v=-0.25, E=0,  
strength= 0.00860418, x= 0.75, v=-0.25, E=0,  
strength= 0.00876882, x= 0.8125, v=-0.25, E=0,  
strength= 0.00890839, x= 0.875, v=-0.25, E=0,  
strength= 0.00900165, x= 0.9375, v=-0.25, E=0,  
strength= 0.0354537, x= 0, v=-0.1875, E=0,  
strength= 0.0353251, x= 0.0625, v=-0.1875, E=0,  
strength= 0.0349592, x= 0.125, v=-0.1875, E=0,  
strength= 0.0344115, x= 0.1875, v=-0.1875, E=0,  
strength= 0.0337654, x= 0.25, v=-0.1875, E=0,  
strength= 0.0331193, x= 0.3125, v=-0.1875, E=0,  
strength= 0.0325716, x= 0.375, v=-0.1875, E=0,  
strength= 0.0322056, x= 0.4375, v=-0.1875, E=0,  
strength= 0.0320771, x= 0.5, v=-0.1875, E=0,  
strength= 0.0322056, x= 0.5625, v=-0.1875, E=0,  
strength= 0.0325716, x= 0.625, v=-0.1875, E=0,  
strength= 0.0331193, x= 0.6875, v=-0.1875, E=0,  
strength= 0.0337654, x= 0.75, v=-0.1875, E=0,  
strength= 0.0344115, x= 0.8125, v=-0.1875, E=0,  
strength= 0.0349592, x= 0.875, v=-0.1875, E=0,  
strength= 0.0353251, x= 0.9375, v=-0.1875, E=0,  
strength= 0.0941405, x= 0, v=-0.125, E=0,  
strength= 0.0937993, x= 0.0625, v=-0.125, E=0,  
strength= 0.0928275, x= 0.125, v=-0.125, E=0,  
strength= 0.0913732, x= 0.1875, v=-0.125, E=0,  
strength= 0.0896577, x= 0.25, v=-0.125, E=0,  
strength= 0.0879421, x= 0.3125, v=-0.125, E=0,  
strength= 0.0864878, x= 0.375, v=-0.125, E=0,  
strength= 0.085516, x= 0.4375, v=-0.125, E=0,  
strength= 0.0851748, x= 0.5, v=-0.125, E=0,  
strength= 0.085516, x= 0.5625, v=-0.125, E=0,  
strength= 0.0864878, x= 0.625, v=-0.125, E=0,  
strength= 0.0879421, x= 0.6875, v=-0.125, E=0,  
strength= 0.0896577, x= 0.75, v=-0.125, E=0,  
strength= 0.0913732, x= 0.8125, v=-0.125, E=0,  
strength= 0.0928275, x= 0.875, v=-0.125, E=0,  
strength= 0.0937993, x= 0.9375, v=-0.125, E=0,  
strength= 0.16914, x= 0, v=-0.0625, E=0,  
strength= 0.168527, x= 0.0625, v=-0.0625, E=0,  
strength= 0.166781, x= 0.125, v=-0.0625, E=0,  
strength= 0.164168, x= 0.1875, v=-0.0625, E=0,  
strength= 0.161086, x= 0.25, v=-0.0625, E=0,  
strength= 0.158003, x= 0.3125, v=-0.0625, E=0,  
strength= 0.15539, x= 0.375, v=-0.0625, E=0,  
strength= 0.153644, x= 0.4375, v=-0.0625, E=0,  
strength= 0.153031, x= 0.5, v=-0.0625, E=0,  
strength= 0.153644, x= 0.5625, v=-0.0625, E=0,  
strength= 0.15539, x= 0.625, v=-0.0625, E=0,  
strength= 0.158003, x= 0.6875, v=-0.0625, E=0,  
strength= 0.161086, x= 0.75, v=-0.0625, E=0,  
strength= 0.164168, x= 0.8125, v=-0.0625, E=0,  
strength= 0.166781, x= 0.875, v=-0.0625, E=0,  
strength= 0.168527, x= 0.9375, v=-0.0625, E=0,  
strength= 0.205622, x= 0, v=0, E=0,  
strength= 0.204877, x= 0.0625, v=0, E=0,  
strength= 0.202754, x= 0.125, v=0, E=0,  
strength= 0.199577, x= 0.1875, v=0, E=0,  
strength= 0.19583, x= 0.25, v=0, E=0,  
strength= 0.192083, x= 0.3125, v=0, E=0,  
strength= 0.188907, x= 0.375, v=0, E=0,  
strength= 0.186784, x= 0.4375, v=0, E=0,  
strength= 0.186039, x= 0.5, v=0, E=0,  
strength= 0.186784, x= 0.5625, v=0, E=0,  
strength= 0.188907, x= 0.625, v=0, E=0,  
strength= 0.192083, x= 0.6875, v=0, E=0,  
strength= 0.19583, x= 0.75, v=0, E=0,  
strength= 0.199577, x= 0.8125, v=0, E=0,  
strength= 0.202754, x= 0.875, v=0, E=0,  
strength= 0.204877, x= 0.9375, v=0, E=0,  
strength= 0.16914, x= 0, v=0.0625, E=0,  
strength= 0.168527, x= 0.0625, v=0.0625, E=0,  
strength= 0.166781, x= 0.125, v=0.0625, E=0,  
strength= 0.164168, x= 0.1875, v=0.0625, E=0,  
strength= 0.161086, x= 0.25, v=0.0625, E=0,  
strength= 0.158003, x= 0.3125, v=0.0625, E=0,  
strength= 0.15539, x= 0.375, v=0.0625, E=0,  
strength= 0.153644, x= 0.4375, v=0.0625, E=0,  
strength= 0.153031, x= 0.5, v=0.0625, E=0,  
strength= 0.153644, x= 0.5625, v=0.0625, E=0,  
strength= 0.15539, x= 0.625, v=0.0625, E=0,  
strength= 0.158003, x= 0.6875, v=0.0625, E=0,  
strength= 0.161086, x= 0.75, v=0.0625, E=0,  
strength= 0.164168, x= 0.8125, v=0.0625, E=0,  
strength= 0.166781, x= 0.875, v=0.0625, E=0,  
strength= 0.168527, x= 0.9375, v=0.0625, E=0,  
strength= 0.0941405, x= 0, v=0.125, E=0,  
strength= 0.0937993, x= 0.0625, v=0.125, E=0,  
strength= 0.0928275, x= 0.125, v=0.125, E=0,  
strength= 0.0913732, x= 0.1875, v=0.125, E=0,  
strength= 0.0896577, x= 0.25, v=0.125, E=0,  
strength= 0.0879421, x= 0.3125, v=0.125, E=0,  
strength= 0.0864878, x= 0.375, v=0.125, E=0,  
strength= 0.085516, x= 0.4375, v=0.125, E=0,  
strength= 0.0851748, x= 0.5, v=0.125, E=0,  
strength= 0.085516, x= 0.5625, v=0.125, E=0,  
strength= 0.0864878, x= 0.625, v=0.125, E=0,  
strength= 0.0879421, x= 0.6875, v=0.125, E=0,  
strength= 0.0896577, x= 0.75, v=0.125, E=0,  
strength= 0.0913732, x= 0.8125, v=0.125, E=0,  
strength= 0.0928275, x= 0.875, v=0.125, E=0,  
strength= 0.0937993, x= 0.9375, v=0.125, E=0,  
strength= 0.0354537, x= 0, v=0.1875, E=0,  
strength= 0.0353251, x= 0.0625, v=0.1875, E=0,  
strength= 0.0349592, x= 0.125, v=0.1875, E=0,  
strength= 0.0344115, x= 0.1875, v=0.1875, E=0,  
strength= 0.0337654, x= 0.25, v=0.1875, E=0,  
strength= 0.0331193, x= 0.3125, v=0.1875, E=0,  
strength= 0.0325716, x= 0.375, v=0.1875, E=0,  
strength= 0.0322056, x= 0.4375, v=0.1875, E=0,  
strength= 0.0320771, x= 0.5, v=0.1875, E=0,  
strength= 0.0322056, x= 0.5625, v=0.1875, E=0,  
strength= 0.0325716, x= 0.625, v=0.1875, E=0,  
strength= 0.0331193, x= 0.6875, v=0.1875, E=0,  
strength= 0.0337654, x= 0.75, v=0.1875, E=0,  
strength= 0.0344115, x= 0.8125, v=0.1875, E=0,  
strength= 0.0349592, x= 0.875, v=0.1875, E=0,  
strength= 0.0353251, x= 0.9375, v=0.1875, E=0,  
strength= 0.00903439, x= 0, v=0.25, E=0,  
strength= 0.00900165, x= 0.0625, v=0.25, E=0,  
strength= 0.00890839, x= 0.125, v=0.25, E=0,  
strength= 0.00876882, x= 0.1875, v=0.25, E=0,  
strength= 0.00860418, x= 0.25, v=0.25, E=0,  
strength= 0.00843955, x= 0.3125, v=0.25, E=0,  
strength= 0.00829998, x= 0.375, v=0.25, E=0,  
strength= 0.00820672, x= 0.4375, v=0.25, E=0,  
strength= 0.00817398, x= 0.5, v=0.25, E=0,  
strength= 0.00820672, x= 0.5625, v=0.25, E=0,  
strength= 0.00829998, x= 0.625, v=0.25, E=0,  
strength= 0.00843955, x= 0.6875, v=0.25, E=0,  
strength= 0.00860418, x= 0.75, v=0.25, E=0,  
strength= 0.00876882, x= 0.8125, v=0.25, E=0,  
strength= 0.00890839, x= 0.875, v=0.25, E=0,  
strength= 0.00900165, x= 0.9375, v=0.25, E=0,  
strength= 0.00155772, x= 0, v=0.3125, E=0,  
strength= 0.00155208, x= 0.0625, v=0.3125, E=0,  
strength= 0.001536, x= 0.125, v=0.3125, E=0,  
strength= 0.00151193, x= 0.1875, v=0.3125, E=0,  
strength= 0.00148355, x= 0.25, v=0.3125, E=0,  
strength= 0.00145516, x= 0.3125, v=0.3125, E=0,  
strength= 0.0014311, x= 0.375, v=0.3125, E=0,  
strength= 0.00141502, x= 0.4375, v=0.3125, E=0,  
strength= 0.00140937, x= 0.5, v=0.3125, E=0,  
strength= 0.00141502, x= 0.5625, v=0.3125, E=0,  
strength= 0.0014311, x= 0.625, v=0.3125, E=0,  
strength= 0.00145516, x= 0.6875, v=0.3125, E=0,  
strength= 0.00148355, x= 0.75, v=0.3125, E=0,  
strength= 0.00151193, x= 0.8125, v=0.3125, E=0,  
strength= 0.001536, x= 0.875, v=0.3125, E=0,  
strength= 0.00155208, x= 0.9375, v=0.3125, E=0,  
strength= 0.000181734, x= 0, v=0.375, E=0,  
strength= 0.000181075, x= 0.0625, v=0.375, E=0,  
strength= 0.000179199, x= 0.125, v=0.375, E=0,  
strength= 0.000176392, x= 0.1875, v=0.375, E=0,  
strength= 0.00017308, x= 0.25, v=0.375, E=0,  
strength= 0.000169768, x= 0.3125, v=0.375, E=0,  
strength= 0.000166961, x= 0.375, v=0.375, E=0,  
strength= 0.000165085, x= 0.4375, v=0.375, E=0,  
strength= 0.000164426, x= 0.5, v=0.375, E=0,  
strength= 0.000165085, x= 0.5625, v=0.375, E=0,  
strength= 0.000166961, x= 0.625, v=0.375, E=0,  
strength= 0.000169768, x= 0.6875, v=0.375, E=0,  
strength= 0.00017308, x= 0.75, v=0.375, E=0,  
strength= 0.000176392, x= 0.8125, v=0.375, E=0,  
strength= 0.000179199, x= 0.875, v=0.375, E=0,  
strength= 0.000181075, x= 0.9375, v=0.375, E=0,  
strength= 1.43461e-05, x= 0, v=0.4375, E=0,  
strength= 1.42941e-05, x= 0.0625, v=0.4375, E=0,  
strength= 1.41461e-05, x= 0.125, v=0.4375, E=0,  
strength= 1.39244e-05, x= 0.1875, v=0.4375, E=0,  
strength= 1.3663e-05, x= 0.25, v=0.4375, E=0,  
strength= 1.34016e-05, x= 0.3125, v=0.4375, E=0,  
strength= 1.31799e-05, x= 0.375, v=0.4375, E=0,  
strength= 1.30319e-05, x= 0.4375, v=0.4375, E=0,  
strength= 1.29798e-05, x= 0.5, v=0.4375, E=0,  
strength= 1.30319e-05, x= 0.5625, v=0.4375, E=0,  
strength= 1.31799e-05, x= 0.625, v=0.4375, E=0,  
strength= 1.34016e-05, x= 0.6875, v=0.4375, E=0,  
strength= 1.3663e-05, x= 0.75, v=0.4375, E=0,  
strength= 1.39244e-05, x= 0.8125, v=0.4375, E=0,  
strength= 1.41461e-05, x= 0.875, v=0.4375, E=0,  
strength= 1.42941e-05, x= 0.9375, v=0.4375, E=0,  
strength= 7.66281e-07, x= 0, v=0.5, E=0,  
strength= 7.63504e-07, x= 0.0625, v=0.5, E=0,  
strength= 7.55594e-07, x= 0.125, v=0.5, E=0,  
strength= 7.43756e-07, x= 0.1875, v=0.5, E=0,  
strength= 7.29792e-07, x= 0.25, v=0.5, E=0,  
strength= 7.15828e-07, x= 0.3125, v=0.5, E=0,  
strength= 7.0399e-07, x= 0.375, v=0.5, E=0,  
strength= 6.9608e-07, x= 0.4375, v=0.5, E=0,  
strength= 6.93302e-07, x= 0.5, v=0.5, E=0,  
strength= 6.9608e-07, x= 0.5625, v=0.5, E=0,  
strength= 7.0399e-07, x= 0.625, v=0.5, E=0,  
strength= 7.15828e-07, x= 0.6875, v=0.5, E=0,  
strength= 7.29792e-07, x= 0.75, v=0.5, E=0,  
strength= 7.43756e-07, x= 0.8125, v=0.5, E=0,  
strength= 7.55594e-07, x= 0.875, v=0.5, E=0,  
strength= 7.63504e-07, x= 0.9375, v=0.5, E=0,  
strength= 2.76946e-08, x= 0, v=0.5625, E=0,  
strength= 2.75942e-08, x= 0.0625, v=0.5625, E=0,  
strength= 2.73083e-08, x= 0.125, v=0.5625, E=0,  
strength= 2.68805e-08, x= 0.1875, v=0.5625, E=0,  
strength= 2.63758e-08, x= 0.25, v=0.5625, E=0,  
strength= 2.58711e-08, x= 0.3125, v=0.5625, E=0,  
strength= 2.54433e-08, x= 0.375, v=0.5625, E=0,  
strength= 2.51574e-08, x= 0.4375, v=0.5625, E=0,  
strength= 2.5057e-08, x= 0.5, v=0.5625, E=0,  
strength= 2.51574e-08, x= 0.5625, v=0.5625, E=0,  
strength= 2.54433e-08, x= 0.625, v=0.5625, E=0,  
strength= 2.58711e-08, x= 0.6875, v=0.5625, E=0,  
strength= 2.63758e-08, x= 0.75, v=0.5625, E=0,  
strength= 2.68805e-08, x= 0.8125, v=0.5625, E=0,  
strength= 2.73083e-08, x= 0.875, v=0.5625, E=0,  
strength= 2.75942e-08, x= 0.9375, v=0.5625, E=0,  
Made it to Allreduce
Phi Data Size = 8
dbox high corner = 
(7)
srun: error: nid00488: task 0: Segmentation fault
srun: Terminating job step 11872997.0
