0
0
0
0
1.0446e-316
0
0
0
0
0
7.90505e-323
0
0
9.49657e-317
1.04462e-316
0
0
1.04455e-316
0
0
2.6499e-317
0
0
4.94066e-323
0
0
-5.62407e-295
0
-5.62407e-295
0
0
8.89318e-323
0
0
1.28457e-322
0
0
0
0
0
8.69556e-322
0
0
34
0
0
0
0
1.55357e-259
0
0
4.94066e-323
0
0
1.02951e-316
4.94066e-323
0
0
1.04457e-316
6.49879e-319
0
1.04462e-316
0
0
0
0
-1.47472
0
0
0
4.94066e-323
0
0
1.02978e-316
0
0
0
-5.62407e-295
2.37152e-322
0
0
3.13939e-235
0
0
0
-3.57692
0
8.89318e-323
3.95253e-322
0
0
0
4.94066e-323
0
9.49657e-317
0
0
0
1.48441
0
0
1.28457e-322
0
1.08694e-322
0
1.02951e-316
0
0
-1.47472
0
0
0
8.89318e-322
0
0
0
0
Rank 63 [Sat Apr 28 14:42:14 2018] [c7-5c0s0n3] Fatal error in PMPI_Gather: Invalid buffer pointer, error stack:
PMPI_Gather(960): MPI_Gather(sbuf=(nil), scount=31, dtype=USER<contig>, rbuf=0x1428c50, rcount=31, dtype=USER<contig>, root=0, MPI_COMM_WORLD) failed
PMPI_Gather(879): Null buffer pointer
0
0
0
0
-3.57692
0
0
1.48441
1.60077e-321
0
0
3.95253e-322
0
0
3.95253e-322
0
1.4822e-322
0
0
0
2.31223e-321
0
0
9.49657e-317
0
0
4.94066e-323
0
0
6.49089e-319
0
3.95253e-322
0
0
2.79859e-82
0
0
2.37152e-322
0
0
9.49663e-317
9.49657e-317
0
0
8.89318e-322
0
2.96439e-323
9.49657e-317
0
0
4.94066e-323
0
0
0
0
0.413194
0
0
0
0
0
0
9.49663e-317
0
0
8.52306e+44
0
0
0
0
0
0.0107643
1.0295e-316
0
6.48772e-319
0
0
0.221815
0
0
0.0913492
0
0
0
0
0
0
8.89318e-322
2.96439e-323
0
0
0
0
0.780888
0
0
1.04465e-316
0
0.593806
0
0
0
0
1.60077e-321
3.95253e-322
0
0
0
3.95253e-322
0
0
0
0
0
3.95253e-322
0
0
0
0
1.08694e-322
0
1.02985e-316
-2.53486e-164
0
0
6.4727e-319
0
0
1.02985e-316
2.31223e-321
0
0
0
0
1.4822e-322
0
0
0
-5.67971e-251
0
0
0
0
8.89318e-322
0
0
3.95253e-322
0
0
0
8.89318e-322
0
1.03974e-316
0
0
4.94066e-323
1.03974e-316
0
0
0
38
6.47982e-319
0
0
1.03974e-316
0
0
1.02958e-316
0
0
8.89318e-323
0
1.02958e-316
0
0
0
0
2.96439e-323
0
0
0
1.04467e-316
0
0
1.28457e-322
0
0
0
0
0
6.47666e-319
0
0
0
0
0
1.34892e-218
0
0
0
1.04467e-316
0
0
0
1.0295e-316
0
0
1.02978e-316
0
3.95253e-322
0
0
0
2.37152e-322
0
0
0
0
0
0
0
0
38
0
0
0
3.95253e-322
0
0
0
3.95253e-322
0
0
0
0
0
-4.68042e+244
0
0
38
1.0446e-316
0
0
0
0
1.9565e-321
0
0
1.02951e-316
0
0
0
0
1.03974e-316
0
0
0
0
0
0
1.04456e-316
0
0
9.49657e-317
0
0
4.94066e-323
0
0
8.89318e-323
0
0
1.28457e-322
0
0
1.55357e-259
0
0
2.37152e-322
0
0
0.734493
0
0
0
0
0
0
0
0
0
0
0
0
0
0
0
0
4.94066e-323
0
0
1.0446e-316
0
0
0
1.04456e-316
0
0
0
3.13939e-235
0
0
9.49657e-317
0
0
4.94066e-323
0
0
8.89318e-323
0
0
0
0
0
1.04461e-316
0
0
9.49657e-317
0
0
0
0
0
1.04464e-316
0
0
0
0
0
0
1.04456e-316
0
0
-5.62407e-295
0
0
4.94066e-323
0
0
1.0295e-316
0
0
-1.47472
0
0
-3.57692
0
0
1.48441
0
0
3.95253e-322
0
0
3.95253e-322
7.90505e-323
0
0.125
0
0
2.66795e-321
0
0
0
0
1.04456e-316
0
0
0
0.028334
0
0
0.095483
0
0
2.21835e-321
8.89318e-323
0
0
1.28457e-322
0
0
0
0
0
-5.62407e-295
0
0
0
0
0
4.94066e-323
0
0
0
9.49657e-317
7.90505e-323
0
0
2.6499e-317
0
0
8.69556e-322
0
0
1.0446e-316
0
0
0
0.401322
0
0
0.948765
0
0
6.50037e-319
0
1.28457e-322
0
0
2.79859e-82
0
0
2.37152e-322
0
0
8.52306e+44
0.401322
0
0
0
1.78941
0
0
0
0
1.55357e-259
0
0
2.37152e-322
0
0
3.13939e-235
0
1.02951e-316
0
0
0
0
0
0
0
0
0
0
0
0
0
9.49657e-317
0
0
4.94066e-323
0
0
9.49663e-317
0
0
0.413194
0
0
0
0
0
0
0
0
0
0
0
0
0
0
0
2.6499e-317
0
1.04459e-316
0
0
-5.62407e-295
0
0
4.94066e-323
0
0
6.46875e-319
1.04457e-316
0
0
9.49657e-317
0
0
4.94066e-323
0
0
8.89318e-323
0
0
1.28457e-322
0
0
1.55357e-259
0
0
2.37152e-322
0
0
0
0
9.49657e-317
0
1.04455e-316
0
0
0
2.96439e-323
0
0
1.0446e-316
0
1.9565e-321
0
0
2.66795e-321
0
0
8.69556e-322
0
0
0
0
0
0
4.94066e-323
0
0
1.04456e-316
0
1.04457e-316
0
8.89318e-323
0
0
0
0
0
0
0
0
0
0
0
0
34
1.04455e-316
0
0
-5.62407e-295
0
0
9.49657e-317
1.04459e-316
0
0
0
0
0
0
0
0
2.96439e-323
0
0
0
9.49657e-317
0
0
8.89318e-322
0
0
1.60077e-321
0
0
2.31223e-321
0
0
0
0
0.948765
0
7.90505e-323
0
-0.744051
0
0
-1.77982
0
0
0.734493
0
0
1.04457e-316
0
0
-5.62407e-295
0
0
4.94066e-323
0
0
0
9.49657e-317
0
0
4.94066e-323
0
0
8.89318e-323
0
0
0
1.0446e-316
0
0
-5.62407e-295
0
0
4.94066e-323
0
0
1.04461e-316
0
0
4.94066e-323
0
0
8.89318e-323
0
0
1.28457e-322
0
0
1.04456e-316
0
0
0.413194
0
0
1.9565e-321
0
0
2.66795e-321
0
0
2.21835e-321
0
0
7.90505e-323
0
0
2.6499e-317
0
0
8.69556e-322
0
0
0
0
0
0.0107643
0
0
0.593806
0
0
3.95253e-322
0
0
1.04455e-316
0
0
-5.62407e-295
0
0
4.94066e-323
0
1.03976e-316
0
0
0
8.69556e-322
0
0
0
1.04461e-316
0
0
0
0
3.13939e-235
0
0
9.49657e-317
0
0
4.94066e-323
0
0
8.89318e-323
0
1.04457e-316
0
0
0
4.94066e-323
0
0
0
-5.62407e-295
0
0
0
6.5399e-319
0
3.95253e-322
0
0
1.03997e-316
0
0
9.49657e-317
0
0
6.45927e-319
0
0
1.04461e-316
0
1.04462e-316
0
0
4.94066e-323
0
0
8.89318e-323
0
9.49657e-317
0
0
-5.62407e-295
0
1.28457e-322
0.19881
0
1.04458e-316
0
0
0
0
0
1.55357e-259
0
1.04455e-316
0
0
0
6.46401e-319
0
0
0
0
0
0
4.94066e-323
0
-5.62407e-295
0
0
4.94066e-323
1.04455e-316
0
0
9.49657e-317
0
7.90505e-323
0
0
6.49721e-319
0
0
0
-2.53486e-164
0
0
2.37152e-322
0
0
7.90505e-323
0
0
2.6499e-317
0
6.47666e-319
0
0
0
0
0
0
0
2.6499e-317
0
0
0
9.49661e-317
1.04452e-316
0
0
9.49657e-317
0
0
4.94066e-323
0
0
8.89318e-323
0
0
1.28457e-322
0
0
1.02947e-316
0
0
0
1.28457e-322
0
0
2.79859e-82
0
0
2.37152e-322
0
0
8.52306e+44
4.94066e-323
0
3.95253e-322
0
0
9.49657e-317
0
0
8.89318e-322
0
0
1.02951e-316
0
9.49657e-317
0
0
0
0.982094
0
0
2.96439e-323
0
0
6.52251e-319
0
34
0
0
1.04455e-316
0
0
-5.62407e-295
0
0
4.94066e-323
0
0
1.02976e-316
0
0
8.89318e-322
0
0
1.02979e-316
0
0
8.89318e-322
0
0
1.03968e-316
0
0
1.02957e-316
0
0
4.94066e-323
0
0
0
0
0
34
0
0
6.5067e-319
0
0
1.02977e-316
0
4.94066e-323
0
0
8.89318e-323
5.33591e-322
0
0
1.28457e-322
0
0
2.79859e-82
0
0
2.37152e-322
0
0
8.52306e+44
9.49657e-317
0
0
8.89318e-323
0
0
1.28457e-322
0
0
1.55357e-259
0
4.94066e-323
0
0
1.04459e-316
0
0
2.96439e-323
0
0
0
4.94066e-323
0
0
0
0
34
0
0
3.05039e-317
0
0
0
0
1.28457e-322
0
0
4.94066e-323
0
0
0
0
4.94066e-323
0
0
0
0
0.456519
0
0
2.37152e-322
0
0
0
-5.62407e-295
0
1.02981e-316
0
0
4.94066e-323
0
1.0446e-316
0
0
0
8.89318e-323
0
0
1.28457e-322
0
0
1.04461e-316
0
0
4.94066e-323
0
0
2.6499e-317
2.96439e-323
0
0
-5.67971e-251
0
0
0
0
0
0
0
8.69556e-322
0
0
2.96439e-323
0
0
6.4735e-319
0
0
5.33591e-322
0
0.413194
0
1.04457e-316
0
0
9.49657e-317
0
0
4.94066e-323
0
0
8.89318e-323
0
0
1.28457e-322
0
0
6.49879e-319
0
0
0
0
0
0
0
1.55357e-259
0
0
-1.47472
0
0
-3.57692
0
0
0
9.49657e-317
0
0
4.94066e-323
0
0
0
8.89318e-323
0
8.89318e-322
0
0
1.60077e-321
0
0
2.31223e-321
0
0
3.95253e-322
0
0
4.94066e-323
0
0
1.04456e-316
8.69556e-322
0
0
0
0
34
0
6.46717e-319
0
0
1.02981e-316
1.60077e-321
0
0
2.31223e-321
0
0
3.95253e-322
0
1.04461e-316
0
0
0
0
0
3.95253e-322
1.04457e-316
0
0
0
3.95253e-322
0
0
1.28457e-322
0
0
0
6.46559e-319
0
0
9.49657e-317
0
0
8.89318e-322
0
0
1.60077e-321
0
0
2.31223e-321
4.94066e-323
0
0
8.89318e-323
0
0
1.28457e-322
0
0
2.37152e-322
0
0
0
0.0135538
0
0
0.00999131
3.95253e-322
0
0
0
1.03981e-316
0
0
0
1.04463e-316
0
0
7.90505e-323
0
0
2.51762e-317
9.49657e-317
0
0
0
3.95253e-322
0
0
8.89318e-323
0
0
1.28457e-322
0
0
0
1.02947e-316
0
0
-1.47472
0
-1.48683e-153
0
0
6.43871e-319
0
0
3.13939e-235
0
0
0
0
4.94066e-323
0
3.95253e-322
0
0
1.04456e-316
9.49657e-317
0
0
0
0
4.94066e-323
0
0
8.89318e-323
0
8.89318e-323
0
0
0
0
8.69556e-322
0
0
6.91692e-323
0
0
0
0
0
1.04461e-316
0
0
0
34
0
0
6.51144e-319
0
0
1.02977e-316
0
1.24505e-321
0
0.982094
0
0
1.55357e-259
0
0
2.96439e-323
0
0
6.49563e-319
0
0
1.0295e-316
0
0
0
0
2.37152e-322
0
0
3.13939e-235
0
0
1.48441
0
0
8.89318e-323
0
0
1.28457e-322
0
0
-2.53486e-164
0
0
2.37152e-322
0
0
-5.67971e-251
0
0
0
38
0
0
0
0
0
1.02951e-316
0
0
0
0
8.89318e-323
0
0
1.28457e-322
0
0
1.55357e-259
0
0
0
34
0
0
0
3.05039e-317
0
0
7.90505e-323
0
0
3.95253e-322
0
0
0
0
9.49657e-317
0
0
4.94066e-323
0
0
1.02974e-316
0
0
0
38
0
0
0
0
0
4.94066e-323
1.04458e-316
0
0
0
1.08694e-322
0
3.95253e-322
0
0
0
2.96439e-323
0
0
-2.53486e-164
0
0
2.37152e-322
0
0
3.13939e-235
0
0
0
0
0
1.08694e-322
0
1.02981e-316
0
0
0
0
0
0
0
6.45136e-319
0
0
0
1.04463e-316
9.49657e-317
0
0
8.89318e-322
0
1.55357e-259
0
0
0
-3.57692
0
2.37152e-322
2.96439e-323
0
0
9.49657e-317
0
0
4.94066e-323
0
0
1.04457e-316
0
0
4.94066e-323
0
0
0
1.08694e-322
0
0
0
0
0
1.55357e-259
0
0
1.28457e-322
0
0
1.55357e-259
0
34
0
0
6.51144e-319
1.08694e-322
0
0
0
1.34892e-218
0
0
6.50591e-319
0
0
0
0
3.95253e-322
0
0
1.08694e-322
0
0
1.4822e-322
0
0
6.50353e-319
0
0
1.9565e-321
0
0
6.49089e-319
0
2.37152e-322
0
0
3.13939e-235
0
0
0
-5.62407e-295
0
0
4.94066e-323
0
9.49657e-317
0
0
3.95253e-322
0
0
9.49657e-317
0
0
1.28457e-322
0
0
0
1.04465e-316
0
0
0
0
0
0
2.37152e-322
9.49657e-317
0
0
6.45769e-319
0
0
0
1.08694e-322
0
0
0
0
1.04459e-316
0
0
0
0
0
3.95253e-322
0
0
1.0295e-316
0
0
4.94066e-323
0
0
0
8.89318e-323
0
4.94066e-323
0
0
1.4822e-322
0
0
0
0
0
0
-5.67971e-251
0
0
0
1.55357e-259
0
9.49657e-317
0
0
8.89318e-322
0
0.0649741
0
0
3.95253e-322
0
1.4822e-322
8.89318e-323
0
0
1.55357e-259
0
0
0
0
0
0
1.02951e-316
0
2.37152e-322
0
0
1.48441
0
0
0
6.43555e-319
0
0
8.89318e-323
0
0
8.89318e-323
0
0
1.28457e-322
0
0
1.4822e-322
0
0
4.94066e-323
0
1.04463e-316
0
0
0
0
2.37152e-322
1.28457e-322
0
0
2.37152e-322
0
0
0
1.4822e-322
-4.68042e+244
0
0
1.0397e-316
0
0
4.94066e-323
0
0
8.89318e-323
0
0
1.28457e-322
0
0
0
0
2.96439e-323
0
0
6.50037e-319
0
2.66795e-321
0
0
6.46559e-319
0
2.96439e-323
0
0
6.48772e-319
0
0
0
9.49657e-317
0
0
4.94066e-323
3.95253e-322
0
0
0
0
1.02982e-316
8.89318e-322
0
0
0
8.89318e-322
0
3.95253e-322
0
3.95253e-322
0
0
1.03981e-316
0
0
4.94066e-323
0
0
3.13939e-235
0
4.94066e-323
0
0
8.89318e-323
0
0
0
0
2.51762e-317
0
0
0
0
1.4822e-322
0
0
9.49657e-317
0
0
8.89318e-322
0
0
8.89318e-323
0
0
1.28457e-322
0
0
8.89318e-323
0
6.49879e-319
9.49657e-317
0
0
6.91692e-323
0
0
0
0
0
1.04463e-316
0
0
0
2.37152e-322
0
0
3.13939e-235
0
0
1.60077e-321
0
0
9.49657e-317
0
0
0
0
1.11165e-321
0
0
0
2.37152e-322
2.96439e-323
0
0
6.4482e-319
0
0
0
8.89318e-322
0
0
3.13939e-235
0
0
0
3.95253e-322
0
1.1255e-124
0
5.33591e-322
1.28457e-322
0
0
2.79859e-82
0
3.95253e-322
0
6.4561e-319
0
0
0
0
0
3.95253e-322
0
0
0
3.13939e-235
0
1.02977e-316
0
0
-1.48683e-153
0
0
2.37152e-322
0
0
2.96439e-323
0
0
3.95253e-322
0
0
0
5.33591e-322
0
2.96439e-323
0
0
0
0
8.89318e-323
0
1.08694e-322
0
0
1.4822e-322
0
0
-1.47472
0
0
1.60077e-321
9.49657e-317
0
0
0
1.60077e-321
0
1.03997e-316
0
0
1.04462e-316
0
0
4.94066e-323
0
0
8.89318e-323
0
9.49657e-317
0
0
8.89318e-322
1.28457e-322
0
0
0
0
1.11165e-321
0
0
0
6.45927e-319
0
1.04456e-316
0
0
4.94066e-323
0
0
0
3.95253e-322
0
0
0
0
0
0
8.89318e-322
0
0
0
0
0
0
1.34892e-218
0
0
9.49657e-317
0
0
2.31223e-321
0
4.94066e-323
0
0
0
1.28457e-322
0
0
0
0
0
1.55357e-259
0
0
0
1.60077e-321
0
9.49657e-317
0
0
0
9.49657e-317
0
0
0
0
1.77864e-322
0
0
0
0
2.37152e-322
0
0
0
0
9.49657e-317
0
0
0
0
0
0
1.55357e-259
0
0
0
3.13939e-235
0
9.49657e-317
0
9.49657e-317
0
0
0
0
3.95253e-322
0
0
1.08694e-322
6.48931e-319
0
0
0
1.1255e-124
0
0
1.0397e-316
0
0
1.08694e-322
0
0
1.4822e-322
0
0
0
6.46243e-319
0
6.91692e-323
0
0
1.28457e-322
0
0
6.48772e-319
0
0
-3.57692
0
0
0
0
2.31223e-321
0
0
4.94066e-323
0
0
0
0
0
0
0
1.28457e-322
0
0
3.95253e-322
0
0
1.03981e-316
0
0
0
1.55357e-259
0
0
2.37152e-322
3.95253e-322
0
5.33591e-322
0
0
0
2.96439e-323
0
8.89318e-323
0
0
1.28457e-322
0
0
3.95253e-322
0
0
1.03991e-316
0
0
4.94066e-323
0
0
1.28457e-322
1.28457e-322
0
0
2.96439e-323
0
0
0
1.08694e-322
0
0
0
6.48851e-319
0
0
0
0
0
2.79859e-82
0
0
0
9.49657e-317
0
0
5.33591e-322
0
0
0
3.95253e-322
3.13939e-235
0
0
9.49657e-317
2.96439e-323
0
0
0
2.37152e-322
0
2.31223e-321
0
0
3.95253e-322
0
0
8.89318e-322
0
0
1.60077e-321
4.94066e-323
0
0
1.24505e-321
0
8.52306e+44
0
0
9.49657e-317
8.89318e-322
0
2.96439e-323
0
8.89318e-323
2.37152e-322
0
0
0
0
9.49657e-317
0
0
0
0
4.94066e-323
0
0
0
2.96439e-323
0
4.94066e-323
0
6.49247e-319
0
0
2.96439e-323
0
0
6.48931e-319
0
2.96439e-323
0
0
0
1.08694e-322
0
0
1.4822e-322
0
0
2.79859e-82
0
5.33591e-322
1.48441
0
0
3.95253e-322
2.79859e-82
0
0
2.31223e-321
0
4.94066e-323
0
0
0
4.94066e-323
0
0
1.04462e-316
0
1.60077e-321
0
0
0
3.13939e-235
0
0
0
7.90505e-323
0
0
6.51144e-319
0
0
38
0
0
0
0
0
1.04456e-316
1.03975e-316
0
0
1.02975e-316
0
0
8.89318e-323
0
0
3.95253e-322
6.49563e-319
0
0
1.02959e-316
0
0
1.4822e-322
-4.68042e+244
0
0
1.03971e-316
0
4.94066e-323
0
2.37152e-322
0
0
8.52306e+44
0
0
4.94066e-323
6.52883e-319
0
0
0
0
6.91692e-323
0
0
0
0
38
0
0
0
0
0
2.31223e-321
0
0
8.89318e-322
0
1.9565e-321
0
0
2.66795e-321
0
0
4.94066e-323
0
0
0
0
6.45294e-319
0
0
0
3.13939e-235
0
4.94066e-323
0
0
8.89318e-322
0
0
1.4822e-322
0
0
0
6.48614e-319
0
8.89318e-323
0
0
0
1.02977e-316
0
0
3.95253e-322
6.91692e-323
0
0
1.08694e-322
0
0
0
0
0
2.37152e-322
0
0
0
0
2.37152e-322
9.49663e-317
0
0
1.34892e-218
1.03981e-316
0
4.94066e-323
0
0
8.89318e-323
0
0
2.31223e-321
0
0
9.49657e-317
0
0
4.94066e-323
0
0
2.6499e-317
0
0
6.4561e-319
0
0
4.94066e-323
0
0
0
0
1.28457e-322
0
0
0
0
0
2.96439e-323
0
8.89318e-322
0
0
0
0
0
4.94066e-323
0
0
8.89318e-323
0
0
0
8.89318e-323
0
0
1.28457e-322
0
0
0
0
0
0
8.89318e-323
0
0
0
1.48441
0
1.03997e-316
0
0
1.08694e-322
0
0
3.13939e-235
0
0
1.02951e-316
0
0
2.79859e-82
9.49663e-317
0
0
0
0
1.60077e-321
0
0
8.89318e-323
0
1.0295e-316
0
0
2.96439e-323
0
0
1.28457e-322
0
9.49657e-317
8.89318e-323
0
0
0
0
1.02963e-316
0
8.89318e-323
0
6.50353e-319
0
0
0
1.28457e-322
0
0
-9.69814e+65
0
0
1.9565e-321
0
0
0
1.4822e-322
0
0
6.47982e-319
0
0
0
6.48456e-319
0
0
9.49657e-317
0
0
0
0
0.413194
0
0
2.37152e-322
0
0
0
0
1.28457e-322
0
0
3.95253e-322
0
0
1.77864e-322
2.79859e-82
0
0
2.37152e-322
0
8.89318e-323
0
0
6.44978e-319
2.96439e-323
0
0
0
0
2.96439e-323
8.89318e-323
0
0
1.28457e-322
0
0
3.95253e-322
0
0
1.03991e-316
0
0
3.95253e-322
1.03976e-316
0
0
3.95253e-322
0
0
1.60077e-321
0
9.15422e+175
0
1.28457e-322
0
0
-1.48683e-153
0
0
2.37152e-322
0
0
0
0
1.04461e-316
1.28457e-322
0
0
-3.57692
0
4.94066e-323
4.94066e-323
1.4822e-322
0
0
0
0
0
0
0
0
0
2.37152e-322
0
0.413194
0
0
0.0107643
0
0
6.42765e-319
0
0
0
1.28457e-322
0
0
0
8.89318e-322
0
0
1.60077e-321
3.95253e-322
0
0
0
0
1.28457e-322
0
0
8.89318e-322
0
0
1.28457e-322
0
0
0
1.02977e-316
0
0
2.37152e-322
2.66795e-321
0
0
6.4814e-319
0
0
5.33591e-322
0
0
6.47824e-319
0
0
9.15422e+175
0
0
0
8.52306e+44
0
2.96439e-323
0
0
0
4.94066e-323
0
8.52306e+44
0
0
0
0
1.02981e-316
0
0
0
8.89318e-322
0
0
1.04462e-316
0
0
0
0
0
0
6.91692e-323
0
0
3.95253e-322
0
0
9.49657e-317
0
0
4.94066e-323
4.94066e-323
0
0
1.02974e-316
0
0
0
0
4.94066e-323
1.08694e-322
0
0
0
0
0
1.1255e-124
0
0
1.03971e-316
0
2.79859e-82
0
0
0
0
0
0
3.95253e-322
0
0
0
0
0
0
6.44029e-319
0
9.49657e-317
0
0
0
1.04465e-316
0
0
0
0
0
0
0.593806
2.31223e-321
0
5.33591e-322
0
-2.53486e-164
0
0
2.37152e-322
0
0
0
0
4.94066e-323
0
0
0
2.79859e-82
0
0
0
2.79859e-82
2.96439e-323
0
0
0
0
0
2.96439e-323
0
0
6.91692e-323
0
0
1.08694e-322
0
0
-1.06338e-73
2.96439e-323
0
0
6.47666e-319
0
1.04166e-316
0
3.95253e-322
0
0
9.49663e-317
0
0
0
0.0107643
0
0
-4.68042e+244
0
0
0
0
0
0
0
0
1.04468e-316
0
0
0
0
0
8.89318e-323
0
0
8.89318e-322
0
0
1.60077e-321
0
8.52306e+44
0
0
1.28457e-322
0
0
2.96439e-323
0
1.0446e-316
0
0
-5.62407e-295
0
0
4.94066e-323
0
0
3.95253e-322
0
0
1.04456e-316
0
0
8.89318e-322
8.89318e-322
0
0
0
0
0
0.401322
0
1.04464e-316
1.04451e-316
0
0
-5.62407e-295
0
0
4.94066e-323
1.04455e-316
0
0
1.4822e-322
2.31223e-321
0
0
3.95253e-322
-1.06338e-73
0
0
4.94066e-323
0
0
8.89318e-323
0
0
0
2.37152e-322
0
0
0
-2.53486e-164
0
0
6.51065e-319
0
0
9.49657e-317
-1.47472
0
0
1.0298e-316
0
0
0
2.96439e-323
4.94066e-323
0
0
0
8.52306e+44
0
0
0
0
0
3.95253e-322
0
0
0
6.42448e-319
0
0
0
2.31223e-321
0
1.08694e-322
0
0
1.4822e-322
0
3.95253e-322
8.89318e-323
0
0
0
2.37152e-322
0
0
1.60077e-321
0
0
0
0
6.50037e-319
0
0
3.95253e-322
0
0
7.10849e+47
0
0
1.4822e-322
0
0
0
0
6.45136e-319
0
0
0
0
1.0295e-316
0
8.89318e-322
0
srun: error: nid12867: task 63: Aborted
0
1.60077e-321
srun: Terminating job step 11949538.0
0
1.08694e-322
0.221815
0
0
0.0913492
0
0
0
0
0
0
0.593806
0
0
-1.48683e-153
0
0
0
0
2.31223e-321
0
0
3.95253e-322
0
0
0
0
0
2.79859e-82
0
0
6.44662e-319
0
0
1.02981e-316
0
1.08694e-322
0
0
0
0
0
1.60077e-321
0
0
1.60077e-321
0
0
2.31223e-321
0
0
9.49657e-317
0
1.04458e-316
0
0.948765
0
0
0
7.90505e-323
0
0
1.02946e-316
0
-5.62407e-295
0
0
0
0
0
6.45452e-319
1.28457e-322
0
0
-9.69814e+65
0
0
2.37152e-322
0
0
8.52306e+44
0
0
0
-5.67971e-251
0
0
0
8.89318e-322
3.56723
0
0
8.89318e-323
0
0
0
3.95253e-322
0
0
1.03981e-316
0
0
0
1.0298e-316
0
0
-9.69814e+65
0
0
0
2.96439e-323
-5.67971e-251
0
0
0
6.44504e-319
0
0
8.52306e+44
0
0
9.49657e-317
0
2.31223e-321
2.37152e-322
2.96439e-323
0
1.9565e-321
0
0
1.77864e-322
0
9.15422e+175
0
0
-1.06338e-73
0
0
6.46717e-319
0
0
2.96439e-323
0
0
6.91692e-323
0
2.96439e-323
0
0
6.91692e-323
0
0
0
0
0
0
0
1.4822e-322
0.780888
0
0
3.95253e-322
0
0
0
0
3.95253e-322
6.44108e-319
0
0
1.1255e-124
0
0
1.28457e-322
0
1.77864e-322
0
0
8.89318e-322
0
0
0
0
1.04461e-316
0
0
0
0
0
0
8.89318e-322
0
0
1.4822e-322
0
0
1.08694e-322
0
0
2.31223e-321
0
0
3.95253e-322
0
0
3.95253e-322
0
0
1.77864e-322
0
0
8.89318e-322
0
0
0
0
6.50353e-319
-5.62407e-295
0
0
0.401322
0
0
0
-1.47472
0
0
-3.57692
0
0
0
0
6.48772e-319
0
0
2.96439e-323
38
0
0
0
7.10849e+47
0
0
1.77864e-322
0
0
8.89318e-322
0
0
1.60077e-321
0
0
2.31223e-321
0
9.49657e-317
0
0
0
1.0397e-316
0
0
0
0
8.69556e-322
8.89318e-322
0
0
0
6.43713e-319
0
8.89318e-323
0
0
0
0
4.94066e-323
0
0
0
0
0
1.04461e-316
8.89318e-322
0
0
1.03969e-316
6.4395e-319
0
0
6.91692e-323
0
9.49657e-317
3.95253e-322
0
0
38
0
0
0
0
1.28457e-322
0
0
0
8.89318e-322
0
0
0
0
0
3.95253e-322
0
0
2.66795e-321
0
8.89318e-322
0
0
1.08694e-322
0
0
1.4822e-322
0
0
1.08694e-322
3.95253e-322
0
2.31223e-321
0
0
-2.53486e-164
0
0
0
9.49657e-317
0
0
1.04456e-316
0
0
0
0
1.03975e-316
0
0
4.94066e-323
0
0
0
0
1.60077e-321
0
0
2.31223e-321
0
0
0
0
2.37152e-322
0
0
1.02957e-316
0
0
1.60077e-321
0
0
2.31223e-321
8.69556e-322
1.4822e-322
9.49657e-317
0
0
4.94066e-323
0
0
0
8.89318e-322
0
0
9.49663e-317
0
0
4.94066e-323
0
0
1.0295e-316
0
0
4.94066e-323
0
0
0
0
2.96439e-323
0
0
4.94066e-323
0
0
2.6499e-317
1.0446e-316
0
0
0.948765
0
1.48441
0
0
3.95253e-322
0
0
9.49657e-317
0
0
4.94066e-323
0
0
1.04457e-316
0
0
6.48456e-319
0
0
0
0
2.96439e-323
0
0
0
1.06411e-248
8.89318e-322
0
0
4.94066e-323
0
0
8.89318e-323
1.02983e-316
0
0
1.60077e-321
0
0
2.96439e-323
1.28457e-322
0
1.04463e-316
0
0
0
0
0
0
0
0
0
0
0
0
0
0
8.89318e-322
0
0
0
2.96439e-323
0
0
6.44187e-319
9.49657e-317
0
2.79859e-82
0
0
0
0
1.60077e-321
0
0
3.95253e-322
0
8.52306e+44
0
0
0
1.08694e-322
0
0
6.47824e-319
0
1.60077e-321
0
0
0
3.42102e-284
0
0
0
0
0
1.9565e-321
0
0
2.66795e-321
0
0
2.37152e-322
0
0
9.15422e+175
0
8.89318e-322
0
0
0
1.0298e-316
8.89318e-323
0
0
3.95253e-322
1.06411e-248
0
0
6.4316e-319
0
0
0
-2.53486e-164
0
0
8.52306e+44
0
0
0
3.95253e-322
0
0
0
0
0
0
0
8.89318e-323
0
0
1.28457e-322
0
0
0
8.89318e-323
0
0
1.28457e-322
0
0
8.89318e-322
0
8.89318e-323
0
0
6.50037e-319
0
1.02963e-316
0
0
8.69556e-322
0
-5.62407e-295
0
6.44662e-319
4.94066e-323
0
0
9.49663e-317
0
0
0
1.02977e-316
0
0
3.95253e-322
0
0
1.02959e-316
0
6.91692e-323
0
0
6.45531e-319
0
1.60077e-321
0
0
0
0
0
-1.47472
0
0
34
0
0
0
1.28457e-322
0
0
0
6.91692e-323
0
2.79859e-82
4.94066e-323
0
0
-2.53486e-164
1.02954e-316
0
0
1.04462e-316
0
7.10849e+47
0
1.08694e-322
0
1.60077e-321
0
0
0
0
2.37152e-322
0
2.31223e-321
0
0
38
1.04165e-316
0
0
0
1.4822e-322
0
0
2.31223e-321
0
1.06299e-307
0
0
1.4822e-322
0
0
0
6.46875e-319
0
0
-5.67971e-251
0
0
-1.06338e-73
0
0
1.04164e-316
0
0
-2.53486e-164
0
0
0
8.89318e-322
1.28457e-322
0
0
0
0
-2.58223e+227
0
0
7.58587e-307
6.51223e-319
0
0
-5.67971e-251
9.49657e-317
0
0
0
0.0970877
0
3.95253e-322
0
6.50037e-319
6.4482e-319
0
0
-9.69814e+65
0
0
2.37152e-322
3.95253e-322
0
0
7.58587e-307
0
0
6.36723e-143
0
0
1.60077e-321
0
0
0
0
0
0
0
0
0
0
0
0
2.96439e-323
0
0.413194
0
0
0.0107643
4.94066e-323
0
0
0
1.9565e-321
0
0
0
0
0
0
0
0
2.31223e-321
1.28457e-322
0
-3.57692
0
0
6.51776e-319
0
2.31223e-321
0
0
0
0
0
2.37152e-322
0
8.89318e-323
0
0
6.51381e-319
0
0
0
0
1.77864e-322
0
0
1.4822e-322
0
0
0
0
0
1.0295e-316
0
0
0
1.02981e-316
0
0
3.95253e-322
0
0
8.89318e-322
0
8.52306e+44
0
0
0
0
8.89318e-322
0
0
0
6.49247e-319
5.33591e-322
0
0
1.06411e-248
0
6.4561e-319
0
0
0
3.42102e-284
5.33591e-322
0
0
0
0
0
0
6.4735e-319
0
0
0
0
0
6.5565e-319
0
0
0
-9.69814e+65
0
1.03997e-316
0
0
6.36723e-143
0
0
1.72144e-270
0
0
0
0
1.0397e-316
0
0
4.94066e-323
0
8.89318e-322
0
0
0
0
0
0
0
2.96439e-323
2.96439e-323
0
0
0
7.10849e+47
0
0
0
9.49663e-317
0
0
4.94066e-323
0
0
2.31223e-321
0
0
1.28457e-322
0
2.96439e-323
0
0
-1.47472
0
34
4.94066e-323
0
0
1.04461e-316
0
0
0
0
0.593806
0
0
3.95253e-322
0
0
8.89318e-323
0
2.66795e-321
0
0
0
0
1.08694e-322
0
-2.58223e+227
0
0
0
0
0
0
1.48441
0
0.593625
0
3.95253e-322
2.79859e-82
0
1.08694e-322
0
0
0
0
0
0
-5.67971e-251
0
0
0
0
0
9.15422e+175
0
2.31223e-321
0
0
0
0
1.9565e-321
0
0
0
9.49657e-317
-2.53486e-164
0
0
0
0
0
1.60077e-321
0
0
0
0
6.4727e-319
5.33591e-322
0
0
0
1.06299e-307
6.46559e-319
0
0
34
0
0
0
0
1.0295e-316
0
1.02947e-316
0
0
-5.67971e-251
1.03969e-316
0
0
2.37152e-322
0
0
7.10849e+47
0
5.44253e-305
0
0
0
0
0
1.60077e-321
0
0
2.31223e-321
0.371819
0
9.49657e-317
0
0
0
0
1.77864e-322
0
0
8.89318e-322
0
0
8.89318e-323
0
0
1.28457e-322
0
0
3.95253e-322
0
0
3.95253e-322
0
3.95253e-322
0
0
6.91692e-323
0
0
0
0
0
6.44346e-319
0
0
1.02975e-316
0
0
8.89318e-322
0
6.47666e-319
0
0
0
0
0
7.58587e-307
0
-2.53486e-164
0
1.34892e-218
0
0
0
0
3.95253e-322
0
0
0.0107643
0
0
0
0
1.4822e-322
8.52306e+44
0
1.28457e-322
0
0
1.0397e-316
0
3.95253e-322
8.89318e-322
0
0
-1.06338e-73
0
1.34892e-218
0
0
1.0446e-316
0
0
0
0
2.66795e-321
0
0
0
0
0
4.94066e-323
0
0
2.37152e-322
0
0
-5.67971e-251
1.02963e-316
0
0
0
2.31223e-321
2.96439e-323
0
6.47508e-319
0
0
0
0
0
1.24505e-321
0
0
6.44029e-319
0
0
0
0
1.04463e-316
0
0
0
1.04462e-316
0
0
1.03966e-316
0
1.02954e-316
0
0
0
4.94066e-323
2.23535e-179
0
8.89318e-323
0
0
0
0
0
0
4.94066e-323
6.91692e-323
0
6.44504e-319
0
1.60077e-321
0
0
2.31223e-321
0
2.52207e-249
0
0
0
0
0
0
0
-3.57692
0
6.62527e-319
0
4.94066e-323
0
0
2.96439e-323
0
0
1.03964e-316
0
0
1.28457e-322
0
0
0
5.33591e-322
0
1.04464e-316
0
1.4822e-322
0
0
6.36723e-143
0
0
2.37152e-322
0
0
-5.67971e-251
2.37152e-322
0
0
0
38
0
0
1.77864e-322
0
0
0
0
6.42923e-319
0
9.49657e-317
0
3.95253e-322
0
4.94066e-323
0
0
8.89318e-323
0
0
38
0
0
0
1.60077e-321
0
0
0
6.41342e-319
0
2.37152e-322
0
0
0
0
6.43397e-319
0
1.0295e-316
0
8.89318e-323
0
0
0
0
0
0
0
0
0
0
2.96439e-323
-2.58223e+227
0
0
0
5.33591e-322
0
0
1.24505e-321
3.05039e-317
0
0
7.90505e-323
0
0
0
3.95253e-322
0
0
1.9565e-321
0
0
0
0
0
0
1.03975e-316
0
0
0
0
-2.12126e+72
0
0
1.28457e-322
0
0
1.34892e-218
0
-2.53486e-164
6.43871e-319
0
0
2.96439e-323
0
0
1.08694e-322
0
1.02981e-316
0
0
1.06411e-248
1.19593e+265
0
0
9.49663e-317
0
0
8.89318e-322
0
38
0
0
1.77864e-322
0
1.08694e-322
0
1.48441
0
1.02985e-316
0
8.89318e-323
0
0
1.02953e-316
0
0
1.04457e-316
0
3.95253e-322
1.08694e-322
0
0
6.4735e-319
0
0
0
0
0
0
3.42102e-284
0
0
1.72144e-270
0
0
0
0
0
0.413194
0
0
2.37152e-322
0
0
5.33591e-322
0
0
0
0
0
0
0
0
0
1.02947e-316
0
2.31223e-321
0
2.96439e-323
0
0
6.91692e-323
0
3.95253e-322
0
0
5.33591e-322
0
0
0
1.28457e-322
0
0
0
0
0
0
1.04464e-316
-2.53486e-164
0
0
6.48931e-319
0
0
1.02977e-316
0
0
0
0
7.58587e-307
0
1.9565e-321
0
0
0
0
0
0
2.51762e-317
0
0
1.34892e-218
0
0
0
0
0
0
4.94066e-323
0
1.04462e-316
0
4.94066e-323
0
0
1.0298e-316
1.45315e-209
0
0
2.37152e-322
0
0
0
0
0
0
0
1.02979e-316
0
0
0
0
0
0
0
1.60077e-321
0
0
0
0
8.89318e-322
0
0
1.4822e-322
0
0
0
0
0
0
6.91692e-323
0
0
0
0
0
0
3.95253e-322
0
0
0
0
1.4822e-322
2.96439e-323
0
0
0
0
1.06299e-307
0
0
5.44253e-305
0
0
-4.68042e+244
0
0
0.982094
8.89318e-322
0
0
0
0
0
4.94066e-323
0
1.03981e-316
0
1.28457e-322
0
0
0
0
4.94066e-323
0
0
0
0
0
1.08694e-322
0
-4.68042e+244
0
0
1.03976e-316
0
0
6.43081e-319
0
0
0
0
-2.53486e-164
0
1.04466e-316
0
0
2.37152e-322
0
0
3.95253e-322
6.91692e-323
0
0
2.66795e-321
0
1.9565e-321
0
3.42102e-284
0
0
6.4901e-319
0
2.66795e-321
0
3.95253e-322
0
8.89318e-323
0
0
0
8.89318e-323
0
0
0
0
2.52207e-249
-4.68042e+244
0
2.37152e-322
0
0
-5.67971e-251
6.43555e-319
0
0
1.4822e-322
0
3.95253e-322
0
6.48061e-319
0
0
2.31223e-321
0
0
0
1.0295e-316
0
0
0
0
3.95253e-322
0
3.95253e-322
0
1.28457e-322
0
0
0
38
0
0
0
9.49657e-317
0
0
0
6.44029e-319
0
0
6.91692e-323
0
0
1.08694e-322
0
3.95253e-322
0
0
0
0
0
0
0
0
0
1.0397e-316
0
0
9.49663e-317
0
0
0
6.50986e-319
9.49663e-317
0
0
6.42606e-319
0
0
0
8.89318e-323
0
4.94066e-323
1.34892e-218
0
0
8.89318e-323
0
1.06411e-248
0
1.4822e-322
0
0
0
0
0
4.94066e-323
2.96439e-323
0
0
8.89318e-322
0
2.37152e-322
0
0
0
0
0
0
1.34892e-218
0
0
0
0
-5.67971e-251
0
0
0
0
1.08694e-322
6.36723e-143
0
0
0
0
2.66795e-321
1.06299e-307
0
0
0
0
0
3.42102e-284
0
0
0
0
0
0
0
0
1.28457e-322
8.89318e-322
0
0
0
0
1.0397e-316
0
0
0
0
0
2.96439e-323
0
0
0
6.49247e-319
0
1.9565e-321
0
3.95253e-322
0
0
0
1.04458e-316
0
6.49247e-319
0
0
1.08694e-322
0
1.08694e-322
0
0
0
0
1.02946e-316
0
0
0
8.89318e-322
5.33591e-322
0
0
6.43713e-319
0
0
5.33591e-322
0
0
1.4822e-322
1.0398e-316
0
0
6.44346e-319
2.23535e-179
0
0
0
0
1.04462e-316
0
0
0
0
0.413194
0
0
0
4.94066e-323
8.52306e+44
5.33591e-322
0
0
1.24505e-321
0
0
0
0
0
0
0
2.37152e-322
0
0
0
1.28457e-322
0
0
0
6.42844e-319
0
0
3.42102e-284
0
0
0
0
0
6.91692e-323
0
0
1.08694e-322
0
0
0
0
6.46322e-319
0
0
3.95253e-322
0
0
1.9565e-321
0
0
0
1.72144e-270
0
1.08738e+47
0
0
0
6.45452e-319
0
-4.68042e+244
0
0
1.03971e-316
0
0
1.06299e-307
38
0
1.28457e-322
0
0
3.95253e-322
0
0
0
1.06411e-248
0
1.19593e+265
0
0
0
4.94066e-323
0
0
0
0
0
1.04464e-316
0
0
2.96439e-323
0
0
2.66795e-321
-2.58223e+227
0
0
0
0
0
0
8.89318e-322
0
0
9.49657e-317
0
0
0
3.95253e-322
0
0
1.4822e-322
0
4.94066e-323
0
0
8.89318e-323
0
0
0
1.24505e-321
0
0
0
0
0
4.94066e-323
0
0
-2.12126e+72
0
0
0
0
4.94066e-323
0
0
0.0107643
0
2.96439e-323
0
0
0
1.9565e-321
0
1.28457e-322
0
0
1.04463e-316
0
-4.68042e+244
0
0
3.95253e-322
0
0
0
1.06299e-307
0
0
6.40235e-319
0
0
1.04463e-316
1.04458e-316
0
0
0
1.4822e-322
0
-5.67971e-251
0
0
0
0
0
0
0
0
0
2.66795e-321
0
0
6.4814e-319
1.4822e-322
0
0
0
8.48747e-239
1.08738e+47
srun: error: nid12858: task 59: Terminated
0
2.96439e-323
0
0
0
4.94066e-323
0
0
srun: error: nid12795: task 17: Terminated
8.89318e-323
0
0
1.28457e-322
0
0
6.46243e-319
0
0
0
1.34892e-218
0
0
0
38
0
0
2.37152e-322
1.60077e-321
0
0
0
1.08851e-304
0
0
0
0
0
0
1.04462e-316
6.91692e-323
0
0
0
srun: error: nid12857: task 58: Terminated
0
0
0
7.58587e-307
-1.8355e+279
0
1.0446e-316
0
0
0
0
2.96439e-323
0
0
srun: error: nid12856: task 57: Terminated
0
4.94066e-323
1.4822e-322
9.49657e-317
0
0
0
0
1.28457e-322
0
0
3.95253e-322
0
1.02959e-316
0
1.9565e-321
0
0
2.66795e-321
9.15422e+175
0
0
0
5.33591e-322
0
1.45315e-209
0
0
0
0
8.89318e-323
0
0
0
8.89318e-323
0
0
0
2.66795e-321
-2.53486e-164
0
0
4.94066e-323
0
0
0
-2.58223e+227
0
0
0
5.33591e-322
0
0
4.94066e-323
0
0
0
1.60077e-321
0
9.49657e-317
srun: error: nid12836: task 37: Terminated
0
0
8.89318e-322
-4.68042e+244
0
1.0398e-316
0
0
0
0
0
0
5.44253e-305
0
srun: error: nid12853: task 54: Terminated
0
0
0
0
6.91692e-323
0
0
0
0
-1.48683e-153
0
0
0
34
0
0
0
0
2.37152e-322
0
0
0
0
-2.58223e+227
2.31223e-321
3.05227e-28
0
8.89318e-323
0
0
0
0
0
0
1.08694e-322
0
0
0
6.48931e-319
0
6.43713e-319
0
0
0
0
1.60077e-321
0
6.48931e-319
0
0
srun: error: nid12790: task 12: Terminated
0
0
6.61737e-319
0
srun: error: nid12855: task 56: Terminated
6.43555e-319
0
0
1.03987e-316
0
0
4.94066e-323
0
8.89318e-322
0
0
0
1.04462e-316
0
0
1.24505e-321
0
2.52207e-249
1.34892e-218
0
0
6.49642e-319
0
0
0
0
0.593806
0
0
3.95253e-322
0
6.5067e-319
0
0
9.49657e-317
0
0
6.41816e-319
0
0
0
1.0397e-316
0
0
4.94066e-323
1.03992e-316
0
0
4.94066e-323
0
0
0
1.24505e-321
0
0
0
0
8.89318e-323
srun: error: nid12704: task 3: Terminated
0
0
9.15422e+175
0
0
-1.06338e-73
0
0
6.41974e-319
0
0
2.96439e-323
0
0
0
0
1.03974e-316
0
srun: error: nid12852: task 53: Terminated
0
4.94066e-323
0
1.04461e-316
0
0
5.33591e-322
9.15422e+175
0
0
-1.06338e-73
0
0
2.23535e-179
6.44504e-319
8.48747e-239
0
srun: error: nid12837: task 38: Terminated
1.08694e-322
0
2.37152e-322
0
3.05039e-317
0
0
7.90505e-323
0
1.04166e-316
0
0
0
0
0
0
0
0
0
1.40884e+69
srun: error: nid12850: task 51: Terminated
0
1.28457e-322
0
1.34892e-218
srun: error: nid12832: task 33: Terminated
0
0
1.4822e-322
srun: error: nid12859: task 60: Terminated
0
0
0
5.33591e-322
srun: error: nid12797: task 18: Terminated
0
0
6.36723e-143
5.06352e+37
0
srun: error: nid12842: task 43: Terminated
0
0
3.95253e-322
0
0
0
0
9.49663e-317
0
0
0
8.89318e-322
0
0
2.96439e-323
0
0
1.03971e-316
0
0
0
9.15422e+175
0
-1.06338e-73
0
0
4.94066e-323
0
0
0
0
0
1.28457e-322
0
1.03991e-316
0
0
0
0
1.28457e-322
0
0
0
0
5.33591e-322
0
2.37152e-322
0
0
srun: error: nid12711: task 7: Terminated
8.89318e-323
0
srun: error: nid12794: task 16: Terminated
0
0
7.58587e-307
0
0
0
1.9565e-321
0
0
2.66795e-321
0
1.28457e-322
0
0
0
6.91692e-323
0
0
0
1.60077e-321
0
0
4.94066e-323
0
0
1.04462e-316
srun: error: nid12811: task 22: Terminated
0
0
0
0
0
6.47824e-319
0
6.46401e-319
0
0
0
-2.12126e+72
0
0
34
0
6.42923e-319
0
0
1.1255e-124
0
2.51762e-317
0
0
4.94066e-323
srun: error: nid12755: task 11: Terminated
-4.68042e+244
0
srun: error: nid12708: task 6: Terminated
0
0
1.02947e-316
1.77864e-322
0
srun: error: nid12835: task 36: Terminated
3.95253e-322
0
0
srun: error: nid12854: task 55: Terminated
0
0
0
0
6.498e-319
srun: error: nid12706: task 5: Terminated
0
0
srun: error: nid12793: task 15: Terminated
3.95253e-322
0
0
srun: error: nid12828: task 29: Terminated
0
0
5.33591e-322
0
0
0
0
srun: error: nid12839: task 40: Terminated
1.72144e-270
0
9.49663e-317
0
2.31223e-321
0
1.02977e-316
0
0
0
0.221815
srun: error: nid12848: task 49: Terminated
2.96439e-323
0
1.02951e-316
0
0
0
srun: error: nid12705: task 4: Terminated
0
1.02971e-316
0
0
8.89318e-323
1.60077e-321
0
0
0
0
0
1.9565e-321
0
1.19593e+265
-4.68042e+244
0
0
0
0
4.94066e-323
0
0
0
3.95253e-322
0
0
0
6.415e-319
-5.67971e-251
0
0
0
0
1.28457e-322
0
8.89318e-323
1.03976e-316
0
6.36723e-143
0
0
0
1.08738e+47
srun: error: nid12809: task 21: Terminated
0
-1.48683e-153
0
0
0
3.95253e-322
1.08694e-322
0
0
srun: error: nid12838: task 39: Terminated
2.31223e-321
0
2.31223e-321
0
0
srun: error: nid12691: task 2: Terminated
0
8.89318e-323
srun: error: nid12844: task 45: Terminated
0
0
srun: error: nid12829: task 30: Terminated
1.34892e-218
0
0
2.96439e-323
0
srun: error: nid12833: task 34: Terminated
0
0
srun: error: nid12851: task 52: Terminated
0
0
srun: error: nid12753: task 9: Terminated
0
0
srun: error: nid12843: task 44: Terminated
1.4822e-322
0
srun: error: nid12845: task 46: Terminated
0
0
0
srun: error: nid12830: task 31: Terminated
0
0
srun: error: nid12792: task 14: Terminated
0
0
srun: error: nid12834: task 35: Terminated
1.03966e-316
0
srun: error: nid12813: task 24: Terminated
0
8.89318e-322
0
srun: error: nid12812: task 23: Terminated
0
0
0
8.47613e-307
0
srun: error: nid12846: task 47: Terminated
-1.48683e-153
0
srun: error: nid12814: task 25: Terminated
0
0
6.42765e-319
0
srun: error: nid12826: task 27: Terminated
9.49657e-317
1.24505e-321
0
srun: error: nid12860: task 61: Terminated
6.43397e-319
0
0
srun: error: nid12791: task 13: Terminated
0
0
0
srun: error: nid12799: task 19: Terminated
1.03976e-316
0
srun: error: nid12840: task 41: Terminated
0
3.95253e-322
3.95253e-322
srun: error: nid12815: task 26: Terminated
0
0
0
0
6.61421e-319
0
8.89318e-322
6.43239e-319
0
srun: error: nid12861: task 62: Terminated
0
0
0
2.31223e-321
-1.06338e-73
0
0
6.46243e-319
0
0
8.89318e-323
0
0
2.66795e-321
0
0
1.0397e-316
0
-1.48683e-153
0
0
0
3.95253e-322
0
4.94066e-323
0
0
2.96439e-323
0
9.49657e-317
0
srun: error: nid12754: task 10: Terminated
0
0
0
0
0
1.02976e-316
0
0
8.48747e-239
srun: error: nid12688: task 1: Terminated
0
6.49484e-319
0
0
0
1.03976e-316
0
1.4822e-322
0
0
3.42102e-284
0
1.34892e-218
0
0
0
1.28457e-322
0
0
-1.48683e-153
4.94066e-323
0
0
0
0
2.96439e-323
0
0
srun: error: nid12802: task 20: Terminated
0
1.45315e-209
3.05039e-317
34
0
1.08738e+47
srun: error: nid12716: task 8: Terminated
1.03971e-316
0
1.08738e+47
0
0
8.89318e-323
0
0
4.94066e-323
0
srun: error: nid12831: task 32: Terminated
0
4.94066e-323
1.60077e-321
0
1.77864e-322
0
srun: error: nid12841: task 42: Terminated
0
0
2.37152e-322
srun: error: nid12849: task 50: Terminated
-4.68042e+244
0
0
0
5.33591e-322
0
0
0
0
2.96439e-323
0
5.44253e-305
0
0
1.04468e-316
0
4.94066e-323
0
0
0
0
0.0913492
0
0
0
0
0
1.02982e-316
1.28457e-322
0
0
6.42606e-319
0
0
34
0
2.96439e-323
0
1.28457e-322
0
1.08851e-304
0
0
0
4.94066e-323
0
0
8.89318e-323
0
0
2.37152e-322
1.04164e-316
0
0
0
0
7.58587e-307
0
0
srun: error: nid12847: task 48: Terminated
0
6.91692e-323
0
0
0
3.95253e-322
1.28457e-322
0
0
0
8.89318e-323
0
1.72144e-270
0
0
0
6.39128e-319
0
0
4.94066e-323
0
0
0
0
0
0
0
8.89318e-323
6.50749e-319
0
6.91692e-323
0
6.91692e-323
0
0
0
0
0
3.05039e-317
0
0
srun: error: nid12827: task 28: Terminated
0
4.94066e-323
8.48747e-239
0
0
6.45136e-319
0
0
0
8.89318e-323
0
0
8.89318e-323
0
2.31223e-321
0
1.66342e-59
0
0
0
0
1.0397e-316
0
0
6.42448e-319
8.89318e-322
0
1.9565e-321
0
0
0
0
0
0
0
0
1.04458e-316
0
1.77864e-322
0
1.9565e-321
0
0
0
2.96439e-323
1.60077e-321
0
0
0
0
0
3.95253e-322
0
3.05039e-317
0
0
0
0
0
0
0
1.08738e+47
3.05227e-28
0
0
1.28457e-322
0
0
1.02947e-316
7.90505e-323
0
0
6.36723e-143
0
1.08694e-322
0
0
8.89318e-322
0
0
0
0
0
-1.48683e-153
0
5.44253e-305
0
0
0
34
1.1255e-124
0
0
0
1.04458e-316
0
0
4.94066e-323
1.06299e-307
0
3.95253e-322
2.37152e-322
0
0
2.37152e-322
0
0
0
0
0
1.08694e-322
0
0
1.4822e-322
0
1.08694e-322
0
2.52207e-249
0
7.90505e-323
0
0
0
0
8.48747e-239
0
0
0
0
1.28457e-322
0
0
0
0
1.28457e-322
0
0
0
0
0
8.89318e-322
0
0
-1.8355e+279
1.1255e-124
0
0
0
0
0
0
1.04461e-316
2.66795e-321
0
6.91692e-323
0
0
2.23535e-179
0
0
0
4.94066e-323
0
8.89318e-322
0
2.66795e-321
0.780888
0
0
0
0
0
2.31223e-321
3.95253e-322
0
3.95253e-322
0
0
0
0
38
7.90505e-323
0
0
2.51762e-317
6.91692e-323
0
3.95253e-322
0
0
0
0
1.40884e+69
0
0
-1.48683e-153
0
0
1.1255e-124
0
0
0
0
0
8.89318e-323
1.4822e-322
0
1.60077e-321
0
1.77864e-322
0
0
0
0
1.28457e-322
0
0
0
0
1.0397e-316
0
0
0
0
0
0
-4.68042e+244
0
0
0
0
1.28457e-322
0
-4.68042e+244
0
0
0
0
0
0
0
2.51762e-317
7.90505e-323
0
0
6.44346e-319
8.89318e-323
0
0
2.96439e-323
0
3.95253e-322
-1.48683e-153
0
0
2.37152e-322
1.28457e-322
0
2.23535e-179
0
9.49663e-317
0
0
0
1.77864e-322
4.94066e-323
0
0
1.02951e-316
0
0
0
6.4814e-319
0
1.08694e-322
0
-2.12126e+72
0
0
0
0
0
0
3.95253e-322
0
3.95253e-322
0
0
0
0
0
1.03987e-316
0
0
0
0
3.42102e-284
0
0
1.08694e-322
0
1.0398e-316
8.48747e-239
0
0
2.37152e-322
0
0
0
1.04462e-316
0
0
0
2.6499e-317
0
9.49663e-317
0
0
0
0
2.31223e-321
8.89318e-322
0
2.37152e-322
0
3.95253e-322
2.23535e-179
0
0
3.05039e-317
0
0
0
8.89318e-323
0
6.40867e-319
0
0
5.33591e-322
38
0
0
0
0
0
srun: error: nid12686: task 0: Terminated
1.1255e-124
0
srun: Force Terminated job step 11949538.0
0
0
1.03971e-316
9.15422e+175
0
1.4822e-322
0
1.19593e+265
0
0
0
0
0
2.51762e-317
0
0
1.28457e-322
0
0
0
0
0
0
0
0
0
0
0
5.06352e+37
0
0
8.89318e-323
0
1.06299e-307
0
0
6.415e-319
0
0
0
0
2.96439e-323
0
0
1.4822e-322
6.91692e-323
0
0
1.08694e-322
0
0
3.42102e-284
0
0
1.4822e-322
0
0
0
1.08738e+47
0
0
1.06299e-307
0
0
0
8.48747e-239
0
6.45136e-319
0
0
6.40393e-319
0
0
0
5.33591e-322
2.96439e-323
0
0
0
0
1.24505e-321
6.91692e-323
0
0
0
1.9565e-321
0
1.08694e-322
0
0
0
0
2.66795e-321
1.4822e-322
0
0
0
0
6.38609e+65
1.08738e+47
0
0
0
0
3.90837e-91
0
8.48747e-239
0
0
6.39286e-319
0
6.44029e-319
0
0
0
0
5.33591e-322
0
34
0
1.24505e-321
0
0
0
0
3.05039e-317
0
1.9565e-321
0
0
7.90505e-323
0
2.66795e-321
0
0
0
0
2.51762e-317
0
8.16126e+221
0
0
0
6.38609e+65
0
6.65864e+42
0
0
0
6.3818e-319
3.90837e-91
0
0
0
0
6.42923e-319
0
2.96439e-323
0
0
0
6.91692e-323
2.96439e-323
0
0
0
0
6.91692e-323
1.08694e-322
0
0
0
0
1.4822e-322
1.08694e-322
0
0
0
0
1.4822e-322
0
4.75671e-59
0
0
0
7.97725e-200
8.16126e+221
0
0
0
0
6.37073e-319
6.65864e+42
0
0
0
0
2.96439e-323
6.41816e-319
0
0
0
0
6.91692e-323
2.96439e-323
0
0
0
0
6.91692e-323
1.08694e-322
0
0
0
1.4822e-322
0
0
1.08694e-322
0
0
0
4.05292e+108
0
0
1.4822e-322
0
-4.84366e+63
0
4.75671e-59
0
0
0
0
6.35966e-319
0
7.97725e-200
0
0
5.33591e-322
0
0
0
6.40709e-319
0
1.24505e-321
0
0
5.33591e-322
0
0
0
1.9565e-321
1.24505e-321
0
0
0
0
2.66795e-321
0
1.9565e-321
0
0
-7.2633e-77
0
2.66795e-321
0
0
0
0
3.04547e-306
0
4.05292e+108
0
0
0
6.3486e-319
0
-4.84366e+63
0
0
0
0
0
6.39603e-319
0
3.05041e-317
0
0
0
0
0
0
7.90505e-323
0
0
3.05041e-317
0
0
0
2.6499e-317
0
7.90505e-323
0
0
1.08851e-304
0
0
0
-1.74825e-101
2.6499e-317
0
0
0
-7.2633e-77
0
6.33753e-319
0
0
0
0
3.04547e-306
2.96439e-323
0
0
0
0
6.91692e-323
0
6.38496e-319
0
0
1.08694e-322
0
2.96439e-323
0
0
0
0
1.4822e-322
0
6.91692e-323
0
0
1.08694e-322
0
-3.66823e-159
0
0
0
1.4822e-322
0
-8.90515e-89
0
0
0
0
6.32646e-319
1.08851e-304
0
0
0
0
-1.74825e-101
2.96439e-323
0
0
0
0
6.91692e-323
6.37389e-319
0
0
0
0
2.96439e-323
1.08694e-322
0
0
0
0
1.4822e-322
6.91692e-323
0
0
0
0
1.08694e-322
1.97778e-227
0
0
0
0
1.42526e+52
1.4822e-322
0
0
0
-3.66823e-159
0
0
0
6.31539e-319
-8.90515e-89
0
0
0
0
6.36282e-319
5.33591e-322
0
0
0
0
1.24505e-321
5.33591e-322
0
0
0
0
1.24505e-321
0
1.9565e-321
0
0
1.9565e-321
0
2.66795e-321
0
0
0
0
2.66795e-321
0
0
6.65864e+42
0
0
2.47365e-74
1.97778e-227
0
0
0
0
1.42526e+52
6.30433e-319
0
0
0
0
6.35176e-319
0
1.09095e+47
0
0
0
0
0
-8.99026e-51
0
3.05041e-317
0
0
0
0
2.85559e+94
0
0
7.90505e-323
0
8.49518e+44
0
2.6499e-317
0
0
0
0
-5.36175e+305
6.65864e+42
0
0
0
0
-6.09321e-169
2.47365e-74
0
0
0
0
6.34069e-319
6.075e-203
0
0
0
0
-1.24614e+185
0
2.96439e-323
0
0
0
-1.65761e-198
6.91692e-323
0
0
0
8.50395e-307
0
1.08694e-322
0
0
0
0
2.86218e+223
0
1.4822e-322
0
0
2.99019e-66
0
-5.36175e+305
0
0
0
0
8.50395e-307
0
-6.09321e-169
0
0
-1.9409e-86
0
0
6.32962e-319
0
-7.719e-302
0
0
0
0
2.96439e-323
0
0
4.95591e+180
0
6.91692e-323
0
0
1.60857e+200
0
1.08694e-322
0
0
0
0
2.32035e-55
0
1.4822e-322
0
0
8.8693e-214
0
2.99019e-66
0
0
0
0
8.50395e-307
6.76635e+243
0
0
0
0
8.81849e+195
6.31856e-319
0
0
0
8.50395e-307
0
5.33591e-322
0
0
0
0
-5.43436e-218
0
1.24505e-321
0
0
0
1.60218e-173
1.9565e-321
0
0
0
0
2.66795e-321
3.40158e-306
0
0
0
0
-1.1292e+31
0
8.8693e-214
0
0
2.21846e+29
0
6.76635e+243
0
0
0
0
5.80057e+39
0
6.30749e-319
0
0
1.04187e-07
0
0
8.50395e-307
0
-1.26646e-33
0
0
0
0
-5.43436e-218
0
0
8.50395e-307
0
1.60218e-173
0
0
-230.516
0
3.40158e-306
0
0
0
0
3.81434e+191
0
0
-1.1292e+31
0
8.47613e-307
0
0
2.21846e+29
0
1.17845e+240
0
0
0
0
5.80057e+39
0
5.76839e+128
0
0
1.04187e-07
0
5.80057e+39
0
0
0
0
-1.26646e-33
0
6.36044e-171
0
0
0
8.50395e-307
0
-7.29306e+92
0
0
0
3.75239e-89
-230.516
0
0
0
0
3.81434e+191
-1.77774e+252
0
0
0
8.47613e-307
0
1.99486e-134
0
0
0
0
1.17845e+240
0
19504
0
0
0
5.76839e+128
-9.3226e-297
0
0
0
0
7.31364e+296
5.80057e+39
0
0
0
0
6.36044e-171
3.40158e-306
0
0
0
0
-5.62736e-93
-7.29306e+92
0
0
0
0
3.75239e-89
-4.79228e+221
0
0
0
0
6.48131e+39
0
-1.77774e+252
0
0
-7.39146e-180
0
1.99486e-134
0
0
0
0
6.85489e+274
0
19504
0
0
7.58587e-307
0
-9.3226e-297
0
0
-3.22523e-226
0
0
0
0
7.31364e+296
0
-3.88755e+52
0
0
3.40158e-306
0
6.80316e-306
0
0
0
0
-5.62736e-93
0
0
-4.79794e+257
0
-4.79228e+221
0
0
1.69622e-214
0
0
6.48131e+39
0
5.98418e-88
0
0
0
0
-7.39146e-180
0
5.47661e-193
0
0
0
6.85489e+274
9.14987e+62
0
0
0
0
6.80316e-306
7.58587e-307
0
0
0
0
-3.22523e-226
2.95051e+294
0
0
0
0
5.29631e-88
-3.88755e+52
0
0
0
0
6.80316e-306
8.51419e+190
0
0
0
0
-6.0122e+289
-4.79794e+257
0
0
0
0
1.69622e-214
0
4.23766e-180
0
0
0
5.98418e-88
3.40158e-306
0
0
0
0
3.43264e-304
5.47661e-193
0
0
0
0
9.14987e+62
-4.36748e+200
0
0
0
0
8.47613e-307
0
6.80316e-306
0
0
4.39842e-260
0
2.95051e+294
0
0
0
0
-7.21555e-293
0
5.29631e-88
0
0
8.50395e-307
0
0
8.51419e+190
0
0.129587
0
0
0
0
-6.0122e+289
0
11731.5
0
0
4.23766e-180
0
5.42473e-305
0
0
0
0
3.40158e-306
0
0
-3.71086e+85
0
0
3.43264e-304
0
3.17727e+280
0
0
-4.36748e+200
0
7.83542e+63
0
0
0
0
8.47613e-307
0
2.97354e-286
0
0
4.39842e-260
0
-1.27242e-177
0
0
0
0
-7.21555e-293
0
5.06352e+37
0
0
0
8.50395e-307
0
4.91274e-266
0
0
0.129587
0
64745.7
0
0
0
0
11731.5
0
6.80316e-306
0
0
5.42473e-305
0
-3.48414e-39
0
0
0
0
-1.79974e-281
-3.71086e+85
0
0
0
0
3.17727e+280
6.48131e+39
0
0
0
0
-1.32597e+142
7.83542e+63
0
0
0
0
2.97354e-286
2.2625e-89
0
0
0
0
1.13708e+37
0
-1.27242e-177
0
0
0
4.39929e+234
5.06352e+37
0
0
0
0
4.91274e-266
-1.62298e-289
0
0
0
0
1.09095e+47
64745.7
0
0
0
0
6.80316e-306
2.2725e-203
0
0
0
0
4.24563e-60
0
-3.48414e-39
0
0
0
2.87227e+111
-1.79974e-281
0
0
0
0
6.48131e+39
7.2778e-128
0
0
0
0
-1.99716e+111
0
-1.32597e+142
0
0
8.50395e-307
0
2.2625e-89
0
0
0
0
-5.62078e+300
0
1.13708e+37
0
0
3.71236e+72
0
4.39929e+234
0
0
0
0
1.08851e-304
0
-1.62298e-289
0
0
2.46435e-11
0
0
1.09095e+47
0
0
0
1.07174e+77
0
0
2.2725e-203
0
0
1.23086e-230
0
4.24563e-60
0
0
-3.60089e-259
0
2.87227e+111
0
0
0
0
46318.3
0
0
7.2778e-128
0
9.83665e-84
0
0
-1.99716e+111
0
-5.78114e+94
0
0
0
0
8.50395e-307
0
1.78917e+31
0
0
-5.62078e+300
0
6.48131e+39
0
0
0
0
3.71236e+72
0
-2.27685e+213
0
0
0
1.08851e-304
1.25912e-291
0
0
0
2.46435e-11
0
1.12919e-124
0
0
0
0
1.07174e+77
0
-2.57798e-139
0
0
0
1.23086e-230
8.0386e-169
0
0
0
0
6.80316e-306
-3.60089e-259
0
0
0
0
46318.3
1.91705e+79
0
0
0
0
-8.73804e+303
9.83665e-84
0
0
0
0
-5.78114e+94
1.08851e-304
0
0
0
0
-4.8568e-42
0
1.78917e+31
0
0
0
-2.50409e-275
6.48131e+39
0
0
0
0
7.6308e+44
0
0
-2.27685e+213
0
0
-4.4197e+65
0
1.25912e-291
0
0
0
1.12919e-124
8.86795e+238
0
0
0
0
2.44855e-143
0
-2.57798e-139
0
0
1.51233e-240
0
8.0386e-169
0
0
0
0
9.81115e+210
0
6.80316e-306
0
0
0
4.71573e-177
0
1.91705e+79
0
-2.16961e-283
0
0
0
0
-8.73804e+303
0
-7.77411e+07
0
0
1.08851e-304
0
0
1.28376e+68
0
-4.8568e-42
0
0
0
0
-7.20242e+236
0
-2.50409e-275
0
0
-8.23715e-240
0
0
7.6308e+44
0
2.17701e-304
0
0
0
0
-4.4197e+65
0
-1.67268e+244
0
0
8.86795e+238
0
-9.55273e-83
0
0
0
0
2.44855e-143
0
8.52306e+44
0
0
0
1.51233e-240
3.03484e+237
0
0
0
0
-2.24842e-73
9.81115e+210
0
0
0
0
4.71573e-177
6.65864e+42
0
0
0
0
3.95541e-11
0
-2.16961e-283
0
0
0
-2.34746e-138
-7.77411e+07
0
0
0
0
1.28376e+68
8.50395e-307
0
0
0
0
-5.4515e-241
-7.20242e+236
0
0
0
-2.13117e-184
0
-8.23715e-240
0
0
0
0
6.80316e-306
0
2.17701e-304
0
0
-1.69378e+227
0
-1.67268e+244
0
0
0
0
8.11952e-75
0
0
-9.55273e-83
0
0
8.47613e-307
0
8.52306e+44
0
0
-1.08687e+297
0
3.03484e+237
0
0
0
0
-1.06592e-07
0
-2.24842e-73
0
0
1.09095e+47
0
6.65864e+42
0
0
0
0
2.63015e-241
0
0
3.95541e-11
0
4.86913e+199
0
0
-2.34746e-138
0
0
1.35923e+46
0
8.50395e-307
0
0
0
0
3.74046e-147
0
-5.4515e-241
0
0
-7.17319e-169
0
0
-2.13117e-184
0
6.35017e+36
0
0
0
0
6.80316e-306
0
5.65796e+48
0
0
-1.69378e+227
0
-4.57771e+76
0
0
0
0
8.11952e-75
0
0
2.31018e+25
0
0
8.47613e-307
0
-5.75297e+110
0
0
-1.08687e+297
0
-7.48078e+186
0
0
0
0
-1.06592e-07
0
7.56212e+175
0
0
1.09095e+47
0
8.23285e+185
0
0
0
0
2.63015e-241
0
5.38463e+230
0
0
4.86913e+199
0
8.52306e+44
0
0
0
0
1.35923e+46
0
1.06339e+274
0
0
3.74046e-147
0
0
-3.17132e+19
0
-7.17319e-169
0
0
0
0
8.50395e-307
0
0
6.35017e+36
0
-6.84893e+37
0
0
5.65796e+48
0
4.12617e-183
0
0
0
0
-4.57771e+76
0
2.98898e+58
0
0
2.31018e+25
0
2.47104e+268
0
0
0
0
-5.75297e+110
0
-9.29701e-201
0
0
0
-7.48078e+186
9.56463e-146
0
0
0
0
-1.84151e-267
7.56212e+175
0
0
0
0
8.23285e+185
-2.0683e-222
0
0
0
0
6.65864e+42
5.38463e+230
0
0
0
0
8.52306e+44
-4.93969e-255
0
0
0
0
-1.06013e+237
0
1.06339e+274
0
0
1.03973e-62
0
-3.17132e+19
0
0
0
0
5.21519e-240
0
8.50395e-307
0
0
-7.10784e+38
0
-6.84893e+37
0
0
0
0
7.68496e+119
0
0
4.12617e-183
0
0
1.37407e-102
0
2.98898e+58
0
0
5.29033e+230
0
0
0
2.47104e+268
0
0
8.52306e+44
0
-9.29701e-201
0
0
-2.35104e+306
0
9.56463e-146
0
0
0
0
-3.7519e-230
0
-1.84151e-267
0
0
8.50395e-307
0
-2.0683e-222
0
0
-2.26442e-52
0
0
0
0
6.65864e+42
0
-2.99088e+262
0
0
-4.93969e-255
0
6.48131e+39
0
0
0
0
-1.06013e+237
0
-2.27183e-34
0
0
0
1.03973e-62
0
-2.29048e-302
0
0
5.21519e-240
0
2.18418e-99
0
0
0
0
-7.10784e+38
0
1.14069e+262
0
0
7.68496e+119
0
3.83562
0
0
0
0
2.08631e+143
1.37407e-102
0
0
0
0
5.29033e+230
-1.17268e+235
0
0
0
0
5.55385e-95
8.52306e+44
0
0
0
0
-2.35104e+306
6.78091e-306
0
0
0
0
-4.70241e+182
-3.7519e-230
0
0
0
-3.88232e-80
0
8.50395e-307
0
0
0
0
5.42473e-305
0
-2.26442e-52
0
0
0
-3.07585e-251
-2.99088e+262
0
0
-1.02551e-36
0
0
6.48131e+39
0
0
0
0
2.17701e-304
0
-2.27183e-34
0
0
-5.06881e+230
0
-2.29048e-302
0
0
0
0
7.43705e-39
0
0
2.18418e-99
0
0
8.50395e-307
0
1.14069e+262
0
8.24546e+17
0
0
3.83562
0
0
0
0
2.11022e+123
0
2.08631e+143
0
0
8.47613e-307
0
-1.17268e+235
0
0
0
0
9.58747e+253
0
5.55385e-95
0
0
-9.54812e+195
0
6.78091e-306
0
0
1.08851e-304
0
0
0
0
-4.70241e+182
0
2.45308e-306
0
0
-3.88232e-80
0
1.28124e-42
0
0
0
0
6.65864e+42
5.42473e-305
0
0
0
0
-3.07585e-251
0
6.19271e+275
0
0
-1.02551e-36
0
-1.59336e+77
0
0
0
0
2.17701e-304
0
6.80316e-306
0
0
-5.06881e+230
0
2.38832e+294
0
0
0
0
7.43705e-39
0
0
-8.06181e+110
0
0
8.50395e-307
0
8.50395e-307
0
0
8.24546e+17
0
3.17567e-225
0
0
0
0
2.11022e+123
0
0
-1.84497e-215
0
8.47613e-307
0
0
1.06299e-307
0
0
9.58747e+253
0
6.38335e+119
0
0
0
0
-9.54812e+195
0
2.72638e-253
0
0
1.08851e-304
0
2.93158e+114
0
0
2.45308e-306
0
0
0
0
-5.05296e-129
0
0
1.28124e-42
0
5.59295e-131
0
0
6.65864e+42
0
1.30324e-47
0
0
0
0
6.19271e+275
0
1.217e+72
0
0
-1.59336e+77
0
1.44262e+157
0
0
0
0
6.80316e-306
0
0
6.65864e+42
0
0
2.38832e+294
-2.64464e+128
0
0
0
0
-1.98599e-92
-8.06181e+110
0
0
0
0
8.50395e-307
0
1.74552e+48
0
0
3.17567e-225
0
1.48555e-75
0
0
0
0
-2.39979e-205
-1.84497e-215
0
0
0
0
1.06299e-307
3.18174e-51
0
0
0
0
3.49772e-213
0
6.38335e+119
0
0
-8.7167e-256
0
2.72638e-253
0
0
0
0
3.40158e-306
0
2.93158e+114
0
0
0
1.04756e+212
-5.05296e-129
0
0
0
0
5.59295e-131
-7.10053e-28
0
0
0
0
8.50395e-307
0
1.30324e-47
0
0
-1.0198e-117
0
1.217e+72
0
0
0
0
-5.52035e-118
0
0
1.44262e+157
0
2.60645e-252
0
0
6.65864e+42
0
4.48524e+217
0
0
0
0
-2.64464e+128
0
0
-6.71868e+133
0
-1.98599e-92
0
0
5.44253e-305
0
1.74552e+48
0
0
0
0
-2.96224e-25
0
0
1.48555e-75
0
8.8887e-86
0
0
-2.39979e-205
0
2.78997e+151
0
0
3.18174e-51
0
0
0
0
7.43853e+229
0
3.49772e-213
0
0
-2.28755e+110
0
-8.7167e-256
0
0
0
0
2.17701e-304
0
3.40158e-306
0
0
0
-8.8939e-60
0
1.04756e+212
0
1.75408e-25
0
0
-7.10053e-28
0
0
0
0
8.47613e-307
0
0
8.50395e-307
0
5.04064e-145
0
0
-1.0198e-117
0
2.77741e+197
0
0
0
0
-5.52035e-118
0
6.35017e+36
0
0
2.60645e-252
0
0
-6.72507e+38
0
0
0
4.48524e+217
0
0
-7.39431e+175
0
0
-6.71868e+133
0
7.40028e-120
0
0
5.44253e-305
0
-9.67108e+114
0
0
0
0
-2.96224e-25
0
1.83316e+98
0
0
8.8887e-86
0
1.06299e-307
0
0
0
0
2.78997e+151
0
-1.52577e+134
0
0
0
7.43853e+229
-3.09106e-173
0
0
0
0
1.36063e-305
-2.28755e+110
0
0
0
0
2.17701e-304
0
4.95486e-174
0
0
-8.8939e-60
0
1.15741e+179
0
0
0
0
1.75408e-25
0
8.10156e-167
0
0
0
8.47613e-307
1.75267e+142
0
0
0
5.04064e-145
0
-1.60326e+121
0
0
0
0
2.77741e+197
0
1.35782e+192
0
0
6.35017e+36
0
-6.7924e+135
0
0
0
0
-6.72507e+38
0
2.84158e-150
0
0
-7.39431e+175
0
1.09095e+47
0
0
0
0
2.97276e-146
7.40028e-120
0
0
0
0
-9.67108e+114
1.53374e+85
0
0
0
0
8.47613e-307
1.83316e+98
0
0
0
0
1.06299e-307
-1.35874e+06
0
0
0
0
-1.08877e+96
0
-1.52577e+134
0
0
0
5.44253e-305
-3.09106e-173
0
0
0
0
1.36063e-305
-5.44691e-42
0
0
0
0
-2.35742e-81
0
4.95486e-174
0
0
8.47613e-307
0
1.15741e+179
0
0
0
0
6.03321e-271
0
8.10156e-167
0
0
6.60449e+256
0
1.75267e+142
0
0
0
0
6.35017e+36
0
0
-1.60326e+121
0
0
2.92851e+209
0
1.35782e+192
0
-7.54676e-48
0
0
0
0
-6.7924e+135
0
0
8.47613e-307
0
2.84158e-150
0
0
-0.00843455
0
0
1.09095e+47
0
0
0
1.11742e+183
0
0
2.97276e-146
0
8.48634e+190
0
0
1.53374e+85
0
1.18611e-259
0
0
0
0
8.47613e-307
0
2.07203e-165
0
0
-1.35874e+06
0
0
3.73622e+57
0
0
0
-1.08877e+96
0
0
-5.59074e+232
0
0
5.44253e-305
0
-1.87957e+212
0
-5.44691e-42
0
0
1.06299e-307
0
0
0
0
-2.35742e-81
0
5.5474e+129
0
0
8.47613e-307
0
0
-7.19265e+256
0
6.03321e-271
0
0
0
0
1.74552e+48
0
6.60449e+256
0
0
-2.15345e-90
0
0
6.35017e+36
0
-3.66185e-27
0
0
0
0
2.92851e+209
0
8.47613e-307
0
0
-7.54676e-48
0
-7.60007e-118
0
0
0
0
-3.1609e-119
8.47613e-307
0
0
0
0
-0.00843455
0
2.56218e+111
0
0
0
4.1949e-292
1.11742e+183
0
0
0
0
8.48634e+190
0
4.51891e+52
0
0
0
1.18611e-259
4.28893e-189
0
0
0
0
4.2435e+244
2.07203e-165
0
0
0
0
3.73622e+57
-1.18767e+300
0
0
0
0
1.90071e+88
-5.59074e+232
0
0
0
0
-1.87957e+212
1.11052e+299
0
0
0
0
2.9902e-202
1.06299e-307
0
0
0
0
5.5474e+129
1.28932e+127
0
0
0
0
1.74655e+207
-7.19265e+256
0
0
0
-3.40801e-227
0
1.74552e+48
0
0
0
0
-2.15345e-90
1.08851e-304
0
0
0
0
4.64845e+163
-3.66185e-27
0
0
0
0
8.47613e-307
1.71673e+27
0
0
0
0
1.19043
0
-7.60007e-118
0
0
1.21065e-114
0
-3.1609e-119
0
0
0
0
2.56218e+111
-2.82825e+56
0
0
0
0
9.70979e-261
0
4.1949e-292
0
0
1.70658e+299
0
4.51891e+52
0
0
0
0
-1.52596e+47
0
4.28893e-189
0
0
9.14204e+199
0
4.2435e+244
0
0
0
0
-3.55802e-32
0
0
-1.18767e+300
0
1.99837e+28
0
0
1.90071e+88
0
6.48131e+39
0
0
0
0
1.11052e+299
0
-3.53713e+81
0
0
2.9902e-202
0
-2.68581e-22
0
0
0
0
2.28042e-196
1.28932e+127
0
0
0
0
1.74655e+207
-3.01749e+23
0
0
0
0
-1.52833e+229
-3.40801e-227
0
0
0
0
1.08851e-304
0
6.48131e+39
0
0
4.64845e+163
0
-1.25806e+95
0
0
0
0
1.71673e+27
0
1.37165e-249
0
0
0
1.19043
8.52306e+44
0
0
0
0
-3.63904e+294
1.21065e-114
0
0
0
0
-2.82825e+56
0
-3.66765e+165
0
0
9.70979e-261
0
4.33978e-304
0
0
0
0
-1.81457e-189
1.70658e+299
0
0
0
0
-1.52596e+47
3.64472e-81
0
0
0
0
1.09095e+47
9.14204e+199
0
0
0
0
-3.55802e-32
-3.50717e+118
0
0
0
0
3.79898e-85
0
1.99837e+28
0
0
6.65864e+42
0
6.48131e+39
0
0
0
0
-7.82576e-275
0
0
-3.53713e+81
0
0
-3.45793e+164
0
-2.68581e-22
0
0
1.55706e+92
0
2.28042e-196
0
0
0
0
-1.95483e+284
0
-3.01749e+23
0
0
9.31253e-296
0
-1.52833e+229
0
0
0
0
5.44253e-305
0
0
6.48131e+39
0
-7.82284e+39
0
0
-1.25806e+95
0
1.41385e-49
0
0
0
0
1.37165e-249
0
0
2.08083e+41
0
8.52306e+44
0
0
-4.47677e+266
0
-3.63904e+294
0
0
2.84668e-307
0
0
0
0
-3.66765e+165
0
8.50395e-307
0
0
4.33978e-304
0
1.6085e+213
0
0
0
0
-1.81457e-189
0
-3.63108e-151
0
0
0
3.64472e-81
0
1.9359e+178
0
0
1.09095e+47
0
-2.91817e-13
0
0
0
0
-3.50717e+118
0
5.14907
0
0
0
3.79898e-85
3.40158e-306
0
0
0
0
6.35348e+103
6.65864e+42
0
0
0
0
-7.82576e-275
1.04484e-259
0
0
0
0
8.52306e+44
0
-3.45793e+164
0
0
0
1.63683e-84
1.55706e+92
0
0
0
0
-1.95483e+284
4.4984e-124
0
0
0
0
1.35618e-305
0
9.31253e-296
0
0
-2.37878e+51
0
5.44253e-305
0
0
0
0
5.49279e-49
0
-7.82284e+39
0
0
2.88128e-122
0
1.41385e-49
0
0
0
3.33432e-103
0
2.08083e+41
0
0
0
0
-1.10652e-294
0
-4.47677e+266
0
0
6.80316e-306
0
2.84668e-307
0
0
4.22766e-158
0
0
0
0
8.50395e-307
0
-2.89864e-69
0
0
1.6085e+213
0
1.35618e-305
0
0
0
0
-4.9539e-194
-3.63108e-151
0
0
0
0
1.9359e+178
0
1.32846e-254
0
0
-2.91817e-13
0
8.50395e-307
0
0
0
0
5.14907
0
0
-849683
0
0
3.40158e-306
0
-1.59322e+68
0
0
6.35348e+103
0
6.48131e+39
0
0
0
0
1.04484e-259
0
2.2506e-67
0
0
8.52306e+44
0
-5.48263e-37
0
0
0
0
6.48131e+39
1.63683e-84
0
0
0
0
4.4984e-124
0
-4.41468e+21
0
0
1.35618e-305
0
-1.89733e+230
0
0
0
0
-2.37878e+51
0
5.20206e+40
0
0
0
5.49279e-49
6.49427e-221
0
0
0
0
1.50193e-220
2.88128e-122
0
0
0
0
3.33432e-103
0
8.50395e-307
0
0
-1.10652e-294
0
-8.12134e+37
0
0
0
0
-2.342e-284
6.80316e-306
0
0
0
0
4.22766e-158
1.36369e+46
0
0
0
-2.89864e-69
0
1.35172e+118
0
0
0
0
1.35618e-305
0
-1.1727e+242
0
0
-4.9539e-194
0
1.42526e+52
0
0
0
0
1.32846e-254
0
6.49907e+77
0
0
0
8.50395e-307
0
-2.39591e-137
0
0
-849683
0
3.90076e-201
0
0
0
0
-1.59322e+68
0
-4.04637e-308
0
0
0
6.48131e+39
1.27079e-91
0
0
0
0
2.43797e-202
2.2506e-67
0
0
0
0
-5.48263e-37
-3.54428e-173
0
0
0
0
6.48131e+39
5.27136e-198
0
0
0
0
1.36063e-305
-4.41468e+21
0
0
0
0
-1.89733e+230
1.01065e-288
0
0
0
0
2.00169e+104
0
5.20206e+40
0
0
7.14975e+07
0
6.49427e-221
0
0
0
0
-8.02393e-108
0
1.50193e-220
0
0
9.11937e-179
0
0
8.50395e-307
0
1.62903e-253
0
0
0
0
-8.12134e+37
0
0
-4.06944e-139
0
-2.342e-284
0
0
-3.2147e+256
0
1.36369e+46
0
0
0
0
5.53178e+77
0
0
1.35172e+118
0
1.03667e-17
0
0
-1.1727e+242
0
-2.20435e-180
0
0
0
0
1.42526e+52
0
1.04368e-192
0
0
0
6.49907e+77
-3.45009e+30
0
0
0
0
5.74831e+60
-2.39591e-137
0
0
0
0
3.90076e-201
0
1.35618e-305
0
0
-4.04637e-308
0
3.02589e+151
0
0
0
0
1.27079e-91
0
-1.25769e+76
0
0
0
2.43797e-202
2.59793e-252
0
0
0
0
7.49404e-267
-3.54428e-173
0
0
0
0
5.27136e-198
0
-4.00047e-175
0
0
1.36063e-305
0
5.42473e-305
0
0
0
0
7.13527e-102
1.01065e-288
0
0
0
0
2.00169e+104
2.23069e-279
0
0
0
0
8.50395e-307
0
7.14975e+07
0
0
1.00694e-21
0
-8.02393e-108
0
0
0
0
9.11937e-179
7.35567e-232
0
0
0
0
2.76305e+179
1.62903e-253
0
0
0
0
-4.06944e-139
-7.25458e+136
0
0
0
0
3.59316e+15
0
-3.2147e+256
0
0
8.50395e-307
0
5.53178e+77
0
0
0
0
1.03811e+35
0
1.03667e-17
0
0
0
-6.20337e+218
-2.20435e-180
0
0
0
0
1.04368e-192
6.65864e+42
0
0
0
0
2.25622e+199
0
-3.45009e+30
0
0
-4.10011e-119
0
5.74831e+60
0
0
0
0
5.42473e-305
0
1.35618e-305
0
0
0
2.34502e-26
0
3.02589e+151
0
0
1.95862e-175
0
-1.25769e+76
0
0
0
0
6.3294e+36
0
2.59793e-252
0
0
1.03686e-252
0
7.49404e-267
0
0
0
0
3.45316e+144
0
0
-4.00047e-175
0
6.35017e+36
0
0
5.42473e-305
0
8.85804e+77
0
0
7.13527e-102
0
0
0
0
-1.13572e-53
0
2.23069e-279
0
0
8.50395e-307
0
0
8.50395e-307
0
1.4168e-15
0
0
0
0
1.00694e-21
0
4.83094e+197
0
0
7.35567e-232
0
8.50395e-307
0
0
0
0
2.76305e+179
0
0
2.44018e-242
0
0
-7.25458e+136
7.03395e+283
0
0
0
0
8.49518e+44
3.59316e+15
0
0
0
0
8.50395e-307
0
-5.23799e-126
0
0
1.03811e+35
0
-3.87072e+277
0
0
0
0
-6.20337e+218
0
8.8219e+78
0
0
0
6.65864e+42
1.10901e-141
0
0
0
0
-7.88229e+215
2.25622e+199
0
0
0
0
-4.10011e-119
6.65864e+42
0
0
0
0
-1.77145e+224
5.42473e-305
0
0
0
0
2.34502e-26
0
1.41444e-174
0
0
0
1.95862e-175
8.50395e-307
0
0
0
0
-5.27887e+287
6.3294e+36
0
0
0
0
1.03686e-252
-4.19434e-51
0
0
0
0
1.20328e-174
0
3.45316e+144
0
0
0
4.80577e-216
6.35017e+36
0
0
0
0
8.85804e+77
-1.75287e-249
0
0
0
0
1.09095e+47
0
-1.13572e-53
0
0
-5.62193e-152
0
8.50395e-307
0
0
0
0
4.41126e+253
0
1.4168e-15
0
0
0
6.80316e-306
4.83094e+197
0
0
0
0
8.50395e-307
6.6694e+117
0
0
0
0
-5.86609e-198
0
2.44018e-242
0
0
2.07402e+41
0
7.03395e+283
0
0
0
0
-4.28976e+60
0
8.49518e+44
0
0
-7.62993e-236
0
-5.23799e-126
0
0
1.09095e+47
0
0
0
0
-3.87072e+277
0
-7.42081e-193
0
0
8.8219e+78
0
3.50917e+186
0
0
0
0
1.10901e-141
0
0
1.09095e+47
0
0
-7.88229e+215
-1.22733e-33
0
0
0
6.65864e+42
0
-4.773e+238
0
0
0
0
-1.77145e+224
0
1.36063e-305
0
0
1.41444e-174
0
5.71563e-246
0
0
0
0
8.50395e-307
0
1.95912e+38
0
0
0
-5.27887e+287
3.81334e-145
0
0
0
0
-7.08614e-301
-4.19434e-51
0
0
0
0
1.20328e-174
0
7.96845e+226
0
0
0
4.80577e-216
2.68058e-190
0
0
0
0
4.69144e-70
-1.75287e-249
0
0
0
0
1.09095e+47
1.24159e-222
0
0
0
0
5.18505e+40
0
-5.62193e-152
0
0
0
2.38394e+245
4.41126e+253
0
0
0
0
6.80316e-306
-1.94359e-30
0
0
0
0
6.48131e+39
6.6694e+117
0
0
0
0
-5.86609e-198
2.19641e+306
0
0
0
0
-2.90812e-228
0
2.07402e+41
0
0
8.50395e-307
0
-4.28976e+60
0
0
0
0
-1.39155e-215
0
-7.62993e-236
0
0
-2.11555e-153
0
0
1.09095e+47
0
0
1.08851e-304
0
-7.42081e-193
0
0
0
0
1.30525e-300
0
3.50917e+186
0
0
2.29477e+115
0
1.09095e+47
0
0
0
0
6.65864e+42
0
0
-1.22733e-33
0
0
9.3838e+33
0
-4.773e+238
0
1.28919e-285
0
0
1.36063e-305
0
0
0
0
1.43142e-94
0
5.71563e-246
0
0
7.08489e+136
0
1.95912e+38
0
0
-1.05814e-08
0
0
0
0
3.81334e-145
0
5.0094e+06
0
0
-7.08614e-301
0
-1.3436e-246
0
0
0
0
7.96845e+226
0
0
-1.48551e+263
0
2.68058e-190
0
0
1.08851e-304
0
0
4.69144e-70
0
0
0
1.2267e+203
0
0
1.24159e-222
0
4.8114e+46
0
0
5.18505e+40
0
1.47852e+27
0
0
0
0
2.38394e+245
0
0
-1.84336e-98
0
0
-1.94359e-30
0
-8.94111e-27
0
0
6.48131e+39
0
5.42473e-305
0
0
0
0
2.19641e+306
0
-1.73624e+194
0
0
-2.90812e-228
0
-6.84095e-179
0
0
0
0
5.30949e+43
8.50395e-307
0
0
0
0
-1.39155e-215
-9.17778e+173
0
0
0
0
2.49193e-132
-2.11555e-153
0
0
0
0
1.08851e-304
0
1.09095e+47
0
0
0
1.30525e-300
6.52337e+187
0
0
0
0
5.27297e+147
2.29477e+115
0
0
0
0
6.65864e+42
6.67252e-250
0
0
0
0
7.79133e+55
9.3838e+33
0
0
0
0
1.28919e-285
-7.39139e-182
0
0
0
0
1.43142e-94
1.46273e+201
0
0
0
0
3.04792e+176
7.08489e+136
0
0
0
0
-1.05814e-08
8.17235e+89
0
0
0
0
1.93156e-173
5.0094e+06
0
0
0
0
-1.3436e-246
-1.64779e+22
0
0
0
0
-5.49314e-20
0
-1.48551e+263
0
0
1.36063e-305
0
1.08851e-304
0
0
0
0
8.84212e+123
0
1.2267e+203
0
0
0
3.58283e-117
0
4.8114e+46
0
0
5.08014e+37
0
1.47852e+27
0
0
0
0
-1.33567e+306
0
-1.84336e-98
0
0
-1.18513e-27
0
-8.94111e-27
0
0
0
0
5.83785e+55
0
0
5.42473e-305
0
0
6.49427e-221
0
-1.73624e+194
0
6.29642e-120
0
0
-6.84095e-179
0
0
0
0
6.80316e-306
0
0
5.30949e+43
0
-1.93274e-306
0
0
-9.17778e+173
0
1.04612e-179
0
0
0
0
2.49193e-132
0
7.50484e+116
0
0
1.09095e+47
0
-4.58752e+184
0
0
0
0
-3.01665e-32
6.52337e+187
0
0
0
0
5.27297e+147
3.06709e-231
0
0
0
0
6.33883e+163
6.67252e-250
0
0
0
0
7.79133e+55
0
-6.34677e-209
0
0
-7.39139e-182
0
8.47613e-307
0
0
0
0
1.83564e-190
1.46273e+201
0
0
0
0
3.04792e+176
1.49747e+74
0
0
0
0
8.50395e-307
8.17235e+89
0
0
0
0
1.93156e-173
-1.49596e+158
0
0
0
0
6.44551e+220
0
-1.64779e+22
0
0
0
8.47613e-307
-5.49314e-20
0
0
0
0
1.36063e-305
-1.33994e-176
0
0
0
0
-1.20068e-252
0
8.84212e+123
0
0
1.89053e+175
0
3.58283e-117
0
0
0
0
8.60737e-184
0
5.08014e+37
0
0
-1.60035e-176
0
-1.33567e+306
0
0
1.04368e-192
0
0
0
0
-1.18513e-27
0
-2.99956e-97
0
0
5.83785e+55
0
4.63299e+32
0
0
0
0
6.49427e-221
0
0
6.65864e+42
0
0
6.29642e-120
0
-1.7002e-220
0
0
6.80316e-306
0
2.01967e+145
0
0
0
0
-1.93274e-306
0
1.06299e-307
0
0
1.04612e-179
0
0
1.67725e+76
0
0
0
1.30445e-306
7.50484e+116
0
0
0
0
-4.58752e+184
0
6.65864e+42
0
0
-3.01665e-32
0
1.63374e+202
0
0
0
0
3.06709e-231
0
-1.814e+250
0
0
6.33883e+163
0
1.91295e+60
0
0
0
0
-6.34677e-209
0
0
1.76541e+260
0
8.47613e-307
0
0
4.31632e-191
0
0
1.83564e-190
0
8.47613e-307
0
0
0
0
1.49747e+74
0
3.31462e-121
0
0
8.50395e-307
0
0
-7.47863e+92
0
-1.49596e+158
0
0
0
0
5.08014e+37
0
0
6.44551e+220
0
68.5475
0
0
8.47613e-307
0
-2.34974e-290
0
0
0
0
6.48131e+39
-1.33994e-176
0
0
0
0
-1.20068e-252
0
60.888
0
0
1.89053e+175
0
6.30201e+142
0
0
0
0
8.60737e-184
0
9.6062e+118
0
0
0
-1.60035e-176
0
7.53835e-300
0
0
1.04368e-192
0
1.28951e-181
0
0
0
0
-2.99956e-97
0
1.2672e-109
0
0
0
4.63299e+32
-1.43073e-06
0
0
0
0
-2.93291e+110
6.65864e+42
0
0
0
0
-1.7002e-220
0
6.35017e+36
0
0
2.01967e+145
0
1.94676e-213
0
0
0
0
-1.78783e-56
1.06299e-307
0
0
0
0
1.67725e+76
1.08851e-304
0
0
0
1.30445e-306
0
-9.72358e-279
0
0
0
0
-9.3693e+52
6.65864e+42
0
0
0
0
1.63374e+202
1.52534e-144
0
0
0
0
-6.84893e+37
-1.814e+250
0
0
0
-1.54884e-31
0
1.91295e+60
0
0
0
0
8.47613e-307
0
1.76541e+260
0
0
-3.12333e-288
0
4.31632e-191
0
0
0
-2.77005e-301
0
8.47613e-307
0
0
0
0
2.17701e-304
0
3.31462e-121
0
0
-9.35914e-42
0
-7.47863e+92
0
0
-5.14127e+42
0
0
0
0
5.08014e+37
0
0
1.90269e-58
0
68.5475
0
0
3.28472e-72
0
0
-2.34974e-290
0
0
0
-2.38043e+249
0
0
6.48131e+39
0
7.58587e-307
0
0
60.888
0
-1.59758e-170
0
0
0
0
6.30201e+142
0
3.73585e+155
0
0
9.6062e+118
0
1.09095e+47
0
0
0
0
7.53835e-300
0
0
4.25569e+221
0
0
1.28951e-181
0
1.26957e-284
0
0
1.2672e-109
0
8.50395e-307
0
0
0
0
7.15158e-233
-1.43073e-06
0
0
0
0
-2.93291e+110
0
-2.93376e-221
0
0
6.35017e+36
0
4.72633e+174
0
0
0
0
1.94676e-213
0
-1.32082e-21
0
0
0
-1.78783e-56
0
-1.44348e+197
0
0
1.08851e-304
0
1.78528e-241
0
0
0
0
-9.72358e-279
0
0
5.40582e-194
0
-9.3693e+52
0
0
-7.01807e+24
0
0
1.52534e-144
0
5.44253e-305
0
0
0
0
-6.84893e+37
0
1.44977e+41
0
0
-1.54884e-31
0
0
4.29492e+64
0
8.47613e-307
0
0
0
0
6.48131e+39
0
0
-3.12333e-288
0
2.42673e+201
0
0
-2.77005e-301
0
0
9.98219e+50
0
2.17701e-304
