0.233604
0.25
0.191444
0.5
0.136811
0.75
0.0842357
1
0.0877497
1.25
0.0884202
1.5
0.086385
1.75
0.0786203
2
0.0767125
2.25
0.0750869
2.5
0.0770708
2.75
0.0765824
3
0.0813909
3.25
0.0774749
3.5
0.0761598
3.75
0.0759637
4
0.079415
4.25
0.0753265
4.5
0.0762842
4.75
0.0753598
5
0.0816431
5.25
0.0844219
5.5
0.0864772
5.75
0.0933379
6
0.0930015
6.25
0.0907843
6.5
0.0948849
6.75
0.0999869
7
0.103681
7.25
0.100321
7.5
0.122957
7.75
0.217806
8
0.369272
8.25
0.434714
8.5
0.422413
8.75
0.370877
9
0.333266
9.25
0.329669
9.5
0.332963
9.75
0.336196
10
0.334902
10.25
0.33394
10.5
0.329307
10.75
0.329631
11
0.329014
11.25
0.323079
11.5
0.317924
11.75
0.317706
12
0.323625
12.25
0.334093
12.5
0.354065
12.75
0.389935
13
0.438125
13.25
0.502714
13.5
0.576782
13.75
0.65314
14
0.732842
14.25
0.803281
14.5
0.831283
14.75
0.802735
15
0.754961
15.25
0.884506
15.5
1.26559
15.75
1.64136
16
1.76215
16.25
1.55969
16.5
1.17342
16.75
0.991812
17
1.17031
17.25
1.32628
17.5
1.24969
17.75
0.963448
18
0.59549
18.25
0.303429
18.5
0.182371
18.75
0.19665
19
0.210301
19.25
0.233062
19.5
0.257235
19.75
0.296065
20
0.33645
20.25
0.350027
20.5
0.349458
20.75
0.36336
21
0.397042
21.25
0.437407
21.5
0.479896
21.75
0.498605
22
0.49194
22.25
0.461181
22.5
0.399881
22.75
0.321256
23
0.283143
23.25
0.336484
23.5
0.377243
23.75
0.380953
24
0.363041
24.25
0.337227
24.5
0.324207
24.75
0.293315
25
0.253708
25.25
0.326651
25.5
0.444379
25.75
0.504938
26
0.460144
26.25
0.355495
26.5
0.256809
26.75
0.204063
27
0.20697
27.25
0.249379
27.5
0.270545
27.75
0.261514
28
0.245067
28.25
0.210615
28.5
0.193016
28.75
0.180662
29
0.178494
29.25
0.237493
29.5
0.298796
29.75
0.351045
30
