rm: cannot remove 'mpi.txt': No such file or directory
srun: Warning: can't run 1 processes on 2 nodes, setting nnodes to 1
Made it to scatter
Made it past Scatter
Num Particles[0] = 304
Made it to Allreduce
Phi Data Size = 8
dbox high corner = 
(7)
Made it past Allreduce
0.0695814
Made it to Allreduce
Phi Data Size = 8
dbox high corner = 
(7)
Made it past Allreduce
Made it to Allreduce
Phi Data Size = 8
dbox high corner = 
(7)
Made it past Allreduce
0.25
Made it to Allreduce
Phi Data Size = 8
dbox high corner = 
(7)
Made it past Allreduce
0.0665661
Made it to Allreduce
Phi Data Size = 8
dbox high corner = 
(7)
Made it past Allreduce
Made it to Allreduce
Phi Data Size = 8
dbox high corner = 
(7)
Made it past Allreduce
0.5
Made it to Allreduce
Phi Data Size = 8
dbox high corner = 
(7)
Made it past Allreduce
0.0582324
Made it to Allreduce
Phi Data Size = 8
dbox high corner = 
(7)
Made it past Allreduce
Made it to Allreduce
Phi Data Size = 8
dbox high corner = 
(7)
Made it past Allreduce
0.75
Made it to Allreduce
Phi Data Size = 8
dbox high corner = 
(7)
Made it past Allreduce
0.0456411
Made it to Allreduce
Phi Data Size = 8
dbox high corner = 
(7)
Made it past Allreduce
Made it to Allreduce
Phi Data Size = 8
dbox high corner = 
(7)
Made it past Allreduce
1
Made it to Allreduce
Phi Data Size = 8
dbox high corner = 
(7)
Made it past Allreduce
0.0306188
Made it to Allreduce
Phi Data Size = 8
dbox high corner = 
(7)
Made it past Allreduce
Made it to Allreduce
Phi Data Size = 8
dbox high corner = 
(7)
Made it past Allreduce
1.25
Made it to Allreduce
Phi Data Size = 8
dbox high corner = 
(7)
Made it past Allreduce
0.0148051
Made it to Allreduce
Phi Data Size = 8
dbox high corner = 
(7)
Made it past Allreduce
Made it to Allreduce
Phi Data Size = 8
dbox high corner = 
(7)
Made it past Allreduce
1.5
Made it to Allreduce
Phi Data Size = 8
dbox high corner = 
(7)
Made it past Allreduce
0.000445176
Made it to Allreduce
Phi Data Size = 8
dbox high corner = 
(7)
Made it past Allreduce
Made it to Allreduce
Phi Data Size = 8
dbox high corner = 
(7)
Made it past Allreduce
1.75
Made it to Allreduce
Phi Data Size = 8
dbox high corner = 
(7)
Made it past Allreduce
0.0117357
Made it to Allreduce
Phi Data Size = 8
dbox high corner = 
(7)
Made it past Allreduce
Made it to Allreduce
Phi Data Size = 8
dbox high corner = 
(7)
Made it past Allreduce
2
Made it to Allreduce
Phi Data Size = 8
dbox high corner = 
(7)
Made it past Allreduce
0.0195775
Made it to Allreduce
Phi Data Size = 8
dbox high corner = 
(7)
Made it past Allreduce
Made it to Allreduce
Phi Data Size = 8
dbox high corner = 
(7)
Made it past Allreduce
2.25
Made it to Allreduce
Phi Data Size = 8
dbox high corner = 
(7)
Made it past Allreduce
0.0232798
Made it to Allreduce
Phi Data Size = 8
dbox high corner = 
(7)
Made it past Allreduce
Made it to Allreduce
Phi Data Size = 8
dbox high corner = 
(7)
Made it past Allreduce
2.5
Made it to Allreduce
Phi Data Size = 8
dbox high corner = 
(7)
Made it past Allreduce
0.0233271
Made it to Allreduce
Phi Data Size = 8
dbox high corner = 
(7)
Made it past Allreduce
Made it to Allreduce
Phi Data Size = 8
dbox high corner = 
(7)
Made it past Allreduce
2.75
Made it to Allreduce
Phi Data Size = 8
dbox high corner = 
(7)
Made it past Allreduce
0.0202255
Made it to Allreduce
Phi Data Size = 8
dbox high corner = 
(7)
Made it past Allreduce
Made it to Allreduce
Phi Data Size = 8
dbox high corner = 
(7)
Made it past Allreduce
3
Made it to Allreduce
Phi Data Size = 8
dbox high corner = 
(7)
Made it past Allreduce
0.014032
Made it to Allreduce
Phi Data Size = 8
dbox high corner = 
(7)
Made it past Allreduce
Made it to Allreduce
Phi Data Size = 8
dbox high corner = 
(7)
Made it past Allreduce
3.25
Made it to Allreduce
Phi Data Size = 8
dbox high corner = 
(7)
Made it past Allreduce
0.00668863
Made it to Allreduce
Phi Data Size = 8
dbox high corner = 
(7)
Made it past Allreduce
Made it to Allreduce
Phi Data Size = 8
dbox high corner = 
(7)
Made it past Allreduce
3.5
Made it to Allreduce
Phi Data Size = 8
dbox high corner = 
(7)
Made it past Allreduce
0.0021923
Made it to Allreduce
Phi Data Size = 8
dbox high corner = 
(7)
Made it past Allreduce
Made it to Allreduce
Phi Data Size = 8
dbox high corner = 
(7)
Made it past Allreduce
3.75
Made it to Allreduce
Phi Data Size = 8
dbox high corner = 
(7)
Made it past Allreduce
0.00485147
Made it to Allreduce
Phi Data Size = 8
dbox high corner = 
(7)
Made it past Allreduce
Made it to Allreduce
Phi Data Size = 8
dbox high corner = 
(7)
Made it past Allreduce
4
Made it to Allreduce
Phi Data Size = 8
dbox high corner = 
(7)
Made it past Allreduce
0.00928421
Made it to Allreduce
Phi Data Size = 8
dbox high corner = 
(7)
Made it past Allreduce
Made it to Allreduce
Phi Data Size = 8
dbox high corner = 
(7)
Made it past Allreduce
4.25
Made it to Allreduce
Phi Data Size = 8
dbox high corner = 
(7)
Made it past Allreduce
0.0120785
Made it to Allreduce
Phi Data Size = 8
dbox high corner = 
(7)
Made it past Allreduce
Made it to Allreduce
Phi Data Size = 8
dbox high corner = 
(7)
Made it past Allreduce
4.5
Made it to Allreduce
Phi Data Size = 8
dbox high corner = 
(7)
Made it past Allreduce
0.0118852
Made it to Allreduce
Phi Data Size = 8
dbox high corner = 
(7)
Made it past Allreduce
Made it to Allreduce
Phi Data Size = 8
dbox high corner = 
(7)
Made it past Allreduce
4.75
Made it to Allreduce
Phi Data Size = 8
dbox high corner = 
(7)
Made it past Allreduce
0.00931354
Made it to Allreduce
Phi Data Size = 8
dbox high corner = 
(7)
Made it past Allreduce
Made it to Allreduce
Phi Data Size = 8
dbox high corner = 
(7)
Made it past Allreduce
5
Made it to Allreduce
Phi Data Size = 8
dbox high corner = 
(7)
Made it past Allreduce
0.00677914
Made it to Allreduce
Phi Data Size = 8
dbox high corner = 
(7)
Made it past Allreduce
Made it to Allreduce
Phi Data Size = 8
dbox high corner = 
(7)
Made it past Allreduce
5.25
Made it to Allreduce
Phi Data Size = 8
dbox high corner = 
(7)
Made it past Allreduce
0.00400903
Made it to Allreduce
Phi Data Size = 8
dbox high corner = 
(7)
Made it past Allreduce
Made it to Allreduce
Phi Data Size = 8
dbox high corner = 
(7)
Made it past Allreduce
5.5
Made it to Allreduce
Phi Data Size = 8
dbox high corner = 
(7)
Made it past Allreduce
0.000939789
Made it to Allreduce
Phi Data Size = 8
dbox high corner = 
(7)
Made it past Allreduce
Made it to Allreduce
Phi Data Size = 8
dbox high corner = 
(7)
Made it past Allreduce
5.75
Made it to Allreduce
Phi Data Size = 8
dbox high corner = 
(7)
Made it past Allreduce
0.00465539
Made it to Allreduce
Phi Data Size = 8
dbox high corner = 
(7)
Made it past Allreduce
Made it to Allreduce
Phi Data Size = 8
dbox high corner = 
(7)
Made it past Allreduce
6
Made it to Allreduce
Phi Data Size = 8
dbox high corner = 
(7)
Made it past Allreduce
0.00475675
Made it to Allreduce
Phi Data Size = 8
dbox high corner = 
(7)
Made it past Allreduce
Made it to Allreduce
Phi Data Size = 8
dbox high corner = 
(7)
Made it past Allreduce
6.25
Made it to Allreduce
Phi Data Size = 8
dbox high corner = 
(7)
Made it past Allreduce
0.00625827
Made it to Allreduce
Phi Data Size = 8
dbox high corner = 
(7)
Made it past Allreduce
Made it to Allreduce
Phi Data Size = 8
dbox high corner = 
(7)
Made it past Allreduce
6.5
Made it to Allreduce
Phi Data Size = 8
dbox high corner = 
(7)
Made it past Allreduce
0.00585769
Made it to Allreduce
Phi Data Size = 8
dbox high corner = 
(7)
Made it past Allreduce
Made it to Allreduce
Phi Data Size = 8
dbox high corner = 
(7)
Made it past Allreduce
6.75
Made it to Allreduce
Phi Data Size = 8
dbox high corner = 
(7)
Made it past Allreduce
0.00821725
Made it to Allreduce
Phi Data Size = 8
dbox high corner = 
(7)
Made it past Allreduce
Made it to Allreduce
Phi Data Size = 8
dbox high corner = 
(7)
Made it past Allreduce
7
Made it to Allreduce
Phi Data Size = 8
dbox high corner = 
(7)
Made it past Allreduce
0.0101472
Made it to Allreduce
Phi Data Size = 8
dbox high corner = 
(7)
Made it past Allreduce
Made it to Allreduce
Phi Data Size = 8
dbox high corner = 
(7)
Made it past Allreduce
7.25
Made it to Allreduce
Phi Data Size = 8
dbox high corner = 
(7)
Made it past Allreduce
0.0134566
Made it to Allreduce
Phi Data Size = 8
dbox high corner = 
(7)
Made it past Allreduce
Made it to Allreduce
Phi Data Size = 8
dbox high corner = 
(7)
Made it past Allreduce
7.5
Made it to Allreduce
Phi Data Size = 8
dbox high corner = 
(7)
Made it past Allreduce
0.0177943
Made it to Allreduce
Phi Data Size = 8
dbox high corner = 
(7)
Made it past Allreduce
Made it to Allreduce
Phi Data Size = 8
dbox high corner = 
(7)
Made it past Allreduce
7.75
Made it to Allreduce
Phi Data Size = 8
dbox high corner = 
(7)
Made it past Allreduce
0.024855
Made it to Allreduce
Phi Data Size = 8
dbox high corner = 
(7)
Made it past Allreduce
Made it to Allreduce
Phi Data Size = 8
dbox high corner = 
(7)
Made it past Allreduce
8
Made it to Allreduce
Phi Data Size = 8
dbox high corner = 
(7)
Made it past Allreduce
0.0328637
Made it to Allreduce
Phi Data Size = 8
dbox high corner = 
(7)
Made it past Allreduce
Made it to Allreduce
Phi Data Size = 8
dbox high corner = 
(7)
Made it past Allreduce
8.25
Made it to Allreduce
Phi Data Size = 8
dbox high corner = 
(7)
Made it past Allreduce
0.0297005
Made it to Allreduce
Phi Data Size = 8
dbox high corner = 
(7)
Made it past Allreduce
Made it to Allreduce
Phi Data Size = 8
dbox high corner = 
(7)
Made it past Allreduce
8.5
Made it to Allreduce
Phi Data Size = 8
dbox high corner = 
(7)
Made it past Allreduce
0.024168
Made it to Allreduce
Phi Data Size = 8
dbox high corner = 
(7)
Made it past Allreduce
Made it to Allreduce
Phi Data Size = 8
dbox high corner = 
(7)
Made it past Allreduce
8.75
Made it to Allreduce
Phi Data Size = 8
dbox high corner = 
(7)
Made it past Allreduce
0.015839
Made it to Allreduce
Phi Data Size = 8
dbox high corner = 
(7)
Made it past Allreduce
Made it to Allreduce
Phi Data Size = 8
dbox high corner = 
(7)
Made it past Allreduce
9
Made it to Allreduce
Phi Data Size = 8
dbox high corner = 
(7)
Made it past Allreduce
0.00420657
Made it to Allreduce
Phi Data Size = 8
dbox high corner = 
(7)
Made it past Allreduce
Made it to Allreduce
Phi Data Size = 8
dbox high corner = 
(7)
Made it past Allreduce
9.25
Made it to Allreduce
Phi Data Size = 8
dbox high corner = 
(7)
Made it past Allreduce
0.0078475
Made it to Allreduce
Phi Data Size = 8
dbox high corner = 
(7)
Made it past Allreduce
Made it to Allreduce
Phi Data Size = 8
dbox high corner = 
(7)
Made it past Allreduce
9.5
Made it to Allreduce
Phi Data Size = 8
dbox high corner = 
(7)
Made it past Allreduce
0.0140845
Made it to Allreduce
Phi Data Size = 8
dbox high corner = 
(7)
Made it past Allreduce
Made it to Allreduce
Phi Data Size = 8
dbox high corner = 
(7)
Made it past Allreduce
9.75
Made it to Allreduce
Phi Data Size = 8
dbox high corner = 
(7)
Made it past Allreduce
0.0166198
Made it to Allreduce
Phi Data Size = 8
dbox high corner = 
(7)
Made it past Allreduce
Made it to Allreduce
Phi Data Size = 8
dbox high corner = 
(7)
Made it past Allreduce
10
