0.233604
0.25
0.194944
0.5
0.141757
0.75
0.0927692
1
0.0898833
1.25
0.0930161
1.5
0.0900733
1.75
0.0822571
2
0.0836385
2.25
0.0812404
2.5
0.084546
2.75
0.0822572
3
0.0868361
3.25
0.0832977
3.5
0.0816157
3.75
0.0838157
4
0.087894
4.25
0.0823984
4.5
0.0855929
4.75
0.0838386
5
0.0846852
5.25
0.0832555
5.5
0.0918549
5.75
0.100441
6
0.10068
6.25
0.0995075
6.5
0.105888
6.75
0.108971
7
0.111017
7.25
0.110568
7.5
0.132422
7.75
0.236225
8
0.396898
8.25
0.469274
8.5
0.455588
8.75
0.401467
9
0.359561
9.25
0.352383
9.5
0.355453
9.75
0.358563
10
0.355543
10.25
0.352374
10.5
0.344768
10.75
0.342924
11
0.340066
11.25
0.334229
11.5
0.331091
11.75
0.333532
12
0.341375
12.25
0.352617
12.5
0.37131
12.75
0.405232
13
0.453664
13.25
0.525206
13.5
0.609142
13.75
0.701751
14
0.798652
14.25
0.883085
14.5
0.919735
14.75
0.88272
15
0.791871
15.25
0.847906
15.5
1.18493
15.75
1.55345
16
1.66854
16.25
1.46475
16.5
1.08949
16.75
0.947459
17
1.16414
17.25
1.33587
17.5
1.25669
17.75
0.963259
18
0.593078
18.25
0.30178
18.5
0.199791
18.75
0.225398
19
0.240914
19.25
0.26266
19.5
0.270551
19.75
0.300608
20
0.345511
20.25
0.367495
20.5
0.368642
20.75
0.359944
21
0.369195
21.25
0.400225
21.5
0.444109
21.75
0.464566
22
0.471709
22.25
0.459185
22.5
0.409006
22.75
0.327854
23
0.269575
23.25
0.289831
23.5
0.327917
23.75
0.3466
24
0.357173
24.25
0.375204
24.5
0.388458
24.75
0.34313
25
0.330758
25.25
0.414594
25.5
0.512483
25.75
0.539792
26
0.507965
26.25
0.402599
26.5
0.312026
26.75
0.268458
27
0.278365
27.25
0.306658
27.5
0.318143
27.75
0.297711
28
0.273201
28.25
0.237908
28.5
0.212396
28.75
0.188737
29
0.204236
29.25
0.254288
29.5
0.30364
29.75
0.344883
30
