rm: cannot remove 'mpi.txt': No such file or directory
Particles per Processor =556
rank =2 Partition sizes= 556
rank =2 Partition sizes= 556
rank =2 Partition sizes= 556
rank =2 Partition sizes= 556
rank =2 Partition sizes= 556
rank =2 Partition sizes= 556
rank =2 Partition sizes= 556
Particles per Processor =556
rank =7 Partition sizes= 556
rank =7 Partition sizes= 556
rank =7 Partition sizes= 556
rank =2 Partition sizes= 556
rank =2 Partition sizes= 556
rank =2 Partition sizes= 556
rank =2 Partition sizes= 556
rank =2 Partition sizes= 556
rank =2 Partition sizes= 556
rank =7 Partition sizes= 556
rank =7 Partition sizes= 556
rank =7 Partition sizes= 556
rank =7 Partition sizes= 556
rank =7 Partition sizes= 556
rank =7 Partition sizes= 556
Particles per Processor =556
rank =13 Partition sizes= 556
rank =13 Partition sizes= 556
rank =13 Partition sizes= 556
rank =13 Partition sizes= 556
Particles per Processor =556
rank =16 Partition sizes= 556
rank =16 Partition sizes= 556
rank =16 Partition sizes= 556
Particles per Processor =556
rank =20 Partition sizes= 556
Particles per Processor =556
rank =18 Partition sizes= 556
rank =18 Partition sizes= 556
rank =18 Partition sizes= 556
rank =18 Partition sizes= 556
rank =18 Partition sizes= 556
rank =18 Partition sizes= 556
rank =18 Partition sizes= 556
Particles per Processor =556
rank =8 Partition sizes= 556
rank =8 Partition sizes= 556
rank =8 Partition sizes= 556
rank =8 Partition sizes= 556
rank =2 Partition sizes= 556
rank =2 Partition sizes= 556
rank =2 Partition sizes= 556
rank =2 Partition sizes= 556
rank =2 Partition sizes= 556
Particles per Processor =556
rank =12 Partition sizes= 556
rank =12 Partition sizes= 556
rank =12 Partition sizes= 556
rank =12 Partition sizes= 556
Particles per Processor =556
rank =30 Partition sizes= 556
rank =30 Partition sizes= 556
rank =30 Partition sizes= 556
rank =30 Partition sizes= 556
Particles per Processor =556
rank =6 Partition sizes= 556
rank =6 Partition sizes= 556
rank =6 Partition sizes= 556
rank =6 Partition sizes= 556
rank =6 Partition sizes= 556
Particles per Processor =556
rank =14 Partition sizes= 556
rank =14 Partition sizes= 556
Particles per Processor =556
rank =0 Partition sizes= 556
rank =0 Partition sizes= 556
rank =0 Partition sizes= 556
rank =0 Partition sizes= 556
rank =0 Partition sizes= 556
rank =0 Partition sizes= 556
rank =0 Partition sizes= 556
Particles per Processor =556
rank =3 Partition sizes= 556
rank =3 Partition sizes= 556
rank =3 Partition sizes= 556
rank =3 Partition sizes= 556
rank =3 Partition sizes= 556
Particles per Processor =556
rank =4 Partition sizes= 556
rank =4 Partition sizes= 556
rank =4 Partition sizes= 556
rank =4 Partition sizes= 556
rank =4 Partition sizes= 556
rank =4 Partition sizes= 556
Particles per Processor =556
rank =15 Partition sizes= 556
rank =15 Partition sizes= 556
rank =15 Partition sizes= 556
rank =15 Partition sizes= 556
rank =15 Partition sizes= 556
Particles per Processor =556
rank =1 Partition sizes= 556
rank =1 Partition sizes= 556
rank =1 Partition sizes= 556
rank =1 Partition sizes= 556
rank =1 Partition sizes= 556
rank =1 Partition sizes= 556
Particles per Processor =556
rank =28 Partition sizes= 556
rank =28 Partition sizes= 556
rank =28 Partition sizes= 556
rank =28 Partition sizes= 556
rank =28 Partition sizes= 556
Particles per Processor =556
rank =11 Partition sizes= 556
rank =11 Partition sizes= 556
Particles per Processor =556
rank =29 Partition sizes= 556
rank =29 Partition sizes= 556
rank =29 Partition sizes= 556
rank =29 Partition sizes= 556
rank =29 Partition sizes= 556
Particles per Processor =556
rank =10 Partition sizes= 556
rank =10 Partition sizes= 556
rank =10 Partition sizes= 556
Particles per Processor =556
rank =19 Partition sizes= 556
rank =19 Partition sizes= 556
rank =19 Partition sizes= 556
rank =19 Partition sizes= 556
rank =19 Partition sizes= 556
rank =7 Partition sizes= 556
rank =7 Partition sizes= 556
rank =7 Partition sizes= 556
rank =7 Partition sizes= 556
rank =7 Partition sizes= 556
rank =13 Partition sizes= 556
rank =13 Partition sizes= 556
rank =13 Partition sizes= 556
rank =13 Partition sizes= 556
rank =13 Partition sizes= 556
rank =16 Partition sizes= 556
rank =16 Partition sizes= 556
rank =16 Partition sizes= 556
rank =16 Partition sizes= 556
rank =16 Partition sizes= 556
rank =16 Partition sizes= 556
rank =16 Partition sizes= 556
rank =20 Partition sizes= 556
rank =20 Partition sizes= 556
rank =20 Partition sizes= 556
rank =18 Partition sizes= 556
rank =18 Partition sizes= 556
rank =18 Partition sizes= 556
rank =18 Partition sizes= 556
rank =18 Partition sizes= 556
rank =18 Partition sizes= 556
rank =18 Partition sizes= 556
Particles per Processor =556
rank =31 Partition sizes= 556
rank =31 Partition sizes= 556
rank =31 Partition sizes= 556
rank =31 Partition sizes= 556
rank =31 Partition sizes= 556
rank =31 Partition sizes= 556
rank =31 Partition sizes= 556
rank =31 Partition sizes= 556
rank =31 Partition sizes= 556
rank =31 Partition sizes= 556
rank =31 Partition sizes= 556
rank =8 Partition sizes= 556
rank =8 Partition sizes= 556
rank =8 Partition sizes= 556
rank =8 Partition sizes= 556
rank =2 Partition sizes= 556
rank =2 Partition sizes= 556
rank =12 Partition sizes= 556
rank =12 Partition sizes= 556
rank =12 Partition sizes= 556
rank =12 Partition sizes= 556
rank =12 Partition sizes= 556
rank =12 Partition sizes= 556
rank =30 Partition sizes= 556
rank =30 Partition sizes= 556
rank =30 Partition sizes= 556
rank =30 Partition sizes= 556
rank =30 Partition sizes= 556
rank =30 Partition sizes= 556
rank =6 Partition sizes= 556
rank =6 Partition sizes= 556
rank =6 Partition sizes= 556
rank =6 Partition sizes= 556
rank =6 Partition sizes= 556
Particles per Processor =556
rank =9 Partition sizes= 556
rank =9 Partition sizes= 556
rank =9 Partition sizes= 556
rank =9 Partition sizes= 556
rank =9 Partition sizes= 556
rank =14 Partition sizes= 556
rank =14 Partition sizes= 556
rank =14 Partition sizes= 556
rank =14 Partition sizes= 556
rank =14 Partition sizes= 556
rank =0 Partition sizes= 556
rank =0 Partition sizes= 556
rank =0 Partition sizes= 556
rank =0 Partition sizes= 556
rank =0 Partition sizes= 556
rank =0 Partition sizes= 556
rank =3 Partition sizes= 556
rank =3 Partition sizes= 556
rank =3 Partition sizes= 556
rank =3 Partition sizes= 556
rank =3 Partition sizes= 556
rank =4 Partition sizes= 556
rank =4 Partition sizes= 556
rank =4 Partition sizes= 556
rank =4 Partition sizes= 556
rank =4 Partition sizes= 556
rank =4 Partition sizes= 556
rank =15 Partition sizes= 556
rank =15 Partition sizes= 556
rank =15 Partition sizes= 556
rank =15 Partition sizes= 556
rank =7 Partition sizes= 556
rank =7 Partition sizes= 556
rank =7 Partition sizes= 556
rank =7 Partition sizes= 556
rank =13 Partition sizes= 556
rank =13 Partition sizes= 556
rank =13 Partition sizes= 556
rank =13 Partition sizes= 556
rank =13 Partition sizes= 556
rank =16 Partition sizes= 556
rank =16 Partition sizes= 556
rank =16 Partition sizes= 556
rank =16 Partition sizes= 556
rank =16 Partition sizes= 556
rank =20 Partition sizes= 556
rank =20 Partition sizes= 556
rank =20 Partition sizes= 556
rank =20 Partition sizes= 556
rank =18 Partition sizes= 556
rank =18 Partition sizes= 556
rank =18 Partition sizes= 556
rank =18 Partition sizes= 556
rank =31 Partition sizes= 556
rank =31 Partition sizes= 556
rank =31 Partition sizes= 556
rank =31 Partition sizes= 556
rank =31 Partition sizes= 556
rank =31 Partition sizes= 556
rank =31 Partition sizes= 556
rank =8 Partition sizes= 556
rank =8 Partition sizes= 556
rank =8 Partition sizes= 556
rank =2 Partition sizes= 556
rank =2 Partition sizes= 556
rank =2 Partition sizes= 556
rank =2 Partition sizes= 556
rank =12 Partition sizes= 556
rank =12 Partition sizes= 556
rank =12 Partition sizes= 556
rank =12 Partition sizes= 556
rank =30 Partition sizes= 556
rank =30 Partition sizes= 556
rank =30 Partition sizes= 556
rank =30 Partition sizes= 556
rank =6 Partition sizes= 556
rank =6 Partition sizes= 556
rank =6 Partition sizes= 556
rank =6 Partition sizes= 556
rank =9 Partition sizes= 556
rank =9 Partition sizes= 556
rank =9 Partition sizes= 556
rank =14 Partition sizes= 556
rank =14 Partition sizes= 556
rank =14 Partition sizes= 556
rank =14 Partition sizes= 556
rank =0 Partition sizes= 556
rank =0 Partition sizes= 556
rank =0 Partition sizes= 556
rank =0 Partition sizes= 556
rank =0 Partition sizes= 556
rank =0 Partition sizes= 556
rank =3 Partition sizes= 556
rank =3 Partition sizes= 556
rank =3 Partition sizes= 556
rank =3 Partition sizes= 556
rank =4 Partition sizes= 556
rank =4 Partition sizes= 556
rank =4 Partition sizes= 556
rank =4 Partition sizes= 556
rank =15 Partition sizes= 556
rank =15 Partition sizes= 556
rank =15 Partition sizes= 556
rank =15 Partition sizes= 556
rank =7 Partition sizes= 556
rank =7 Partition sizes= 556
rank =7 Partition sizes= 556
rank =7 Partition sizes= 556
rank =7 Partition sizes= 556
rank =13 Partition sizes= 556
rank =13 Partition sizes= 556
rank =13 Partition sizes= 556
rank =13 Partition sizes= 556
rank =16 Partition sizes= 556
rank =16 Partition sizes= 556
rank =16 Partition sizes= 556
rank =16 Partition sizes= 556
rank =20 Partition sizes= 556
rank =20 Partition sizes= 556
rank =20 Partition sizes= 556
rank =20 Partition sizes= 556
rank =18 Partition sizes= 556
rank =31 Partition sizes= 556
rank =31 Partition sizes= 556
rank =31 Partition sizes= 556
rank =8 Partition sizes= 556
rank =2 Partition sizes= 556
rank =12 Partition sizes= 556
rank =12 Partition sizes= 556
rank =12 Partition sizes= 556
rank =12 Partition sizes= 556
rank =12 Partition sizes= 556
rank =30 Partition sizes= 556
rank =30 Partition sizes= 556
rank =30 Partition sizes= 556
rank =30 Partition sizes= 556
rank =30 Partition sizes= 556
rank =6 Partition sizes= 556
rank =6 Partition sizes= 556
rank =9 Partition sizes= 556
rank =9 Partition sizes= 556
rank =9 Partition sizes= 556
rank =9 Partition sizes= 556
rank =14 Partition sizes= 556
rank =14 Partition sizes= 556
rank =0 Partition sizes= 556
rank =0 Partition sizes= 556
rank =0 Partition sizes= 556
rank =3 Partition sizes= 556
rank =4 Partition sizes= 556
rank =4 Partition sizes= 556
rank =15 Partition sizes= 556
rank =7 Partition sizes= 556
rank =13 Partition sizes= 556
rank =13 Partition sizes= 556
rank =13 Partition sizes= 556
rank =13 Partition sizes= 556
rank =16 Partition sizes= 556
rank =16 Partition sizes= 556
rank =16 Partition sizes= 556
rank =16 Partition sizes= 556
rank =16 Partition sizes= 556
rank =20 Partition sizes= 556
rank =20 Partition sizes= 556
rank =20 Partition sizes= 556
rank =20 Partition sizes= 556
rank =18 Partition sizes= 556
rank =18 Partition sizes= 556
rank =18 Partition sizes= 556
rank =31 Partition sizes= 556
rank =31 Partition sizes= 556
rank =8 Partition sizes= 556
rank =8 Partition sizes= 556
rank =2 Partition sizes= 556
rank =2 Partition sizes= 556
rank =12 Partition sizes= 556
rank =12 Partition sizes= 556
rank =12 Partition sizes= 556
rank =12 Partition sizes= 556
rank =30 Partition sizes= 556
rank =30 Partition sizes= 556
rank =30 Partition sizes= 556
rank =30 Partition sizes= 556
rank =30 Partition sizes= 556
rank =6 Partition sizes= 556
rank =6 Partition sizes= 556
rank =6 Partition sizes= 556
rank =9 Partition sizes= 556
rank =14 Partition sizes= 556
rank =14 Partition sizes= 556
rank =14 Partition sizes= 556
rank =14 Partition sizes= 556
rank =0 Partition sizes= 556
rank =0 Partition sizes= 556
rank =0 Partition sizes= 556
rank =0 Partition sizes= 556
rank =3 Partition sizes= 556
rank =3 Partition sizes= 556
rank =3 Partition sizes= 556
rank =4 Partition sizes= 556
rank =4 Partition sizes= 556
rank =15 Partition sizes= 556
rank =15 Partition sizes= 556
rank =15 Partition sizes= 556
rank =7 Partition sizes= 556
rank =7 Partition sizes= 556
rank =7 Partition sizes= 556
rank =13 Partition sizes= 556
rank =13 Partition sizes= 556
rank =13 Partition sizes= 556
rank =16 Partition sizes= 556
rank =16 Partition sizes= 556
rank =20 Partition sizes= 556
rank =20 Partition sizes= 556
rank =18 Partition sizes= 556
rank =18 Partition sizes= 556
rank =18 Partition sizes= 556
rank =31 Partition sizes= 556
rank =31 Partition sizes= 556
rank =31 Partition sizes= 556
rank =8 Partition sizes= 556
rank =8 Partition sizes= 556
rank =8 Partition sizes= 556
rank =8 Partition sizes= 556
rank =2 Partition sizes= 556
rank =12 Partition sizes= 556
rank =12 Partition sizes= 556
rank =12 Partition sizes= 556
rank =30 Partition sizes= 556
rank =30 Partition sizes= 556
rank =6 Partition sizes= 556
rank =6 Partition sizes= 556
rank =9 Partition sizes= 556
rank =9 Partition sizes= 556
rank =9 Partition sizes= 556
rank =9 Partition sizes= 556
rank =14 Partition sizes= 556
rank =14 Partition sizes= 556
rank =0 Partition sizes= 556
rank =0 Partition sizes= 556
rank =3 Partition sizes= 556
rank =3 Partition sizes= 556
rank =4 Partition sizes= 556
rank =4 Partition sizes= 556
rank =15 Partition sizes= 556
rank =15 Partition sizes= 556
rank =7 Partition sizes= 556
rank =7 Partition sizes= 556
rank =7 Partition sizes= 556
rank =13 Partition sizes= 556
rank =16 Partition sizes= 556
rank =16 Partition sizes= 556
rank =20 Partition sizes= 556
rank =20 Partition sizes= 556
rank =18 Partition sizes= 556
rank =31 Partition sizes= 556
rank =8 Partition sizes= 556
rank =8 Partition sizes= 556
rank =8 Partition sizes= 556
rank =8 Partition sizes= 556
rank =2 Partition sizes= 556
rank =12 Partition sizes= 556
rank =12 Partition sizes= 556
rank =30 Partition sizes= 556
rank =30 Partition sizes= 556
rank =6 Partition sizes= 556
rank =6 Partition sizes= 556
rank =9 Partition sizes= 556
rank =14 Partition sizes= 556
rank =14 Partition sizes= 556
rank =0 Partition sizes= 556
rank =0 Partition sizes= 556
rank =3 Partition sizes= 556
rank =4 Partition sizes= 556
rank =15 Partition sizes= 556
rank =7 Partition sizes= 556
rank =13 Partition sizes= 556
rank =13 Partition sizes= 556
rank =16 Partition sizes= 556
rank =16 Partition sizes= 556
rank =16 Partition sizes= 556
rank =20 Partition sizes= 556
rank =20 Partition sizes= 556
rank =20 Partition sizes= 556
rank =20 Partition sizes= 556
rank =18 Partition sizes= 556
rank =18 Partition sizes= 556
rank =31 Partition sizes= 556
rank =8 Partition sizes= 556
rank =8 Partition sizes= 556
rank =8 Partition sizes= 556
rank =8 Partition sizes= 556
rank =8 Partition sizes= 556
rank =2 Partition sizes= 556
rank =2 Partition sizes= 556
rank =12 Partition sizes= 556
rank =12 Partition sizes= 556
rank =12 Partition sizes= 556
rank =30 Partition sizes= 556
rank =30 Partition sizes= 556
rank =6 Partition sizes= 556
rank =6 Partition sizes= 556
rank =9 Partition sizes= 556
rank =9 Partition sizes= 556
rank =14 Partition sizes= 556
rank =14 Partition sizes= 556
rank =0 Partition sizes= 556
rank =0 Partition sizes= 556
rank =3 Partition sizes= 556
rank =3 Partition sizes= 556
rank =4 Partition sizes= 556
rank =4 Partition sizes= 556
rank =15 Partition sizes= 556
rank =15 Partition sizes= 556
rank =7 Partition sizes= 556
rank =13 Partition sizes= 556
rank =13 Partition sizes= 556
rank =16 Partition sizes= 556
rank =20 Partition sizes= 556
rank =20 Partition sizes= 556
rank =18 Partition sizes= 556
rank =31 Partition sizes= 556
rank =8 Partition sizes= 556
rank =8 Partition sizes= 556
rank =8 Partition sizes= 556
rank =8 Partition sizes= 556
rank =8 Partition sizes= 556
rank =2 Partition sizes= 556
rank =12 Partition sizes= 556
rank =30 Partition sizes= 556
rank =6 Partition sizes= 556
rank =9 Partition sizes= 556
rank =9 Partition sizes= 556
rank =14 Partition sizes= 556
Made it to scatter
rank =3 Partition sizes= 556
rank =4 Partition sizes= 556
rank =15 Partition sizes= 556
Made it to scatter
rank =13 Partition sizes= 556
rank =13 Partition sizes= 556
Made it to scatter
rank =20 Partition sizes= 556
rank =18 Partition sizes= 556
rank =31 Partition sizes= 556
Made it to scatter
Made it to scatter
Made it to scatter
rank =30 Partition sizes= 556
rank =6 Partition sizes= 556
rank =9 Partition sizes= 556
rank =9 Partition sizes= 556
rank =14 Partition sizes= 556
rank =14 Partition sizes= 556
rank =3 Partition sizes= 556
rank =3 Partition sizes= 556
rank =4 Partition sizes= 556
rank =15 Partition sizes= 556
rank =15 Partition sizes= 556
Made it to scatter
rank =20 Partition sizes= 556
rank =20 Partition sizes= 556
rank =18 Partition sizes= 556
rank =18 Partition sizes= 556
rank =31 Partition sizes= 556
Made it to scatter
rank =6 Partition sizes= 556
rank =6 Partition sizes= 556
rank =9 Partition sizes= 556
rank =14 Partition sizes= 556
rank =3 Partition sizes= 556
rank =4 Partition sizes= 556
rank =15 Partition sizes= 556
rank =20 Partition sizes= 556
rank =20 Partition sizes= 556
Made it to scatter
rank =31 Partition sizes= 556
rank =6 Partition sizes= 556
rank =9 Partition sizes= 556
rank =9 Partition sizes= 556
rank =14 Partition sizes= 556
rank =14 Partition sizes= 556
rank =3 Partition sizes= 556
rank =3 Partition sizes= 556
rank =4 Partition sizes= 556
rank =4 Partition sizes= 556
rank =4 Partition sizes= 556
rank =15 Partition sizes= 556
rank =15 Partition sizes= 556
rank =20 Partition sizes= 556
Made it to scatter
rank =6 Partition sizes= 556
rank =6 Partition sizes= 556
rank =9 Partition sizes= 556
rank =14 Partition sizes= 556
rank =14 Partition sizes= 556
rank =3 Partition sizes= 556
rank =3 Partition sizes= 556
rank =4 Partition sizes= 556
rank =15 Partition sizes= 556
Made it to scatter
Made it to scatter
rank =9 Partition sizes= 556
rank =9 Partition sizes= 556
rank =14 Partition sizes= 556
rank =3 Partition sizes= 556
Made it to scatter
rank =15 Partition sizes= 556
rank =9 Partition sizes= 556
Made it to scatter
Made it to scatter
rank =15 Partition sizes= 556
rank =9 Partition sizes= 556
rank =15 Partition sizes= 556
Made it to scatter
Made it to scatter
Made it past Scatter
Num Particles[7] = 556
Made it past Scatter
Num Particles[18] = 556
Made it past Scatter
Num Particles[6] = 556
Made it past Scatter
Num Particles[9] = 556
Made it past Scatter
Num Particles[14] = 556
Made it past Scatter
Num Particles[15] = 556
Made it past Scatter
Num Particles[13] = 556
Made it past Scatter
Num Particles[20] = 556
Made it past Scatter
Num Particles[31] = 556
Made it past Scatter
Num Particles[30] = 556
Particles per Processor =556
rank =17 Partition sizes= 556
rank =17 Partition sizes= 556
rank =17 Partition sizes= 556
Particles per Processor =556
rank =24 Partition sizes= 556
rank =24 Partition sizes= 556
rank =24 Partition sizes= 556
Particles per Processor =556
rank =21 Partition sizes= 556
Particles per Processor =556
rank =22 Partition sizes= 556
Particles per Processor =556
rank =23 Partition sizes= 556
rank =17 Partition sizes= 556
rank =17 Partition sizes= 556
rank =17 Partition sizes= 556
rank =17 Partition sizes= 556
rank =17 Partition sizes= 556
Particles per Processor =556
rank =5 Partition sizes= 556
rank =5 Partition sizes= 556
rank =5 Partition sizes= 556
rank =5 Partition sizes= 556
rank =24 Partition sizes= 556
rank =24 Partition sizes= 556
rank =24 Partition sizes= 556
rank =24 Partition sizes= 556
rank =24 Partition sizes= 556
rank =24 Partition sizes= 556
rank =21 Partition sizes= 556
rank =21 Partition sizes= 556
rank =21 Partition sizes= 556
rank =21 Partition sizes= 556
rank =22 Partition sizes= 556
rank =22 Partition sizes= 556
rank =22 Partition sizes= 556
rank =22 Partition sizes= 556
rank =23 Partition sizes= 556
rank =23 Partition sizes= 556
rank =23 Partition sizes= 556
rank =23 Partition sizes= 556
rank =17 Partition sizes= 556
rank =17 Partition sizes= 556
rank =17 Partition sizes= 556
rank =17 Partition sizes= 556
rank =5 Partition sizes= 556
rank =5 Partition sizes= 556
rank =5 Partition sizes= 556
rank =5 Partition sizes= 556
rank =5 Partition sizes= 556
rank =24 Partition sizes= 556
rank =24 Partition sizes= 556
rank =24 Partition sizes= 556
rank =24 Partition sizes= 556
rank =24 Partition sizes= 556
Made it past Scatter
Num Particles[2] = 556
rank =21 Partition sizes= 556
rank =21 Partition sizes= 556
rank =21 Partition sizes= 556
rank =21 Partition sizes= 556
Made it past Scatter
Num Particles[3] = 556
rank =22 Partition sizes= 556
rank =22 Partition sizes= 556
rank =22 Partition sizes= 556
rank =22 Partition sizes= 556
rank =23 Partition sizes= 556
rank =23 Partition sizes= 556
rank =23 Partition sizes= 556
rank =17 Partition sizes= 556
rank =17 Partition sizes= 556
rank =5 Partition sizes= 556
rank =5 Partition sizes= 556
rank =5 Partition sizes= 556
rank =5 Partition sizes= 556
rank =5 Partition sizes= 556
rank =24 Partition sizes= 556
rank =24 Partition sizes= 556
rank =24 Partition sizes= 556
rank =24 Partition sizes= 556
rank =21 Partition sizes= 556
rank =21 Partition sizes= 556
rank =21 Partition sizes= 556
rank =21 Partition sizes= 556
Particles per Processor =556
rank =26 Partition sizes= 556
rank =26 Partition sizes= 556
rank =26 Partition sizes= 556
rank =26 Partition sizes= 556
rank =26 Partition sizes= 556
rank =26 Partition sizes= 556
rank =26 Partition sizes= 556
rank =26 Partition sizes= 556
rank =26 Partition sizes= 556
rank =26 Partition sizes= 556
rank =26 Partition sizes= 556
rank =26 Partition sizes= 556
Made it past Scatter
Num Particles[4] = 556
rank =22 Partition sizes= 556
rank =23 Partition sizes= 556
rank =23 Partition sizes= 556
Particles per Processor =556
rank =25 Partition sizes= 556
rank =25 Partition sizes= 556
rank =25 Partition sizes= 556
rank =25 Partition sizes= 556
Made it past Scatter
Num Particles[16] = 556
rank =17 Partition sizes= 556
rank =17 Partition sizes= 556
rank =17 Partition sizes= 556
rank =17 Partition sizes= 556
rank =17 Partition sizes= 556
rank =5 Partition sizes= 556
rank =5 Partition sizes= 556
rank =5 Partition sizes= 556
rank =5 Partition sizes= 556
Made it past Scatter
Num Particles[8] = 556
rank =24 Partition sizes= 556
rank =24 Partition sizes= 556
rank =24 Partition sizes= 556
Made it past Scatter
rank =21 Partition sizes= 556
rank =21 Partition sizes= 556
rank =21 Partition sizes= 556
Made it past Scatter
Num Particles[0] = 556
rank =26 Partition sizes= 556
rank =26 Partition sizes= 556
rank =26 Partition sizes= 556
rank =26 Partition sizes= 556
rank =22 Partition sizes= 556
rank =22 Partition sizes= 556
rank =22 Partition sizes= 556
rank =22 Partition sizes= 556
rank =22 Partition sizes= 556
Particles per Processor =556
rank =27 Partition sizes= 556
rank =27 Partition sizes= 556
rank =23 Partition sizes= 556
rank =23 Partition sizes= 556
rank =23 Partition sizes= 556
rank =25 Partition sizes= 556
rank =25 Partition sizes= 556
rank =25 Partition sizes= 556
rank =25 Partition sizes= 556
rank =25 Partition sizes= 556
rank =25 Partition sizes= 556
rank =17 Partition sizes= 556
rank =17 Partition sizes= 556
rank =17 Partition sizes= 556
rank =5 Partition sizes= 556
rank =5 Partition sizes= 556
rank =5 Partition sizes= 556
rank =24 Partition sizes= 556
rank =24 Partition sizes= 556
rank =24 Partition sizes= 556
Num Particles[12] = 556
rank =21 Partition sizes= 556
rank =21 Partition sizes= 556
rank =21 Partition sizes= 556
rank =26 Partition sizes= 556
rank =26 Partition sizes= 556
rank =26 Partition sizes= 556
rank =26 Partition sizes= 556
rank =22 Partition sizes= 556
rank =22 Partition sizes= 556
rank =27 Partition sizes= 556
rank =27 Partition sizes= 556
rank =27 Partition sizes= 556
rank =27 Partition sizes= 556
rank =23 Partition sizes= 556
rank =25 Partition sizes= 556
rank =25 Partition sizes= 556
rank =25 Partition sizes= 556
rank =25 Partition sizes= 556
rank =17 Partition sizes= 556
rank =17 Partition sizes= 556
rank =5 Partition sizes= 556
rank =5 Partition sizes= 556
rank =5 Partition sizes= 556
rank =24 Partition sizes= 556
rank =24 Partition sizes= 556
rank =21 Partition sizes= 556
rank =21 Partition sizes= 556
rank =21 Partition sizes= 556
rank =26 Partition sizes= 556
rank =26 Partition sizes= 556
rank =22 Partition sizes= 556
rank =22 Partition sizes= 556
rank =27 Partition sizes= 556
rank =27 Partition sizes= 556
rank =27 Partition sizes= 556
rank =27 Partition sizes= 556
rank =23 Partition sizes= 556
rank =23 Partition sizes= 556
rank =25 Partition sizes= 556
rank =25 Partition sizes= 556
rank =25 Partition sizes= 556
rank =25 Partition sizes= 556
rank =25 Partition sizes= 556
rank =17 Partition sizes= 556
rank =17 Partition sizes= 556
rank =17 Partition sizes= 556
rank =17 Partition sizes= 556
rank =5 Partition sizes= 556
rank =5 Partition sizes= 556
rank =24 Partition sizes= 556
rank =24 Partition sizes= 556
rank =24 Partition sizes= 556
rank =21 Partition sizes= 556
rank =21 Partition sizes= 556
rank =21 Partition sizes= 556
rank =26 Partition sizes= 556
rank =26 Partition sizes= 556
rank =22 Partition sizes= 556
rank =22 Partition sizes= 556
rank =22 Partition sizes= 556
rank =27 Partition sizes= 556
rank =27 Partition sizes= 556
rank =23 Partition sizes= 556
rank =23 Partition sizes= 556
rank =25 Partition sizes= 556
rank =25 Partition sizes= 556
rank =25 Partition sizes= 556
rank =25 Partition sizes= 556
rank =17 Partition sizes= 556
rank =17 Partition sizes= 556
rank =5 Partition sizes= 556
rank =5 Partition sizes= 556
rank =24 Partition sizes= 556
rank =21 Partition sizes= 556
rank =21 Partition sizes= 556
rank =26 Partition sizes= 556
rank =26 Partition sizes= 556
rank =26 Partition sizes= 556
rank =26 Partition sizes= 556
rank =22 Partition sizes= 556
rank =22 Partition sizes= 556
rank =27 Partition sizes= 556
rank =27 Partition sizes= 556
rank =27 Partition sizes= 556
rank =23 Partition sizes= 556
rank =25 Partition sizes= 556
rank =25 Partition sizes= 556
rank =25 Partition sizes= 556
rank =17 Partition sizes= 556
rank =5 Partition sizes= 556
rank =24 Partition sizes= 556
rank =21 Partition sizes= 556
rank =21 Partition sizes= 556
rank =21 Partition sizes= 556
rank =26 Partition sizes= 556
rank =22 Partition sizes= 556
rank =22 Partition sizes= 556
rank =22 Partition sizes= 556
rank =27 Partition sizes= 556
rank =23 Partition sizes= 556
rank =25 Partition sizes= 556
rank =25 Partition sizes= 556
rank =25 Partition sizes= 556
rank =17 Partition sizes= 556
rank =5 Partition sizes= 556
rank =5 Partition sizes= 556
rank =24 Partition sizes= 556
rank =21 Partition sizes= 556
rank =21 Partition sizes= 556
rank =26 Partition sizes= 556
rank =26 Partition sizes= 556
rank =22 Partition sizes= 556
rank =22 Partition sizes= 556
rank =27 Partition sizes= 556
rank =23 Partition sizes= 556
rank =25 Partition sizes= 556
rank =25 Partition sizes= 556
rank =25 Partition sizes= 556
Made it to scatter
rank =5 Partition sizes= 556
Made it to scatter
Made it to scatter
rank =26 Partition sizes= 556
rank =22 Partition sizes= 556
rank =22 Partition sizes= 556
rank =22 Partition sizes= 556
rank =27 Partition sizes= 556
rank =27 Partition sizes= 556
rank =23 Partition sizes= 556
rank =23 Partition sizes= 556
Made it to scatter
Made it past Scatter
Made it to scatter
Made it past Scatter
Made it past Scatter
Made it to scatter
Made it to scatter
rank =27 Partition sizes= 556
rank =23 Partition sizes= 556
Made it past Scatter
Num Particles[25] = 556
Num Particles[17] = 556
Made it past Scatter
Num Particles[24] = 556
Num Particles[21] = 556
Made it past Scatter
Num Particles[26] = 556
Made it past Scatter
rank =27 Partition sizes= 556
rank =23 Partition sizes= 556
Num Particles[5] = 556
Num Particles[22] = 556
rank =27 Partition sizes= 556
rank =23 Partition sizes= 556
rank =23 Partition sizes= 556
rank =27 Partition sizes= 556
rank =27 Partition sizes= 556
rank =23 Partition sizes= 556
rank =23 Partition sizes= 556
rank =27 Partition sizes= 556
rank =23 Partition sizes= 556
rank =27 Partition sizes= 556
rank =23 Partition sizes= 556
rank =23 Partition sizes= 556
rank =27 Partition sizes= 556
Made it to scatter
rank =27 Partition sizes= 556
rank =27 Partition sizes= 556
rank =27 Partition sizes= 556
rank =27 Partition sizes= 556
rank =27 Partition sizes= 556
Made it past Scatter
Num Particles[23] = 556
Made it to scatter
Made it past Scatter
Num Particles[27] = 556
rank =1 Partition sizes= 556
rank =1 Partition sizes= 556
rank =1 Partition sizes= 556
rank =1 Partition sizes= 556
rank =1 Partition sizes= 556
rank =28 Partition sizes= 556
rank =28 Partition sizes= 556
rank =28 Partition sizes= 556
rank =28 Partition sizes= 556
rank =11 Partition sizes= 556
rank =11 Partition sizes= 556
rank =11 Partition sizes= 556
rank =11 Partition sizes= 556
rank =29 Partition sizes= 556
rank =29 Partition sizes= 556
rank =29 Partition sizes= 556
rank =29 Partition sizes= 556
rank =29 Partition sizes= 556
rank =29 Partition sizes= 556
rank =10 Partition sizes= 556
rank =10 Partition sizes= 556
rank =10 Partition sizes= 556
rank =10 Partition sizes= 556
rank =10 Partition sizes= 556
rank =10 Partition sizes= 556
rank =19 Partition sizes= 556
rank =19 Partition sizes= 556
rank =19 Partition sizes= 556
rank =19 Partition sizes= 556
rank =19 Partition sizes= 556
rank =1 Partition sizes= 556
rank =1 Partition sizes= 556
rank =1 Partition sizes= 556
rank =28 Partition sizes= 556
rank =28 Partition sizes= 556
rank =28 Partition sizes= 556
rank =28 Partition sizes= 556
rank =11 Partition sizes= 556
rank =11 Partition sizes= 556
rank =11 Partition sizes= 556
rank =11 Partition sizes= 556
rank =29 Partition sizes= 556
rank =29 Partition sizes= 556
rank =29 Partition sizes= 556
rank =29 Partition sizes= 556
rank =10 Partition sizes= 556
rank =10 Partition sizes= 556
rank =10 Partition sizes= 556
rank =10 Partition sizes= 556
rank =19 Partition sizes= 556
rank =19 Partition sizes= 556
rank =19 Partition sizes= 556
rank =19 Partition sizes= 556
rank =1 Partition sizes= 556
rank =1 Partition sizes= 556
rank =28 Partition sizes= 556
rank =28 Partition sizes= 556
rank =11 Partition sizes= 556
rank =29 Partition sizes= 556
rank =10 Partition sizes= 556
rank =10 Partition sizes= 556
rank =19 Partition sizes= 556
rank =19 Partition sizes= 556
rank =1 Partition sizes= 556
rank =1 Partition sizes= 556
rank =1 Partition sizes= 556
rank =28 Partition sizes= 556
rank =28 Partition sizes= 556
rank =11 Partition sizes= 556
rank =11 Partition sizes= 556
rank =11 Partition sizes= 556
rank =29 Partition sizes= 556
rank =29 Partition sizes= 556
rank =29 Partition sizes= 556
rank =10 Partition sizes= 556
rank =10 Partition sizes= 556
rank =10 Partition sizes= 556
rank =19 Partition sizes= 556
rank =19 Partition sizes= 556
rank =19 Partition sizes= 556
rank =1 Partition sizes= 556
rank =28 Partition sizes= 556
rank =11 Partition sizes= 556
rank =29 Partition sizes= 556
rank =10 Partition sizes= 556
rank =19 Partition sizes= 556
rank =1 Partition sizes= 556
rank =28 Partition sizes= 556
rank =11 Partition sizes= 556
rank =29 Partition sizes= 556
rank =10 Partition sizes= 556
rank =19 Partition sizes= 556
rank =1 Partition sizes= 556
rank =1 Partition sizes= 556
rank =28 Partition sizes= 556
rank =28 Partition sizes= 556
rank =11 Partition sizes= 556
rank =11 Partition sizes= 556
rank =29 Partition sizes= 556
rank =29 Partition sizes= 556
rank =10 Partition sizes= 556
rank =10 Partition sizes= 556
rank =19 Partition sizes= 556
rank =19 Partition sizes= 556
rank =1 Partition sizes= 556
rank =28 Partition sizes= 556
rank =11 Partition sizes= 556
rank =29 Partition sizes= 556
rank =10 Partition sizes= 556
rank =19 Partition sizes= 556
rank =1 Partition sizes= 556
rank =28 Partition sizes= 556
rank =11 Partition sizes= 556
rank =29 Partition sizes= 556
rank =10 Partition sizes= 556
rank =19 Partition sizes= 556
rank =1 Partition sizes= 556
rank =28 Partition sizes= 556
rank =11 Partition sizes= 556
rank =29 Partition sizes= 556
rank =10 Partition sizes= 556
rank =19 Partition sizes= 556
rank =1 Partition sizes= 556
rank =1 Partition sizes= 556
rank =28 Partition sizes= 556
rank =28 Partition sizes= 556
rank =11 Partition sizes= 556
rank =11 Partition sizes= 556
rank =29 Partition sizes= 556
rank =29 Partition sizes= 556
rank =10 Partition sizes= 556
rank =10 Partition sizes= 556
rank =19 Partition sizes= 556
rank =19 Partition sizes= 556
rank =1 Partition sizes= 556
rank =1 Partition sizes= 556
rank =28 Partition sizes= 556
rank =11 Partition sizes= 556
rank =29 Partition sizes= 556
rank =10 Partition sizes= 556
rank =19 Partition sizes= 556
rank =1 Partition sizes= 556
rank =28 Partition sizes= 556
rank =11 Partition sizes= 556
rank =29 Partition sizes= 556
rank =10 Partition sizes= 556
rank =19 Partition sizes= 556
rank =1 Partition sizes= 556
rank =28 Partition sizes= 556
rank =11 Partition sizes= 556
rank =29 Partition sizes= 556
rank =10 Partition sizes= 556
rank =19 Partition sizes= 556
Made it to scatter
rank =28 Partition sizes= 556
rank =28 Partition sizes= 556
rank =11 Partition sizes= 556
rank =11 Partition sizes= 556
rank =29 Partition sizes= 556
rank =10 Partition sizes= 556
rank =10 Partition sizes= 556
rank =19 Partition sizes= 556
Made it past Scatter
Num Particles[1] = 556
rank =28 Partition sizes= 556
rank =11 Partition sizes= 556
Made it to scatter
Made it to scatter
Made it to scatter
Made it to scatter
rank =11 Partition sizes= 556
Made it past Scatter
Num Particles[29] = 556
Made it past Scatter
Num Particles[10] = 556
Made it past Scatter
Num Particles[19] = 556
Made it past Scatter
Num Particles[28] = 556
rank =11 Partition sizes= 556
rank =11 Partition sizes= 556
Made it to scatter
Made it past Scatter
Num Particles[11] = 556
0.0141421
0.03125
0.0141324
0.0625
0.0141036
0.09375
0.0140556
0.125
0.0139885
0.15625
0.0139025
0.1875
0.0137977
0.21875
0.0136745
0.25
0.0135331
0.28125
0.0133737
0.3125
0.0131968
0.34375
0.0130026
0.375
0.0127917
0.40625
0.0125644
0.4375
0.0123213
0.46875
0.0120629
0.5
0.0117896
0.53125
0.0115022
0.5625
0.0112012
0.59375
0.0108871
0.625
0.0105608
0.65625
0.0102228
0.6875
0.00987387
0.71875
0.00951473
0.75
0.00914611
0.78125
0.00876877
0.8125
0.00838348
0.84375
0.00799102
0.875
0.00759218
0.90625
0.00718777
0.9375
0.0067786
0.96875
0.00636547
1
0.00594923
1.03125
0.00553067
1.0625
0.0051106
1.09375
0.00468985
1.125
0.00426922
1.15625
0.00384953
1.1875
0.00343156
1.21875
0.00301609
1.25
0.0026039
1.28125
0.00219575
1.3125
0.00179238
1.34375
0.00139451
1.375
0.00100285
1.40625
0.000618091
1.4375
0.000240904
1.46875
0.000128166
1.5
0.000488315
1.53125
0.000839081
1.5625
0.00117987
1.59375
0.00151016
1.625
0.00182942
1.65625
0.00213718
1.6875
0.002433
1.71875
0.00271646
1.75
0.00298717
1.78125
0.00324479
1.8125
0.00348899
1.84375
0.00371949
1.875
0.00393604
1.90625
0.00413843
1.9375
0.00432646
1.96875
0.00450006
2
0.00465893
2.03125
0.00480312
2.0625
0.00493269
2.09375
0.00504745
2.125
0.00514748
2.15625
0.00523284
2.1875
0.00530362
2.21875
0.00535993
2.25
0.00540193
2.28125
0.00542978
2.3125
0.0054437
2.34375
0.00544394
2.375
0.00543074
2.40625
0.0054044
2.4375
0.00536525
2.46875
0.00531362
2.5
0.00524986
2.53125
0.00517439
2.5625
0.00508759
2.59375
0.0049899
2.625
0.00488177
2.65625
0.00476364
2.6875
0.00463602
2.71875
0.00449937
2.75
0.00435421
2.78125
0.00420106
2.8125
0.00404044
2.84375
0.00387289
2.875
0.00369894
2.90625
0.00351915
2.9375
0.00333407
2.96875
0.00314434
3
0.00295024
3.03125
0.0027525
3.0625
0.00255191
3.09375
0.00234869
3.125
0.0021435
3.15625
0.00193689
3.1875
0.00172939
3.21875
0.00152153
3.25
0.00131383
3.28125
0.00110681
3.3125
0.000900968
3.34375
0.000696765
3.375
0.000494705
3.40625
0.000295289
3.4375
9.90463e-05
3.46875
9.42598e-05
3.5
0.000283194
3.53125
0.000467967
3.5625
0.000648085
3.59375
0.000823154
3.625
0.000992858
3.65625
0.00115689
3.6875
0.00131493
3.71875
0.0014667
3.75
0.00161195
3.78125
0.0017504
3.8125
0.00188188
3.84375
0.00200617
3.875
0.0021231
3.90625
0.00223253
3.9375
0.00233426
3.96875
0.00242824
4
0.00251444
4.03125
0.00259273
4.0625
0.00266299
4.09375
0.00272527
4.125
0.00277955
4.15625
0.00282586
4.1875
0.00286421
4.21875
0.00289468
4.25
0.00291733
4.28125
0.00293224
4.3125
0.00293952
4.34375
0.00293931
4.375
0.00293174
4.40625
0.00291696
4.4375
0.00289515
4.46875
0.00286651
4.5
0.00283121
4.53125
0.00278948
4.5625
0.00274155
4.59375
0.00268766
4.625
0.00262806
4.65625
0.00256295
4.6875
0.00249266
4.71875
0.00241746
4.75
0.0023376
4.78125
0.0022534
4.8125
0.00216514
4.84375
0.0020731
4.875
0.00197759
4.90625
0.00187892
4.9375
0.00177738
4.96875
0.00167335
5
0.00156704
5.03125
0.0014588
5.0625
0.00134899
5.09375
0.00123784
5.125
0.00112568
5.15625
0.00101286
5.1875
0.000899519
5.21875
0.000786092
5.25
0.000672856
5.28125
0.000560058
5.3125
0.000448054
5.34375
0.000336972
5.375
0.00022709
5.40625
0.00011891
5.4375
1.55658e-05
5.46875
9.30424e-05
5.5
0.000195152
5.53125
0.000294974
5.5625
0.000392319
5.59375
0.000486813
5.625
0.000578328
5.65625
0.000666698
5.6875
0.000751719
5.71875
0.00083322
5.75
0.00091111
5.78125
0.000985294
5.8125
0.00105554
5.84375
0.00112176
5.875
0.00118396
5.90625
0.00124204
5.9375
0.00129588
5.96875
0.00134545
6
0.00139074
6.03125
0.00143171
6.0625
0.00146828
6.09375
0.00150044
6.125
0.00152824
6.15625
0.0015517
6.1875
0.00157084
6.21875
0.00158564
6.25
0.00159625
6.28125
0.00160251
6.3125
0.00160468
6.34375
0.00160279
6.375
0.00159693
6.40625
0.00158717
6.4375
0.00157361
6.46875
0.00155636
6.5
0.00153549
6.53125
0.00151121
6.5625
0.00148357
6.59375
0.00145276
6.625
0.00141884
6.65625
0.001382
6.6875
0.00134245
6.71875
0.00130029
6.75
0.00125551
6.78125
0.00120848
6.8125
0.00115931
6.84375
0.00110819
6.875
0.00105523
6.90625
0.00100066
6.9375
0.000944571
6.96875
0.000887129
7
0.000828737
7.03125
0.000769191
7.0625
0.000708897
7.09375
0.000647839
7.125
0.00058643
7.15625
0.000524717
7.1875
0.000463046
7.21875
0.000401203
7.25
0.000339412
7.28125
0.000278779
7.3125
0.000217406
7.34375
0.000158056
7.375
9.80809e-05
7.40625
4.17293e-05
7.4375
2.18765e-05
7.46875
7.68816e-05
7.5
0.000131694
7.53125
0.000185987
7.5625
0.000238228
7.59375
0.000289052
7.625
0.0003382
7.65625
0.000386
7.6875
0.000431049
7.71875
0.000474491
7.75
0.000516017
7.78125
0.000555539
7.8125
0.00059298
7.84375
0.000628127
7.875
0.000661093
7.90625
0.000691616
7.9375
0.000720035
7.96875
0.000746023
8
0.000769859
8.03125
0.000790835
8.0625
0.000809598
8.09375
0.000826017
8.125
0.000840106
8.15625
0.000851767
8.1875
0.00086108
8.21875
0.000868089
8.25
0.000872811
8.28125
0.000875277
8.3125
0.000875427
8.34375
0.00087345
8.375
0.000869299
8.40625
0.000863046
8.4375
0.000854702
8.46875
0.000844684
8.5
0.000832048
8.53125
0.000818442
8.5625
0.000802163
8.59375
0.000784673
8.625
0.000765263
8.65625
0.000744351
8.6875
0.000722034
8.71875
0.000698447
8.75
0.000673483
8.78125
0.000647185
8.8125
0.000619854
8.84375
0.000591635
8.875
0.000562372
8.90625
0.000532335
8.9375
0.000501547
8.96875
0.000469806
9
0.000437773
9.03125
0.000405229
9.0625
0.00037194
9.09375
0.000338583
9.125
0.000305273
9.15625
0.00027108
9.1875
0.000237561
9.21875
0.000203836
9.25
0.000170054
9.28125
0.000137505
9.3125
0.000103849
9.34375
7.44012e-05
9.375
4.53477e-05
9.40625
3.7134e-05
9.4375
3.92826e-05
9.46875
6.43765e-05
9.5
8.96696e-05
9.53125
0.000118387
9.5625
0.00014506
9.59375
0.000171284
9.625
0.000196752
9.65625
0.000221857
9.6875
0.000246518
9.71875
0.000269721
9.75
0.000291798
9.78125
0.000312823
9.8125
0.000332853
9.84375
0.000351647
9.875
0.000369426
9.90625
0.000385155
9.9375
0.000399581
9.96875
0.000413249
10
0.000425194
10.0312
0.000436578
10.0625
0.000446292
10.0938
0.000454881
10.125
0.000461647
10.1562
0.000467391
10.1875
0.000471816
10.2188
0.000475049
10.25
0.000476929
10.2812
0.000478345
10.3125
0.000477657
10.3438
0.000476829
10.375
0.000473128
10.4062
0.000469059
10.4375
0.000464374
10.4688
0.000457776
10.5
0.00045131
10.5312
0.000442883
10.5625
0.000433559
10.5938
0.000424296
10.625
0.000413306
10.6562
0.000401183
10.6875
0.000388512
10.7188
0.000375403
10.75
0.000361725
10.7812
0.000347606
10.8125
0.000332414
10.8438
0.000316545
10.875
0.00029949
10.9062
0.000283699
10.9375
0.000266415
10.9688
0.000249636
11
0.000231007
11.0312
0.000213515
11.0625
0.000195683
11.0938
0.000176804
11.125
0.000163362
11.1562
0.000141994
11.1875
0.000122849
11.2188
0.000105648
11.25
8.53758e-05
11.2812
7.64862e-05
11.3125
5.31152e-05
11.3438
3.87288e-05
11.375
2.55795e-05
11.4062
1.60024e-05
11.4375
2.66221e-05
11.4688
4.30954e-05
11.5
5.49966e-05
11.5312
7.11594e-05
11.5625
8.66205e-05
11.5938
0.000102774
11.625
0.000118458
11.6562
0.000129892
11.6875
0.000142255
11.7188
0.000155689
11.75
0.000170864
11.7812
0.000177371
11.8125
0.000186774
11.8438
0.000199872
11.875
0.000206357
11.9062
0.000214425
11.9375
0.000224438
11.9688
0.000230399
12
0.000234781
12.0312
0.000241473
12.0625
0.000247876
12.0938
0.000251658
12.125
0.000255049
12.1562
0.000258577
12.1875
0.00025993
12.2188
0.000263213
12.25
0.000261604
12.2812
0.000262873
12.3125
0.000261188
12.3438
0.000259373
12.375
0.000258779
12.4062
0.000255468
12.4375
0.000251729
12.4688
0.000249009
12.5
0.000243965
12.5312
0.000240251
12.5625
0.000235954
12.5938
0.000229664
12.625
0.000223097
12.6562
0.000216417
12.6875
0.000209779
12.7188
0.00020274
12.75
0.0001959
12.7812
0.000187052
12.8125
0.000183391
12.8438
0.000169206
12.875
0.000164014
12.9062
0.000157879
12.9375
0.000142264
12.9688
0.000138972
13
0.000125877
13.0312
0.000118155
13.0625
0.000110277
13.0938
9.63281e-05
13.125
8.88802e-05
13.1562
7.53798e-05
13.1875
6.65047e-05
13.2188
5.85213e-05
13.25
5.11055e-05
13.2812
3.79454e-05
13.3125
2.79929e-05
13.3438
4.27511e-05
13.375
2.01715e-05
13.4062
3.462e-05
13.4375
3.80312e-05
13.4688
3.76554e-05
13.5
3.58822e-05
13.5312
4.7153e-05
13.5625
5.91887e-05
13.5938
6.21973e-05
13.625
7.11856e-05
13.6562
7.48594e-05
13.6875
8.35851e-05
13.7188
9.39488e-05
13.75
9.90825e-05
13.7812
0.000100973
13.8125
0.000116252
13.8438
0.000112234
13.875
0.000120341
13.9062
0.000126644
13.9375
0.000129429
13.9688
0.000128699
14
0.000136942
14.0312
0.000137101
14.0625
0.000137909
14.0938
0.000141406
14.125
0.000143244
14.1562
0.000142133
14.1875
0.000143592
14.2188
0.000148687
14.25
0.000143999
14.2812
0.000143746
14.3125
0.000146903
14.3438
0.000147131
14.375
0.000141141
14.4062
0.000141379
14.4375
0.000139466
14.4688
0.000138709
14.5
0.000134394
14.5312
0.000136235
14.5625
0.000129414
14.5938
0.000133039
14.625
0.000132989
14.6562
0.000121763
14.6875
0.000115314
14.7188
0.000124664
14.75
0.000109152
14.7812
0.000104026
14.8125
0.000101683
14.8438
9.90203e-05
14.875
8.72512e-05
14.9062
8.42509e-05
14.9375
8.38475e-05
14.9688
7.46069e-05
15
6.59832e-05
15.0312
6.56913e-05
15.0625
7.95508e-05
15.0938
5.84293e-05
15.125
5.47645e-05
15.1562
4.37275e-05
15.1875
7.15255e-05
15.2188
4.94886e-05
15.25
3.25132e-05
15.2812
2.98622e-05
15.3125
7.14094e-05
15.3438
3.93111e-05
15.375
2.21881e-05
15.4062
4.00082e-05
15.4375
4.7992e-05
15.4688
5.58948e-05
15.5
2.98542e-05
15.5312
6.9099e-05
15.5625
3.95748e-05
15.5938
6.18503e-05
15.625
5.7255e-05
15.6562
6.58434e-05
15.6875
6.34384e-05
15.7188
6.04138e-05
15.75
6.66209e-05
15.7812
6.41192e-05
15.8125
7.04463e-05
15.8438
6.47394e-05
15.875
7.72496e-05
15.9062
7.12411e-05
15.9375
7.60312e-05
15.9688
7.70497e-05
16
8.16341e-05
16.0312
7.86972e-05
16.0625
7.98113e-05
16.0938
8.75787e-05
16.125
8.90781e-05
16.1562
8.61439e-05
16.1875
8.20036e-05
16.2188
0.000101639
16.25
8.58577e-05
16.2812
0.000105246
16.3125
8.81027e-05
16.3438
9.29207e-05
16.375
7.97835e-05
16.4062
9.71077e-05
16.4375
0.000103847
16.4688
8.35046e-05
16.5
7.69561e-05
16.5312
7.62784e-05
16.5625
0.000109928
16.5938
7.33888e-05
16.625
7.18016e-05
16.6562
7.69735e-05
16.6875
6.93389e-05
16.7188
6.94892e-05
16.75
6.35752e-05
16.7812
6.03771e-05
16.8125
6.51572e-05
16.8438
7.34073e-05
16.875
7.36042e-05
16.9062
6.20284e-05
16.9375
5.83484e-05
16.9688
6.10619e-05
17
5.63307e-05
17.0312
4.57252e-05
17.0625
4.83249e-05
17.0938
4.32596e-05
17.125
7.26787e-05
17.1562
4.33551e-05
17.1875
4.60512e-05
17.2188
5.93329e-05
17.25
6.35951e-05
17.2812
2.1408e-05
17.3125
3.74134e-05
17.3438
6.69852e-05
17.375
6.94939e-05
17.4062
3.00613e-05
17.4375
3.51807e-05
17.4688
3.94948e-05
17.5
4.79562e-05
17.5312
6.46929e-05
17.5625
3.61593e-05
17.5938
4.61273e-05
17.625
3.97367e-05
17.6562
8.38495e-05
17.6875
4.71492e-05
17.7188
3.90872e-05
17.75
4.64903e-05
17.7812
5.3294e-05
17.8125
8.4812e-05
17.8438
4.3311e-05
17.875
6.91107e-05
17.9062
6.41699e-05
17.9375
6.30137e-05
17.9688
7.01122e-05
18
7.09334e-05
18.0312
6.86941e-05
18.0625
5.91181e-05
18.0938
6.29592e-05
18.125
8.38073e-05
18.1562
7.98443e-05
18.1875
4.5683e-05
18.2188
5.77677e-05
18.25
6.02663e-05
18.2812
7.36245e-05
18.3125
5.32677e-05
18.3438
5.21687e-05
18.375
6.59569e-05
18.4062
7.02828e-05
18.4375
6.74086e-05
18.4688
5.45049e-05
18.5
4.75719e-05
18.5312
8.18996e-05
18.5625
5.61893e-05
18.5938
7.53272e-05
18.625
8.11472e-05
18.6562
9.30142e-05
18.6875
4.91483e-05
18.7188
4.37554e-05
18.75
6.80545e-05
18.7812
0.000117733
18.8125
4.04022e-05
18.8438
4.70634e-05
18.875
4.33569e-05
18.9062
8.28062e-05
18.9375
0.000108358
18.9688
4.56373e-05
19
3.04245e-05
19.0312
5.78031e-05
19.0625
5.46374e-05
19.0938
8.48689e-05
19.125
3.19076e-05
19.1562
3.6804e-05
19.1875
3.97641e-05
19.2188
4.01897e-05
19.25
4.67193e-05
19.2812
7.51576e-05
19.3125
3.88694e-05
19.3438
3.381e-05
19.375
4.45839e-05
19.4062
9.58498e-05
19.4375
6.20434e-05
19.4688
4.62539e-05
19.5
3.52114e-05
19.5312
7.39323e-05
19.5625
4.4222e-05
19.5938
3.87276e-05
19.625
3.7119e-05
19.6562
5.31368e-05
19.6875
8.9132e-05
19.7188
6.74841e-05
19.75
4.81676e-05
19.7812
4.32202e-05
19.8125
6.98923e-05
19.8438
6.21172e-05
19.875
0.000107458
19.9062
5.35986e-05
19.9375
6.04773e-05
19.9688
4.26191e-05
20
7.26389e-05
20.0312
9.37235e-05
20.0625
9.12786e-05
20.0938
4.01104e-05
20.125
4.24749e-05
20.1562
8.05677e-05
20.1875
4.75434e-05
20.2188
0.000103452
20.25
5.36797e-05
20.2812
8.69959e-05
20.3125
5.55921e-05
20.3438
4.00766e-05
20.375
4.12407e-05
20.4062
0.000107378
20.4375
0.000100049
20.4688
4.82634e-05
20.5
5.21638e-05
20.5312
4.21104e-05
20.5625
7.91864e-05
20.5938
8.44749e-05
20.625
4.89326e-05
20.6562
4.35957e-05
20.6875
4.55628e-05
20.7188
5.69825e-05
20.75
6.67599e-05
20.7812
5.88029e-05
20.8125
4.42436e-05
20.8438
4.36659e-05
20.875
5.9848e-05
20.9062
5.10835e-05
20.9375
2.87911e-05
20.9688
0.000101907
21
5.70381e-05
21.0312
7.44382e-05
21.0625
3.96074e-05
21.0938
3.59623e-05
21.125
4.20011e-05
21.1562
0.00012535
21.1875
8.8476e-05
21.2188
4.20133e-05
21.25
5.11688e-05
21.2812
3.86354e-05
21.3125
9.28072e-05
21.3438
0.00012914
21.375
5.20564e-05
21.4062
2.91406e-05
21.4375
4.40824e-05
21.4688
6.79436e-05
21.5
6.20615e-05
21.5312
0.000119254
21.5625
3.64957e-05
21.5938
5.15465e-05
21.625
3.85274e-05
21.6562
4.06971e-05
21.6875
5.8864e-05
21.7188
7.99523e-05
21.75
8.74294e-05
21.7812
3.50304e-05
21.8125
4.8873e-05
21.8438
4.13666e-05
21.875
5.56199e-05
21.9062
9.22164e-05
21.9375
7.10541e-05
21.9688
4.3891e-05
22
3.19767e-05
22.0312
7.65103e-05
22.0625
0.000107373
22.0938
7.44132e-05
22.125
6.37056e-05
22.1562
4.58915e-05
22.1875
6.46563e-05
22.2188
6.46163e-05
22.25
6.81101e-05
22.2812
0.000110517
22.3125
7.59771e-05
22.3438
6.0865e-05
22.375
5.10798e-05
22.4062
5.71502e-05
22.4375
6.06554e-05
22.4688
0.000159939
22.5
7.11396e-05
22.5312
4.74228e-05
22.5625
4.12591e-05
22.5938
3.76257e-05
22.625
0.000103772
22.6562
0.000104525
22.6875
9.81519e-05
22.7188
5.01119e-05
22.75
4.32871e-05
22.7812
9.8828e-05
22.8125
5.2777e-05
22.8438
5.32689e-05
22.875
0.000124382
22.9062
6.71227e-05
22.9375
7.95996e-05
22.9688
6.6928e-05
23
5.63749e-05
23.0312
9.16433e-05
23.0625
6.68205e-05
23.0938
7.12334e-05
23.125
5.21837e-05
23.1562
4.49281e-05
23.1875
7.62401e-05
23.2188
6.80381e-05
23.25
5.62716e-05
23.2812
7.55783e-05
23.3125
5.32493e-05
23.3438
0.000101756
23.375
8.42557e-05
23.4062
9.92291e-05
23.4375
5.89079e-05
23.4688
8.37282e-05
23.5
4.84937e-05
23.5312
4.56603e-05
23.5625
6.73261e-05
23.5938
0.000126598
23.625
7.60218e-05
23.6562
8.76014e-05
23.6875
5.06217e-05
23.7188
6.68754e-05
23.75
5.66066e-05
23.7812
9.15298e-05
23.8125
0.000141146
23.8438
7.15498e-05
23.875
8.97711e-05
23.9062
5.58105e-05
23.9375
3.43365e-05
23.9688
3.8451e-05
24
0.000101008
24.0312
0.000145921
24.0625
6.80194e-05
24.0938
4.88411e-05
24.125
5.6553e-05
24.1562
5.55946e-05
24.1875
9.7315e-05
24.2188
0.000106002
24.25
8.82825e-05
24.2812
4.3318e-05
24.3125
6.56383e-05
24.3438
9.04938e-05
24.375
9.08114e-05
24.4062
7.39146e-05
24.4375
6.05876e-05
24.4688
9.51564e-05
24.5
9.15775e-05
24.5312
0.000114917
24.5625
8.7172e-05
24.5938
4.41132e-05
24.625
4.3666e-05
24.6562
3.8711e-05
24.6875
9.42591e-05
24.7188
0.000124614
24.75
7.87848e-05
24.7812
5.0581e-05
24.8125
3.84502e-05
24.8438
5.43851e-05
24.875
7.14331e-05
24.9062
0.000106076
24.9375
0.000141979
24.9688
9.28397e-05
25
5.27172e-05
25.0312
6.36326e-05
25.0625
0.000108709
25.0938
5.44576e-05
25.125
5.31907e-05
25.1562
0.000159498
25.1875
8.24708e-05
25.2188
0.000103859
25.25
9.85932e-05
25.2812
4.56568e-05
25.3125
5.70796e-05
25.3438
5.8002e-05
25.375
0.000133619
25.4062
0.000146498
25.4375
6.93392e-05
25.4688
5.85043e-05
25.5
5.96786e-05
25.5312
6.3238e-05
25.5625
8.50337e-05
25.5938
8.74616e-05
25.625
0.000126689
25.6562
8.97095e-05
25.6875
7.91147e-05
25.7188
8.62232e-05
25.75
0.000120237
25.7812
9.60415e-05
25.8125
0.000113134
25.8438
0.000124765
25.875
9.78508e-05
25.9062
9.89375e-05
25.9375
0.000108009
25.9688
6.86676e-05
26
6.57703e-05
26.0312
6.7841e-05
26.0625
0.000127399
26.0938
0.000158473
26.125
8.7983e-05
26.1562
7.78477e-05
26.1875
7.55276e-05
26.2188
8.26859e-05
26.25
0.000116134
26.2812
0.000134841
26.3125
0.000179079
26.3438
0.00010595
26.375
0.000100089
26.4062
0.000102664
26.4375
0.000112685
26.4688
6.9904e-05
26.5
6.23695e-05
26.5312
0.000135754
26.5625
0.000114513
26.5938
8.46638e-05
26.625
9.56031e-05
26.6562
0.000103899
26.6875
9.53435e-05
26.7188
0.000106197
26.75
0.000118369
26.7812
0.000182455
26.8125
0.000128975
26.8438
0.000106013
26.875
0.000103152
26.9062
9.12637e-05
26.9375
8.68207e-05
26.9688
8.00889e-05
27
5.63654e-05
27.0312
0.000116028
27.0625
7.76961e-05
27.0938
9.98878e-05
27.125
0.000100918
27.1562
0.000120089
27.1875
0.000149246
27.2188
0.000150619
27.25
0.00012449
27.2812
0.000161275
27.3125
0.000111363
27.3438
9.39455e-05
27.375
7.98798e-05
27.4062
6.73706e-05
27.4375
0.000132524
27.4688
0.000133027
27.5
0.000101105
27.5312
0.000120324
27.5625
0.000108303
27.5938
0.000124392
27.625
0.000116861
27.6562
0.000120377
27.6875
0.000194652
27.7188
0.000154273
27.75
0.000102282
27.7812
9.84028e-05
27.8125
7.91751e-05
27.8438
7.00091e-05
27.875
5.28873e-05
27.9062
6.91928e-05
27.9375
0.000168317
27.9688
0.000129781
28
9.60948e-05
28.0312
9.37445e-05
28.0625
0.000107678
28.0938
0.000100321
28.125
0.000118547
28.1562
0.000109994
28.1875
0.000114457
28.2188
0.000124139
28.25
8.1536e-05
28.2812
7.17747e-05
28.3125
0.000101841
28.3438
9.00986e-05
28.375
0.000103714
28.4062
9.1377e-05
28.4375
0.000101648
28.4688
0.000133588
28.5
8.72821e-05
28.5312
7.9357e-05
28.5625
0.000113643
28.5938
0.000133477
28.625
0.000107962
28.6562
7.06101e-05
28.6875
7.30442e-05
28.7188
8.61285e-05
28.75
6.39667e-05
28.7812
8.56709e-05
28.8125
0.000102161
28.8438
0.000158169
28.875
0.0001285
28.9062
9.84804e-05
28.9375
8.17788e-05
28.9688
7.81681e-05
29
0.000114062
29.0312
6.15955e-05
29.0625
9.16095e-05
29.0938
0.00013846
29.125
0.000146305
29.1562
7.2513e-05
29.1875
5.40288e-05
29.2188
8.5945e-05
29.25
7.62213e-05
29.2812
9.33493e-05
29.3125
7.18419e-05
29.3438
6.36698e-05
29.375
0.000170556
29.4062
9.13343e-05
29.4375
9.49407e-05
29.4688
7.1507e-05
29.5
6.50936e-05
29.5312
6.05897e-05
29.5625
5.78267e-05
29.5938
8.45417e-05
29.625
6.63261e-05
29.6562
0.00014196
29.6875
7.93857e-05
29.7188
8.83643e-05
29.75
9.29022e-05
29.7812
9.12782e-05
29.8125
9.30813e-05
29.8438
8.01567e-05
29.875
8.11544e-05
29.9062
8.18774e-05
29.9375
0.00011238
29.9688
0.000129493
30
